[    0.000000] Initializing cgroup subsys cpuset
[    0.000000] Initializing cgroup subsys cpu
[    0.000000] Initializing cgroup subsys cpuacct
[    0.000000] Linux version 4.4.0-134-generic (buildd@lgw01-amd64-033) (gcc version 5.4.0 20160609 (Ubuntu 5.4.0-6ubuntu1~16.04.10) ) #160-Ubuntu SMP Wed Aug 15 14:58:00 UTC 2018 (Ubuntu 4.4.0-134.160-generic 4.4.140)
[    0.000000] Command line: BOOT_IMAGE=/boot/vmlinuz-4.4.0-134-generic root=LABEL=cloudimg-rootfs ro console=tty1 console=ttyS0
[    0.000000] KERNEL supported cpus:
[    0.000000]   Intel GenuineIntel
[    0.000000]   AMD AuthenticAMD
[    0.000000]   Centaur CentaurHauls
[    0.000000] x86/fpu: xstate_offset[2]:  576, xstate_sizes[2]:  256
[    0.000000] x86/fpu: Supporting XSAVE feature 0x01: 'x87 floating point registers'
[    0.000000] x86/fpu: Supporting XSAVE feature 0x02: 'SSE registers'
[    0.000000] x86/fpu: Supporting XSAVE feature 0x04: 'AVX registers'
[    0.000000] x86/fpu: Enabled xstate features 0x7, context size is 832 bytes, using 'standard' format.
[    0.000000] e820: BIOS-provided physical RAM map:
[    0.000000] BIOS-e820: [mem 0x0000000000000000-0x000000000009fbff] usable
[    0.000000] BIOS-e820: [mem 0x000000000009fc00-0x000000000009ffff] reserved
[    0.000000] BIOS-e820: [mem 0x00000000000f0000-0x00000000000fffff] reserved
[    0.000000] BIOS-e820: [mem 0x0000000000100000-0x000000003ffeffff] usable
[    0.000000] BIOS-e820: [mem 0x000000003fff0000-0x000000003fffffff] ACPI data
[    0.000000] BIOS-e820: [mem 0x00000000fec00000-0x00000000fec00fff] reserved
[    0.000000] BIOS-e820: [mem 0x00000000fee00000-0x00000000fee00fff] reserved
[    0.000000] BIOS-e820: [mem 0x00000000fffc0000-0x00000000ffffffff] reserved
[    0.000000] NX (Execute Disable) protection: active
[    0.000000] SMBIOS 2.5 present.
[    0.000000] Hypervisor detected: KVM
[    0.000000] e820: last_pfn = 0x3fff0 max_arch_pfn = 0x400000000
[    0.000000] MTRR: Disabled
[    0.000000] x86/PAT: MTRRs disabled, skipping PAT initialization too.
[    0.000000] CPU MTRRs all blank - virtualized system.
[    0.000000] x86/PAT: Configuration [0-7]: WB  WT  UC- UC  WB  WT  UC- UC  
[    0.000000] found SMP MP-table at [mem 0x0009fff0-0x0009ffff] mapped at [ffff88000009fff0]
[    0.000000] Scanning 1 areas for low memory corruption
[    0.000000] RAMDISK: [mem 0x3630c000-0x3717dfff]
[    0.000000] ACPI: Early table checksum verification disabled
[    0.000000] ACPI: RSDP 0x00000000000E0000 000024 (v02 VBOX  )
[    0.000000] ACPI: XSDT 0x000000003FFF0030 00003C (v01 VBOX   VBOXXSDT 00000001 ASL  00000061)
[    0.000000] ACPI: FACP 0x000000003FFF00F0 0000F4 (v04 VBOX   VBOXFACP 00000001 ASL  00000061)
[    0.000000] ACPI: DSDT 0x000000003FFF0470 0021FF (v02 VBOX   VBOXBIOS 00000002 INTL 20160108)
[    0.000000] ACPI: FACS 0x000000003FFF0200 000040
[    0.000000] ACPI: FACS 0x000000003FFF0200 000040
[    0.000000] ACPI: APIC 0x000000003FFF0240 00005C (v02 VBOX   VBOXAPIC 00000001 ASL  00000061)
[    0.000000] ACPI: SSDT 0x000000003FFF02A0 0001CC (v01 VBOX   VBOXCPUT 00000002 INTL 20160108)
[    0.000000] No NUMA configuration found
[    0.000000] Faking a node at [mem 0x0000000000000000-0x000000003ffeffff]
[    0.000000] NODE_DATA(0) allocated [mem 0x3ffeb000-0x3ffeffff]
[    0.000000] kvm-clock: Using msrs 4b564d01 and 4b564d00
[    0.000000] kvm-clock: cpu 0, msr 0:3ffe3001, primary cpu clock
[    0.000000] kvm-clock: using sched offset of 3597482268 cycles
[    0.000000] clocksource: kvm-clock: mask: 0xffffffffffffffff max_cycles: 0x1cd42e4dffb, max_idle_ns: 881590591483 ns
[    0.000000] Zone ranges:
[    0.000000]   DMA      [mem 0x0000000000001000-0x0000000000ffffff]
[    0.000000]   DMA32    [mem 0x0000000001000000-0x000000003ffeffff]
[    0.000000]   Normal   empty
[    0.000000]   Device   empty
[    0.000000] Movable zone start for each node
[    0.000000] Early memory node ranges
[    0.000000]   node   0: [mem 0x0000000000001000-0x000000000009efff]
[    0.000000]   node   0: [mem 0x0000000000100000-0x000000003ffeffff]
[    0.000000] Initmem setup node 0 [mem 0x0000000000001000-0x000000003ffeffff]
[    0.000000] ACPI: PM-Timer IO Port: 0x4008
[    0.000000] IOAPIC[0]: apic_id 2, version 32, address 0xfec00000, GSI 0-23
[    0.000000] ACPI: INT_SRC_OVR (bus 0 bus_irq 0 global_irq 2 dfl dfl)
[    0.000000] ACPI: INT_SRC_OVR (bus 0 bus_irq 9 global_irq 9 low level)
[    0.000000] Using ACPI (MADT) for SMP configuration information
[    0.000000] smpboot: Allowing 2 CPUs, 0 hotplug CPUs
[    0.000000] PM: Registered nosave memory: [mem 0x00000000-0x00000fff]
[    0.000000] PM: Registered nosave memory: [mem 0x0009f000-0x0009ffff]
[    0.000000] PM: Registered nosave memory: [mem 0x000a0000-0x000effff]
[    0.000000] PM: Registered nosave memory: [mem 0x000f0000-0x000fffff]
[    0.000000] e820: [mem 0x40000000-0xfebfffff] available for PCI devices
[    0.000000] Booting paravirtualized kernel on KVM
[    0.000000] clocksource: refined-jiffies: mask: 0xffffffff max_cycles: 0xffffffff, max_idle_ns: 7645519600211568 ns
[    0.000000] setup_percpu: NR_CPUS:512 nr_cpumask_bits:512 nr_cpu_ids:2 nr_node_ids:1
[    0.000000] PERCPU: Embedded 34 pages/cpu @ffff88003fc00000 s99544 r8192 d31528 u1048576
[    0.000000] PV qspinlock hash table entries: 256 (order: 0, 4096 bytes)
[    0.000000] Built 1 zonelists in Node order, mobility grouping on.  Total pages: 257912
[    0.000000] Policy zone: DMA32
[    0.000000] Kernel command line: BOOT_IMAGE=/boot/vmlinuz-4.4.0-134-generic root=LABEL=cloudimg-rootfs ro console=tty1 console=ttyS0
[    0.000000] PID hash table entries: 4096 (order: 3, 32768 bytes)
[    0.000000] Memory: 997724K/1048120K available (8554K kernel code, 1314K rwdata, 4004K rodata, 1516K init, 1316K bss, 50396K reserved, 0K cma-reserved)
[    0.000000] SLUB: HWalign=64, Order=0-3, MinObjects=0, CPUs=2, Nodes=1
[    0.000000] Kernel/User page tables isolation: enabled
[    0.000000] Hierarchical RCU implementation.
[    0.000000] 	Build-time adjustment of leaf fanout to 64.
[    0.000000] 	RCU restricting CPUs from NR_CPUS=512 to nr_cpu_ids=2.
[    0.000000] RCU: Adjusting geometry for rcu_fanout_leaf=64, nr_cpu_ids=2
[    0.000000] NR_IRQS:33024 nr_irqs:440 16
[    0.000000] Console: colour VGA+ 80x25
[    0.000000] console [tty1] enabled
[    0.000000] console [ttyS0] enabled
[    0.000000] tsc: Detected 2099.982 MHz processor
[    0.134928] Calibrating delay loop (skipped) preset value.. 4199.96 BogoMIPS (lpj=8399928)
[    0.136388] pid_max: default: 32768 minimum: 301
[    0.137173] ACPI: Core revision 20150930
[    0.138851] ACPI: 2 ACPI AMLtables successfully acquired and loaded
[    0.151506] Security Framework initialized
[    0.152220] Yama: becoming mindful.
[    0.152900] AppArmor: AppArmor initialized
[    0.153712] Dentry cache hash table entries: 131072 (order: 8, 1048576 bytes)
[    0.155748] Inode-cache hash table entries: 65536 (order: 7, 524288 bytes)
[    0.156873] Mount-cache hash table entries: 2048 (order: 2, 16384 bytes)
[    0.157932] Mountpoint-cache hash table entries: 2048 (order: 2, 16384 bytes)
[    0.159187] Initializing cgroup subsys io
[    0.159903] Initializing cgroup subsys memory
[    0.160651] Initializing cgroup subsys devices
[    0.161406] Initializing cgroup subsys freezer
[    0.162163] Initializing cgroup subsys net_cls
[    0.162995] Initializing cgroup subsys perf_event
[    0.163832] Initializing cgroup subsys net_prio
[    0.164600] Initializing cgroup subsys hugetlb
[    0.165356] Initializing cgroup subsys pids
[    0.167044] mce: CPU supports 0 MCE banks
[    0.167858] Last level iTLB entries: 4KB 64, 2MB 8, 4MB 8
[    0.168830] Last level dTLB entries: 4KB 64, 2MB 0, 4MB 0, 1GB 4
[    0.169836] Spectre V2 : Mitigation: Full generic retpoline
[    0.170804] Spectre V2 : Speculation control IBPB not-supported IBRS not-supported
[    0.178840] Speculative Store Bypass: Vulnerable
[    0.182026] Freeing SMP alternatives memory: 32K
[    0.190129] ftrace: allocating 32266 entries in 127 pages
[    0.239657] smpboot: APIC(0) Converting physical 0 to logical package 0
[    0.240690] smpboot: Max logical packages: 1
[    0.241659] x2apic enabled
[    0.242478] Switched APIC routing to physical x2apic.
[    0.244372] ..TIMER: vector=0x30 apic1=0 pin1=2 apic2=-1 pin2=-1
[    0.350745] smpboot: CPU0: Intel(R) Xeon(R) CPU E5-2620 v4 @ 2.10GHz (family: 0x6, model: 0x4f, stepping: 0x1)
[    0.352910] Performance Events: unsupported p6 CPU model 79 no PMU driver, software events only.
[    0.354826] KVM setup paravirtual spinlock
[    0.356311] x86: Booting SMP configuration:
[    0.357174] .... node  #0, CPUs:      #1
[    0.358362] kvm-clock: cpu 1, msr 0:3ffe3041, secondary cpu clock
[    0.360924] mce: CPU supports 0 MCE banks
[    0.363895] x86: Booted up 1 node, 2 CPUs
[    0.364894] smpboot: Total of 2 processors activated (8399.92 BogoMIPS)
[    0.366600] devtmpfs: initialized
[    0.368663] evm: security.selinux
[    0.369348] evm: security.SMACK64
[    0.370031] evm: security.SMACK64EXEC
[    0.370776] evm: security.SMACK64TRANSMUTE
[    0.371618] evm: security.SMACK64MMAP
[    0.372362] evm: security.ima
[    0.373043] evm: security.capability
[    0.373985] clocksource: jiffies: mask: 0xffffffff max_cycles: 0xffffffff, max_idle_ns: 7645041785100000 ns
[    0.375818] futex hash table entries: 512 (order: 3, 32768 bytes)
[    0.377043] pinctrl core: initialized pinctrl subsystem
[    0.378123] RTC time:  1:01:30, date: 09/12/18
[    0.379141] NET: Registered protocol family 16
[    0.390540] cpuidle: using governor ladder
[    0.402166] cpuidle: using governor menu
[    0.403129] PCCT header not found.
[    0.403883] ACPI: bus type PCI registered
[    0.404607] acpiphp: ACPI Hot Plug PCI Controller Driver version: 0.5
[    0.405814] PCI: Using configuration type 1 for base access
[    0.419237] ACPI: Added _OSI(Module Device)
[    0.420029] ACPI: Added _OSI(Processor Device)
[    0.420842] ACPI: Added _OSI(3.0 _SCP Extensions)
[    0.421706] ACPI: Added _OSI(Processor Aggregator Device)
[    0.469077] ACPI: Executed 1 blocks of module-level executable AML code
[    0.487651] ACPI: Interpreter enabled
[    0.488450] ACPI: (supports S0 S5)
[    0.489094] ACPI: Using IOAPIC for interrupt routing
[    0.490075] PCI: Using host bridge windows from ACPI; if necessary, use "pci=nocrs" and report a bug
[    0.496134] ACPI: PCI Root Bridge [PCI0] (domain 0000 [bus 00-ff])
[    0.497337] acpi PNP0A03:00: _OSC: OS supports [ASPM ClockPM Segments MSI]
[    0.498729] acpi PNP0A03:00: _OSC: not requesting OS control; OS requires [ExtendedConfig ASPM ClockPM MSI]
[    0.500706] acpi PNP0A03:00: fail to add MMCONFIG information, can't access extended PCI configuration space under this bridge.
[    0.503222] PCI host bridge to bus 0000:00
[    0.504118] pci_bus 0000:00: root bus resource [io  0x0000-0x0cf7 window]
[    0.505394] pci_bus 0000:00: root bus resource [io  0x0d00-0xffff window]
[    0.506679] pci_bus 0000:00: root bus resource [mem 0x000a0000-0x000bffff window]
[    0.508346] pci_bus 0000:00: root bus resource [mem 0x40000000-0xfdffffff window]
[    0.509770] pci_bus 0000:00: root bus resource [bus 00-ff]
[    0.512188] pci 0000:00:01.1: legacy IDE quirk: reg 0x10: [io  0x01f0-0x01f7]
[    0.513393] pci 0000:00:01.1: legacy IDE quirk: reg 0x14: [io  0x03f6]
[    0.514578] pci 0000:00:01.1: legacy IDE quirk: reg 0x18: [io  0x0170-0x0177]
[    0.515851] pci 0000:00:01.1: legacy IDE quirk: reg 0x1c: [io  0x0376]
[    0.537541] pci 0000:00:07.0: quirk: [io  0x4000-0x403f] claimed by PIIX4 ACPI
[    0.548077] pci 0000:00:07.0: quirk: [io  0x4100-0x410f] claimed by PIIX4 SMB
[    0.560718] ACPI: PCI Interrupt Link [LNKA] (IRQs 5 9 10 *11)
[    0.562272] ACPI: PCI Interrupt Link [LNKB] (IRQs 5 9 *10 11)
[    0.644509] ACPI: PCI Interrupt Link [LNKC] (IRQs 5 *9 10 11)
[    0.708128] ACPI: PCI Interrupt Link [LNKD] (IRQs 5 9 10 *11)
[    0.789338] ACPI: Enabled 2 GPEs in block 00 to 07
[    0.904334] vgaarb: setting as boot device: PCI:0000:00:02.0
[    1.053335] vgaarb: device added: PCI:0000:00:02.0,decodes=io+mem,owns=io+mem,locks=none
[    1.054975] vgaarb: loaded
[    1.055597] vgaarb: bridge control possible 0000:00:02.0
[    1.056785] SCSI subsystem initialized
[    1.057716] ACPI: bus type USB registered
[    1.058567] usbcore: registered new interface driver usbfs
[    1.059582] usbcore: registered new interface driver hub
[    1.060543] usbcore: registered new device driver usb
[    1.062491] PCI: Using ACPI for IRQ routing
[    1.063564] NetLabel: Initializing
[    1.064283] NetLabel:  domain hash size = 128
[    1.065086] NetLabel:  protocols = UNLABELED CIPSOv4
[    1.065948] NetLabel:  unlabeled traffic allowed by default
[    1.067143] amd_nb: Cannot enumerate AMD northbridges
[    1.068244] clocksource: Switched to clocksource kvm-clock
[    1.075894] AppArmor: AppArmor Filesystem Enabled
[    1.076850] pnp: PnP ACPI init
[    1.078200] pnp: PnP ACPI: found 3 devices
[    1.089607] clocksource: acpi_pm: mask: 0xffffff max_cycles: 0xffffff, max_idle_ns: 2085701024 ns
[    1.091689] NET: Registered protocol family 2
[    1.092926] TCP established hash table entries: 8192 (order: 4, 65536 bytes)
[    1.094351] TCP bind hash table entries: 8192 (order: 5, 131072 bytes)
[    1.095781] TCP: Hash tables configured (established 8192 bind 8192)
[    1.097297] UDP hash table entries: 512 (order: 2, 16384 bytes)
[    1.098748] UDP-Lite hash table entries: 512 (order: 2, 16384 bytes)
[    1.100348] NET: Registered protocol family 1
[    1.101527] pci 0000:00:00.0: Limiting direct PCI/PCI transfers
[    1.102954] pci 0000:00:01.0: Activating ISA DMA hang workarounds
[    1.104627] Unpacking initramfs...
[    1.383151] Freeing initrd memory: 14792K
[    1.393986] platform rtc_cmos: registered platform RTC device (no PNP device found)
[    1.395912] Scanning for low memory corruption every 60 seconds
[    1.397780] audit: initializing netlink subsys (disabled)
[    1.399052] audit: type=2000 audit(1536714096.651:1): initialized
[    1.400752] Initialise system trusted keyring
[    1.402060] HugeTLB registered 2 MB page size, pre-allocated 0 pages
[    1.405278] zbud: loaded
[    1.406520] VFS: Disk quotas dquot_6.6.0
[    1.407591] VFS: Dquot-cache hash table entries: 512 (order 0, 4096 bytes)
[    1.409412] squashfs: version 4.0 (2009/01/31) Phillip Lougher
[    1.411103] fuse init (API version 7.23)
[    1.412254] Key type big_key registered
[    1.413292] Allocating IMA MOK and blacklist keyrings.
[    1.415779] Key type asymmetric registered
[    1.416836] Asymmetric key parser 'x509' registered
[    1.418027] Block layer SCSI generic (bsg) driver version 0.4 loaded (major 249)
[    1.419934] io scheduler noop registered
[    1.420957] io scheduler deadline registered (default)
[    1.422188] io scheduler cfq registered
[    1.423303] pci_hotplug: PCI Hot Plug PCI Core version: 0.5
[    1.424581] pciehp: PCI Express Hot Plug Controller Driver version: 0.4
[    1.426213] ACPI: AC Adapter [AC] (on-line)
[    1.427323] input: Power Button as /devices/LNXSYSTM:00/LNXPWRBN:00/input/input0
[    1.429171] ACPI: Power Button [PWRF]
[    1.430195] input: Sleep Button as /devices/LNXSYSTM:00/LNXSLPBN:00/input/input1
[    1.432031] ACPI: Sleep Button [SLPF]
[    1.433274] GHES: HEST is not enabled!
[    1.434350] Serial: 8250/16550 driver, 32 ports, IRQ sharing enabled
[    1.458195] 00:02: ttyS0 at I/O 0x3f8 (irq = 4, base_baud = 115200) is a 16550A
[    1.461469] Linux agpgart interface v0.103
[    1.464778] loop: module loaded
[    1.466439] scsi host0: ata_piix
[    1.467560] scsi host1: ata_piix
[    1.468477] ata1: PATA max UDMA/33 cmd 0x1f0 ctl 0x3f6 bmdma 0xd000 irq 14
[    1.469998] ata2: PATA max UDMA/33 cmd 0x170 ctl 0x376 bmdma 0xd008 irq 15
[    1.471853] libphy: Fixed MDIO Bus: probed
[    1.472927] tun: Universal TUN/TAP device driver, 1.6
[    1.474106] tun: (C) 1999-2004 Max Krasnyansky <maxk@qualcomm.com>
[    1.475531] PPP generic driver version 2.4.2
[    1.476640] ehci_hcd: USB 2.0 'Enhanced' Host Controller (EHCI) Driver
[    1.478129] ehci-pci: EHCI PCI platform driver
[    1.479248] ehci-platform: EHCI generic platform driver
[    1.480468] ohci_hcd: USB 1.1 'Open' Host Controller (OHCI) Driver
[    1.481860] ohci-pci: OHCI PCI platform driver
[    1.482978] ohci-platform: OHCI generic platform driver
[    1.484197] uhci_hcd: USB Universal Host Controller Interface driver
[    1.485691] i8042: PNP: PS/2 Controller [PNP0303:PS2K,PNP0f03:PS2M] at 0x60,0x64 irq 1,12
[    1.488234] serio: i8042 KBD port at 0x60,0x64 irq 1
[    1.489433] serio: i8042 AUX port at 0x60,0x64 irq 12
[    1.490734] mousedev: PS/2 mouse device common for all mice
[    1.494251] rtc_cmos rtc_cmos: rtc core: registered rtc_cmos as rtc0
[    1.495752] rtc_cmos rtc_cmos: alarms up to one day, 114 bytes nvram
[    1.497235] input: AT Translated Set 2 keyboard as /devices/platform/i8042/serio0/input/input2
[    1.499329] i2c /dev entries driver
[    1.500395] device-mapper: uevent: version 1.0.3
[    1.501600] device-mapper: ioctl: 4.34.0-ioctl (2015-10-28) initialised: dm-devel@redhat.com
[    1.503654] ledtrig-cpu: registered to indicate activity on CPUs
[    1.505569] NET: Registered protocol family 10
[    1.506929] NET: Registered protocol family 17
[    1.508026] Key type dns_resolver registered
[    1.509368] registered taskstats version 1
[    1.510405] Loading compiled-in X.509 certificates
[    1.512362] Loaded X.509 cert 'Build time autogenerated kernel key: 4eb3d024ac16f76c1747ffd474694c84db21038b'
[    1.514649] zswap: loaded using pool lzo/zbud
[    1.519537] Key type trusted registered
[    1.527441] Key type encrypted registered
[    1.528452] AppArmor: AppArmor sha1 policy hashing enabled
[    1.529726] ima: No TPM chip found, activating TPM-bypass!
[    1.530978] ima: Allocated hash algorithm: sha1
[    1.532075] evm: HMAC attrs: 0x1
[    1.533382]   Magic number: 2:982:2
[    1.534445] rtc_cmos rtc_cmos: setting system clock to 2018-09-12 01:01:32 UTC (1536714092)
[    1.536702] BIOS EDD facility v0.16 2004-Jun-25, 0 devices found
[    1.538029] EDD information not available.
[    1.626216] Freeing unused kernel memory: 1516K
[    1.627483] Write protecting the kernel read-only data: 14336k
[    1.631110] Freeing unused kernel memory: 1672K
[    1.633598] Freeing unused kernel memory: 92K
Loading, please wait...
starting version 229
[    1.664914] random: systemd-udevd: uninitialized urandom read (16 bytes read, 3 bits of entropy available)
[    1.666338] random: udevadm: uninitialized urandom read (16 bytes read, 3 bits of entropy available)
[    1.666389] random: udevadm: uninitialized urandom read (16 bytes read, 3 bits of entropy available)
[    1.676363] random: systemd-udevd: uninitialized urandom read (16 bytes read, 3 bits of entropy available)
[    1.680207] random: systemd-udevd: uninitialized urandom read (16 bytes read, 3 bits of entropy available)
[    1.682753] random: udevadm: uninitialized urandom read (16 bytes read, 3 bits of entropy available)
[    1.682837] random: udevadm: uninitialized urandom read (16 bytes read, 3 bits of entropy available)
[    1.683122] random: udevadm: uninitialized urandom read (16 bytes read, 3 bits of entropy available)
[    1.683219] random: udevadm: uninitialized urandom read (16 bytes read, 3 bits of entropy available)
[    1.683314] random: udevadm: uninitialized urandom read (16 bytes read, 3 bits of entropy available)
[    1.749927] e1000: Intel(R) PRO/1000 Network Driver - version 7.3.21-k8-NAPI
[    1.751547] e1000: Copyright (c) 1999-2006 Intel Corporation.
[    1.755662] Fusion MPT base driver 3.04.20
[    1.756785] Copyright (c) 1999-2008 LSI Corporation
[    1.764667] Fusion MPT SPI Host driver 3.04.20
[    1.787776] AVX2 version of gcm_enc/dec engaged.
[    1.788974] AES CTR mode by8 optimization enabled
[    1.982448] input: ImExPS/2 Generic Explorer Mouse as /devices/platform/i8042/serio1/input/input4
[    2.392298] tsc: Refined TSC clocksource calibration: 2099.456 MHz
[    2.393751] clocksource: tsc: mask: 0xffffffffffffffff max_cycles: 0x1e432e8062f, max_idle_ns: 440795236744 ns
[    2.417599] e1000 0000:00:03.0 eth0: (PCI:33MHz:32-bit) 02:1d:76:b3:3c:fe
[    2.419955] e1000 0000:00:03.0 eth0: Intel(R) PRO/1000 Network Connection
[    2.423824] mptbase: ioc0: Initiating bringup
[    2.503338] ioc0: LSI53C1030 A0: Capabilities={Initiator}
[    2.794641] scsi host2: ioc0: LSI53C1030 A0, FwRev=00000000h, Ports=1, MaxQ=256, IRQ=20
[    3.393419] scsi 2:0:0:0: Direct-Access     VBOX     HARDDISK         1.0  PQ: 0 ANSI: 5
[    3.396682] scsi target2:0:0: Beginning Domain Validation
[    3.400460] scsi target2:0:0: Domain Validation skipping write tests
[    3.402572] scsi target2:0:0: Ending Domain Validation
[    3.404495] scsi target2:0:0: asynchronous
[    3.406601] scsi 2:0:1:0: Direct-Access     VBOX     HARDDISK         1.0  PQ: 0 ANSI: 5
[    3.409364] scsi target2:0:1: Beginning Domain Validation
[    3.412364] scsi target2:0:1: Domain Validation skipping write tests
[    3.414308] scsi target2:0:1: Ending Domain Validation
[    3.417301] scsi target2:0:1: asynchronous
[    3.429480] sd 2:0:0:0: Attached scsi generic sg0 type 0
[    3.431302] sd 2:0:0:0: [sda] 20971520 512-byte logical blocks: (10.7 GB/10.0 GiB)
[    3.452845] sd 2:0:1:0: [sdb] 20480 512-byte logical blocks: (10.5 MB/10.0 MiB)
[    3.455409] sd 2:0:1:0: Attached scsi generic sg1 type 0
[    3.457324] sd 2:0:1:0: [sdb] Write Protect is off
[    3.458987] sd 2:0:1:0: [sdb] Incomplete mode parameter data
[    3.460541] sd 2:0:1:0: [sdb] Assuming drive cache: write through
[    3.462152] sd 2:0:0:0: [sda] Write Protect is off
[    3.464209] sd 2:0:0:0: [sda] Incomplete mode parameter data
[    3.465785] sd 2:0:0:0: [sda] Assuming drive cache: write through
[    3.497536]  sda: sda1
[    3.500089] sd 2:0:0:0: [sda] Attached SCSI disk
[    3.504436] sd 2:0:1:0: [sdb] Attached SCSI disk
[    3.768002] e1000 0000:00:08.0 eth1: (PCI:33MHz:32-bit) 08:00:27:39:af:9e
[    3.770368] e1000 0000:00:08.0 eth1: Intel(R) PRO/1000 Network Connection
[    3.774186] e1000 0000:00:08.0 enp0s8: renamed from eth1
[    3.784700] e1000 0000:00:03.0 enp0s3: renamed from eth0
Begin: Loading essential drivers ... [    5.288536] md: linear personality registered for level -1
[    5.295703] md: multipath personality registered for level -4
[    5.302497] md: raid0 personality registered for level 0
[    5.309746] md: raid1 personality registered for level 1
[    5.384323] raid6: sse2x1   gen()  5075 MB/s
[    5.452314] raid6: sse2x1   xor()  4853 MB/s
[    5.520297] raid6: sse2x2   gen()  8406 MB/s
[    5.588314] raid6: sse2x2   xor()  5497 MB/s
[    5.656276] raid6: sse2x4   gen()  9677 MB/s
[    5.728297] raid6: sse2x4   xor()  6796 MB/s
[    5.796309] raid6: avx2x1   gen() 12930 MB/s
[    5.864316] raid6: avx2x2   gen() 15444 MB/s
[    5.932316] raid6: avx2x4   gen() 17283 MB/s
[    5.933358] raid6: using algorithm avx2x4 gen() 17283 MB/s
[    5.934582] raid6: using avx2x2 recovery algorithm
[    5.938350] xor: automatically using best checksumming function:
[    5.992869]    avx       : 26120.000 MB/sec
[    5.996428] async_tx: api initialized (async)
[    6.012041] md: raid6 personality registered for level 6
[    6.014029] md: raid5 personality registered for level 5
[    6.015946] md: raid4 personality registered for level 4
[    6.027422] md: raid10 personality registered for level 10
done.
Begin: Running /scripts/init-premount ... done.
Begin: Mounting root file system ... Begin: Running /scripts/local-top ... done.
Begin: Running /scripts/local-premount ... [    6.078188] Btrfs loaded
Scanning for Btrfs filesystems
done.
Warning: fsck not present, so skipping root file system
[    6.148055] EXT4-fs (sda1): mounted filesystem with ordered data mode. Opts: (null)
done.
Begin: Running /scripts/local-bottom ... done.
Begin: Running /scripts/init-bottom ... done.
[    6.520136] systemd[1]: systemd 229 running in system mode. (+PAM +AUDIT +SELINUX +IMA +APPARMOR +SMACK +SYSVINIT +UTMP +LIBCRYPTSETUP +GCRYPT +GNUTLS +ACL +XZ -LZ4 +SECCOMP +BLKID +ELFUTILS +KMOD -IDN)
[    6.908072] systemd[1]: Detected virtualization oracle.
[    6.909366] systemd[1]: Detected architecture x86-64.

Welcome to [1mUbuntu 16.04.5 LTS[0m!

[    6.936858] systemd[1]: Set hostname to <ubuntu>.
[    6.959979] systemd[1]: Initializing machine ID from random generator.
[    6.961584] systemd[1]: Installed transient /etc/machine-id file.
[    7.259911] systemd[1]: Listening on udev Kernel Socket.
[[0;32m  OK  [0m] Listening on udev Kernel Socket.
[    7.263799] systemd[1]: Listening on Syslog Socket.
[[0;32m  OK  [0m] Listening on Syslog Socket.
[    7.267730] systemd[1]: Created slice User and Session Slice.
[[0;32m  OK  [0m] Created slice User and Session Slice.
[    7.271662] systemd[1]: Listening on Journal Audit Socket.
[[0;32m  OK  [0m] Listening on Journal Audit Socket.
[    7.275400] systemd[1]: Reached target Encrypted Volumes.
[[0;32m  OK  [0m] Reached target Encrypted Volumes.
[    7.279100] systemd[1]: Reached target Swap.
[[0;32m  OK  [0m] Reached target Swap.
[    7.282686] systemd[1]: Created slice System Slice.
[[0;32m  OK  [0m] Created slice System Slice.
[    7.286072] systemd[1]: Reached target Slices.
[[0;32m  OK  [0m] Reached target Slices.
[    7.289176] systemd[1]: Reached target User and Group Name Lookups.
[[0;32m  OK  [0m] Reached target User and Group Name Lookups.
[    7.292998] systemd[1]: Listening on LVM2 metadata daemon socket.
[[0;32m  OK  [0m] Listening on LVM2 metadata daemon socket.
[    7.296741] systemd[1]: Listening on udev Control Socket.
[[0;32m  OK  [0m] Listening on udev Control Socket.
[    7.300222] systemd[1]: Listening on Journal Socket.
[[0;32m  OK  [0m] Listening on Journal Socket.
[    7.316469] systemd[1]: Mounting Huge Pages File System...
         Mounting Huge Pages File System...
[    7.321190] systemd[1]: Mounting Debug File System...
         Mounting Debug File System...
[    7.324216] random: nonblocking pool is initialized
[    7.325557] systemd[1]: Starting Create list of required static device nodes for the current kernel...
         Starting Create list of required st... nodes for the current kernel...
[    7.333422] systemd[1]: Starting Set console keymap...
         Starting Set console keymap...
[    7.337114] systemd[1]: Listening on Journal Socket (/dev/log).
[[0;32m  OK  [0m] Listening on Journal Socket (/dev/log).
[    7.342119] systemd[1]: Started Trigger resolvconf update for networkd DNS.
[[0;32m  OK  [0m] Started Trigger resolvconf update for networkd DNS.
[    7.346451] systemd[1]: Created slice system-serial\x2dgetty.slice.
[[0;32m  OK  [0m] Created slice system-serial\x2dgetty.slice.
[    7.350955] systemd[1]: Starting Uncomplicated firewall...
         Starting Uncomplicated firewall...
[    7.354006] systemd[1]: Reached target System Time Synchronized.
[[0;32m  OK  [0m] Reached target System Time Synchronized.
[    7.357455] systemd[1]: Started Forward Password Requests to Wall Directory Watch.
[[0;32m  OK  [0m] Started Forward Password Requests to Wall Directory Watch.
[    7.361665] systemd[1]: Listening on Device-mapper event daemon FIFOs.
[[0;32m  OK  [0m] Listening on Device-mapper event daemon FIFOs.
[    7.366043] systemd[1]: Starting Monitoring of LVM2 mirrors, snapshots etc. using dmeventd or progress polling...
         Starting Monitoring of LVM2 mirrors... dmeventd or progress polling...
[    7.370567] systemd[1]: Listening on /dev/initctl Compatibility Named Pipe.
[[0;32m  OK  [0m] Listening on /dev/initctl Compatibility Named Pipe.
[    7.374992] systemd[1]: Mounting POSIX Message Queue File System...
         Mounting POSIX Message Queue File System...
[    7.378134] systemd[1]: Listening on LVM2 poll daemon socket.
[[0;32m  OK  [0m] Listening on LVM2 poll daemon socket.
[    7.390487] systemd[1]: Starting Load Kernel Modules...
         Starting Load Kernel Modules...
[    7.394102] systemd[1]: Starting Journal Service...
         Starting Journal Service...
[    7.397411] systemd[1]: Starting Nameserver information manager...
         Starting Nameserver information manager...
[    7.403261] systemd[1]: Set up automount Arbitrary Executable File Formats File System Automount Point.
[[0;32m  OK  [0m] Set up automount Arbitrary Executab...ats File System Automount Point.
[    7.413242] systemd[1]: Starting Remount Root and Kernel File Systems...
         Starting Remount Root and Kernel File Systems...
[    7.419070] systemd[1]: Mounted Debug File System.
[[0;32m  OK  [0m] Mounted Debug File System.
[    7.421900] systemd[1]: Mounted Huge Pages File System.
[[0;32m  OK  [0m] Mounted Huge Pages File System.
[    7.424768] systemd[1]: Mounted POSIX Message Queue File System.
[[0;32m  OK  [0m] Mounted POSIX Message Queue File System.
[    7.428241] systemd[1]: Started Create list of required static device nodes for the current kernel.
[[0;32m  OK  [0m] Started Create list of required sta...ce nodes for the current kernel.
[    7.433137] systemd[1]: Started Set console keymap.
[[0;32m  OK  [0m] Started Set console keymap.
[    7.436170] systemd[1]: Started Uncomplicated firewall.
[    7.437352] EXT4-fs (sda1): re-mounted. Opts: (null)
[[0;32m  OK  [0m] Started Uncomplicated firewall.
[    7.443351] Loading iSCSI transport class v2.0-870.
[    7.457107] systemd[1]: Started Remount Root and Kernel File Systems.
[[0;32m  OK  [0m] Started Remount Root and Kernel File Systems.
[    7.468084] systemd[1]: Started Nameserver information manager.
[[0;32m  OK  [0m] Started Nameserver information manager.
[    7.471337] iscsi: registered transport (tcp)
[    7.481383] systemd[1]: Started Journal Service.
[[0;32m  OK  [0m] Started Journal Service.
[[0;32m  OK  [0[    7.533195] iscsi: registered transport (iser)
m] Started LVM2 metadata daemon.
         Starting Load/Save Random Seed...
         Starting Flush Journal to Persistent Storage...
         Starting udev Coldplug all Devices...
         Starting Create Static Device Nodes in /dev...
[[0;32m  OK  [0m] Started Load Kernel Modules.
[[0;32m  OK  [0m] Started Load/Save Random Seed.
[    7.575572] systemd-journald[393]: Received request to flush runtime journal from PID 1
         Mounting FUSE Control File System...
         Starting Apply Kernel Variables...
[[0;32m  OK  [0m] Mounted FUSE Control File System.
[[0;32m  OK  [0m] Started Flush Journal to Persistent Storage.
[[0;32m  OK  [0m] Started Apply Kernel Variables.
[[0;32m  OK  [0m] Started Create Static Device Nodes in /dev.
         Starting udev Kernel Device Manager...
[[0;32m  OK  [0m] Started udev Coldplug all Devices.
[[0;32m  OK  [0m] Started Monitoring of LVM2 mirrors,...ng dmeventd or progress polling.
[[0;32m  OK  [0m] Started udev Kernel Device Manager.
[[0;32m  OK  [0m] Started Dispatch Password Requests to Console Directory Watch.
[[0;32m  OK  [0m] Reached target Local File Systems (Pre).
[[0;32m  OK  [0m] Reached target Local File Systems.
         Starting Tell Plymouth To Write Out Runtime Data...
         Starting Initial cloud-init job (pre-networking)...
         Starting LSB: AppArmor initialization...
         Starting Commit a transient machine-id on disk...
         Starting Create Volatile Files and Directories...
         Starting Set console font and keymap...
[[0;32m  OK  [0m] Started Create Volatile Files and Directories.
[[0;32m  OK  [0m] Started Tell Plymouth To Write Out Runtime Data.
         Starting Update UTMP about System Boot/Shutdown...
[[0;32m  OK  [0m] Started Commit a transient machine-id on disk.
[[0;32m  OK  [0m] Started Update UTMP about System Boot/Shutdown.
[[0;32m  OK  [0m] Found device /dev/ttyS0.
[[0;32m  OK  [0m] Listening on Load/Save RF Kill Switch Status /dev/rfkill Watch.
[[0;32m  OK  [0m] Started LSB: AppArmor initialization.
[[0;32m  OK  [0m] Started Set console font and keymap.
[[0;32m  OK  [0m] Created slice system-getty.slice.
[    8.727171] cloud-init[483]: Cloud-init v. 18.3-9-g2e62cb8a-0ubuntu1~16.04.2 running 'init-local' at Wed, 12 Sep 2018 01:01:40 +0000. Up 8.40 seconds.
[[0;32m  OK  [0m] Started Initial cloud-init job (pre-networking).
[[0;32m  OK  [0m] Reached target Network (Pre).
         Starting Raise network interfaces...
[[0;32m  OK  [0m] Started Raise network interfaces.
         Starting Initial cloud-init job (metadata service crawler)...
[[0;32m  OK  [0m] Reached target Network.
[   10.689527] cloud-init[948]: Cloud-init v. 18.3-9-g2e62cb8a-0ubuntu1~16.04.2 running 'init' at Wed, 12 Sep 2018 01:01:41 +0000. Up 9.40 seconds.
[   10.714570] cloud-init[948]: ci-info: ++++++++++++++++++++++++++++++++++++++Net device info+++++++++++++++++++++++++++++++++++++++
[   10.717794] cloud-init[948]: ci-info: +--------+-------+----------------------------+---------------+--------+-------------------+
[   10.720953] cloud-init[948]: ci-info: | Device |   Up  |          Address           |      Mask     | Scope  |     Hw-Address    |
[   10.724090] cloud-init[948]: ci-info: +--------+-------+----------------------------+---------------+--------+-------------------+
[   10.727244] cloud-init[948]: ci-info: | enp0s3 |  True |         10.0.2.15          | 255.255.255.0 | global | 02:1d:76:b3:3c:fe |
[   10.730219] cloud-init[948]: ci-info: | enp0s3 |  True | fe80::1d:76ff:feb3:3cfe/64 |       .       |  link  | 02:1d:76:b3:3c:fe |
[   10.733228] cloud-init[948]: ci-info: | enp0s8 | False |             .              |       .       |   .    | 08:00:27:39:af:9e |
[   10.739900] cloud-init[948]: ci-info: |   lo   |  True |         127.0.0.1          |   255.0.0.0   |  host  |         .         |
[   10.742905] cloud-init[948]: ci-info: |   lo   |  True |          ::1/128           |       .       |  host  |         .         |[[0;32m  OK  [0m] Started Initial cloud-init job (metadata service crawler).
[[0;32m  OK  [0m] Reached target Cloud-config availability.
[[0;32m  OK  [0m] Reached target System Initialization.

[   10.748461]          Starting LXD - unix socket.
[[0;32m  OK  [0m] Started Daily apt download activities.
cloud-init[948]: ci-info: +--------+-------+----------------------------+---------------+--------+-------------------+
[   10.752738] [[0;32m  OK  [0m] Started ACPI Events Check.
[[0;32m  OK  [0m] Reached target Paths.
[[0;32m  OK  [0m] Listening on ACPID Listen Socket.
         Starting Socket activation for snappy daemon.
[[0;32m  OK  [0m] Started Daily apt upgrade and clean activities.
[[0;32m  OK  [0m] Listening on UUID daemon activation socket.
[[0;32m  OK  [0m] Listening on D-Bus System Message Bus Socket.
[[0;32m  OK  [0m] Started Daily Cleanup of Temporary Directories.
[[0;32m  OK  [0m] Reached target Timers.
[[0;32m  OK  [0m] Reached target Network is Online.
cloud-init[948]: ci-info: +++++++++++++++++++++++++++Route IPv4 info++++++++++++++++++++++++++++
[   10.762181] cloud-init[948]: ci-info: +-------+-------------+----------+---------------+-----------+-------+
[   10.765446] cloud-init[948]: ci-info: | Route | Destination | Gateway  |    Genmask    | Interface | Flags |
[   10.767864]          Starting iSCSI initiator daemon (iscsid)...
cloud-init[[0;32m  OK  [0m] Listening on LXD - unix socket.
[[0;32m  OK  [0m] Listening on Socket activation for snappy daemon.
[948]: ci-info: +-------+-------------+----------+---------------+-----------+-------+[[0;32m  OK  [0m] Reached target Sockets.
[[0;32m  OK  [0m] Reached target Basic System.

[[0;32m  OK  [0m] Started ACPI event daemon.
[   10.774992] cloud-init[948]: ci-info: |   0   |   0.0.0.0   | 10.0.2.2 |    0.0.0.0    |   enp0s3  |   UG  |[[0;32m  OK  [0m] Started D-Bus System Message Bus.

[   10.779790] cloud-init[948]: ci-info: |   1   |   10.0.2.0  | 0.0.0.0  | 255.255.255.0 |   enp0s3  |   U   |
[   10.782136] cloud-init[948]: ci-info: +-------+-------------+----------+---------------+-----------+-------+
[   10.784438] cloud-init[948]: ci-info: +++++++++++++++++++Route IPv6 info+++++++++++++++++++
[   10.786504] cloud-init[948]: ci-info: +-------+-------------+---------+-----------+-------+
[   10.788657] cloud-init[948]: ci-info: | Route | Destination | Gateway | Interface | Flags |
[   10.790760] cloud-init[948]: ci-info: +-------+-------------+---------+-----------+-------+
[   10.792860] cloud-init[948]: ci-info: |   0   |  fe80::/64  |    ::   |   enp0s3  |   U   |
[   10.795274] cloud-init[948]: ci-info: |   3   |   ff00::/8  |    ::   |   enp0s3  |   U   |
[   10.797307] cloud-init[948]: ci-info: +-------+-------------+---------+-----------+-------+
[   10.799352] cloud-init[948]: Generating public/private rsa key pair.
[   10.801119] cloud-init[948]: Your identification has been saved in /etc/ssh/ssh_host_rsa_key.
[   10.803416] cloud-init[948]: Your public key has been saved in /etc/ssh/ssh_host_rsa_key.pub.
[   10.805469] cloud-init[948]: The key fingerprint is:
[   10.807054] cloud-init[948]: SHA256:4KOg7blJRph1wiN+/n4V5wKpeYY9v0QkQySYhFNhvQI root@ubuntu-xenial
[   10.809045] cloud-init[948]: The key's randomart image is:
[   10.810585] cloud-init[948]: +---[RSA 2048]----+
[   10.812367] cloud-init[948]: |  +==..o         |
[   10.813860] cloud-init[948]: | E.o .o          |
[   10.815314] cloud-init[948]: |. B . oo..       |
[   10.816801] cloud-init[948]: |.= = o ++. .     |
[   10.818243] cloud-init[948]: |o.o.. B S.+      |
[   10.819830] cloud-init[948]: | +o. = *.o .     |
[   10.821311] cloud-init[948]: |. +.. o +..      |
[   10.822757] cloud-init[948]: | + o.  ...       |
[   10.824221] cloud-init[948]: |  =..o.  ..      |
[   10.825683] cloud-init[948]: +----[SHA256]-----+
[   10.827410] cloud-init[948]: Generating public/private dsa key pair.
[   10.829096] cloud-init[948]: Your identification has been saved in /etc/ssh/ssh_host_dsa_key.
[   10.831006] cloud-init[948]: Your public key has been saved in /etc/ssh/ssh_host_dsa_key.pub.
[   10.832931] cloud-init[948]: The key fingerprint is:
[   10.834403] cloud-init[948]: SHA256:ItfKSmAgdyxwTZHgU5EWVhDwBTcjK0azPn3WsxbfOVw root@ubuntu-xenial
[   10.836382] cloud-init[948]: The key's randomart image is:
[   10.838299] cloud-init[948]: +---[DSA 1024]----+
[   10.840702] cloud-init[948]: |. *=%@*          |
[   10.842140] cloud-init[948]: | = B== o         |
[   10.843585] cloud-init[948]: |o O.=            |
[   10.845050] cloud-init[948]: |.= *   o         |
[   10.847970] cloud-init[948]: |  = o = S     E  |
[   10.849755] cloud-init[948]: | . o * o = o o   |
[   10.851209] cloud-init[948]: |    . o o . =    |
[   10.852686] cloud-init[948]: |   . . .     .   |
[   10.854122] cloud-init[948]: |    .            |
[   10.855565] cloud-init[948]: +----[SHA256]-----+
[   10.857036] cloud-init[948]: Generating public/private ecdsa key pair.
[   10.858833] cloud-init[948]: Your identification has been saved in /etc/ssh/ssh_host_ecdsa_key.
[   10.860793] cloud-init[948]: Your public key has been saved in /etc/ssh/ssh_host_ecdsa_key.pub.
[   10.862725] cloud-init[948]: The key fingerprint is:
[   10.864253] cloud-init[948]: SHA256:LlgT/iMjxtE+B2HC30hinmlR8EbjM2qs5GthhJckows root@ubuntu-xenial
[   10.867126] cloud-init[948]: The key's randomart image is:
[   10.869569] cloud-init[948]: +---[ECDSA 256]---+
[   10.872015] cloud-init[948]: |    ..+          |
[   10.874170] cloud-init[948]: |o .. = .         |
[   10.875628] cloud-init[948]: |.= .* @          |
[   10.877094] cloud-init[948]: |E ++ # B         |
[   10.878903] cloud-init[948]: |.+. X O S        |
[   10.880918] cloud-init[948]: |.oo= = =         |
[   10.883781] cloud-init[948]: | .o.= * =        |
[   10.885648] cloud-init[948]: |  .o . * .       |
[   10.887106] cloud-init[948]: | ..              |
[   10.888582] cloud-init[948]: +----[SHA256]-----+
[   10.890020] cloud-init[948]: Generating public/private ed25519 key pair.
[   10.891705] cloud-init[948]: Your identification has been saved in /etc/ssh/ssh_host_ed25519_key.
[   10.893678] cloud-init[948]: Your public key has been saved in /etc/ssh/ssh_host_ed25519_key.pub.
[   10.895636] cloud-init[948]: The key fingerprint is:
[   10.897150] cloud-init[948]: SHA256:VJ7/g7wBXbInN06W6KCplkgZdWrsdmjU3Adip+zEqzw root@ubuntu-xenial
[   10.899131] cloud-init[948]: The key's randomart image is:
[   10.900706] cloud-init[948]: +--[ED25519 256]--+
[   10.902148] cloud-init[948]: |          .      |
[   10.903601] cloud-init         Starting LSB: MD monitoring daemon...
[948]: |      . +oo.     |
[   10.906026]          Starting Virtualbox guest utils...
cloud-init[948]: |     o O.=o.. .  |
[   10.908193]          Starting LSB: Record successful boot for GRUB...
[[0;32m  OK  [0m] Started Unattended Upgrades Shutdown.
cloud-init[948]: |    . =.B .o.= . |
[   10.910969] cloud-init[948]: |     * +S.o.* B  |
[   10.912451] cloud-init[948]: |    o = +o = X . |
[   10.913907] cloud-init[948]: |   . = +o   = +  |
[   10.916317] cloud-init[948]:          Starting Snappy daemon...
|    . E.     o . |
[   10.919738] cloud-init[948]: [[0;32m  OK  [0m] Started Deferred execution scheduler.
         Starting Login Service...
         Starting /etc/rc.local Compatibility...
         Starting System Logging Service...
         Starting Accounts Service...
[[0;32m  OK  [0m] Started FUSE filesystem for LXC.
|     ...    .    |
[   10.937366] cloud-init[948]: +----[SHA256]-----+
[[0;32m  OK  [0m] Started Regular background program processing daemon.
         Starting Pollinate to seed the pseudo random number generator...
         Starting LXD - container startup/shutdown...
[[0;32m  OK  [0m] Started /etc/rc.local Compatibility.
[[0;32m  OK  [0m] Started iSCSI initiator daemon (iscsid).
         Starting Login to default iSCSI targets...
[[0;32m  OK  [0m] Started LSB: Record successful boot for GRUB.
[[0;32m  OK  [0m] Started Login Service.
[[0;32m  OK  [0m] Started Login to default iSCSI targets.
[[0;32m  OK  [0m] Reached target Remote File Systems (Pre).
[[0;32m  OK  [0m] Reached target Remote File Systems.
         Starting LSB: daemon to balance interrupts for SMP systems...
         Starting LSB: Set the CPU Frequency Scaling governor to "ondemand"...
         Starting LSB: automatic crash report generation...
         Starting Permit User Sessions...
[[0;32m  OK  [0m] Started Permit User Sessions.
[[0;32m  OK  [0m] Started LSB: Set the CPU Frequency Scaling governor to "ondemand".
         Starting Hold until boot process finishes up...
         Starting Terminate Plymouth Boot Screen...
[[0;32m  OK  [0m] Started System Logging Service.
[[0;32m  OK  [0m] Started Hold until boot process finishes up.
[[0;32m  OK  [0m] Started Terminate Plymouth Boot Screen.
         Starting Set console scheme...
[[0;32m  OK  [0m] Started Getty on tty1.
[[0;32m  OK  [0m] Started Serial Getty on ttyS0.
[[0;32m  OK  [0m] Reached target Login Prompts.
[[0;32m  OK  [0m] Started LSB: automatic crash report generation.
[[0;32m  OK  [0m] Started Set console scheme.
[[0;32m  OK  [0m] Started LSB: MD monitoring daemon.
[[0;32m  OK  [0m] Started LSB: daemon to balance interrupts for SMP systems.
         Starting Authenticate and Authorize Users to Run Privileged Tasks...
[[0;32m  OK  [0m] Started Virtualbox guest utils.
[[0;32m  OK  [0m] Started Authenticate and Authorize Users to Run Privileged Tasks.
[[0;32m  OK  [0m] Started Accounts Service.
[[0;32m  OK  [0m] Started LXD - container startup/shutdown.
[[0;32m  OK  [0m] Started Snappy daemon.
         Starting Wait until snapd is fully seeded...
[[0;32m  OK  [0m] Started Pollinate to seed the pseudo random number generator.
         Starting OpenBSD Secure Shell server...
[[0;32m  OK  [0m] Started OpenBSD Secure Shell server.
[[0;32m  OK  [0m] Created slice User Slice of vagrant.
         Starting User Manager for UID 1000...
[[0;32m  OK  [0m] Started Session 1 of user vagrant.
[[0;32m  OK  [0m] Started User Manager for UID 1000.
[[0;32m  OK  [0m] Started Wait until snapd is fully seeded.
         Starting Apply the settings specified in cloud-config...
[[0;32m  OK  [0m] Reached target Multi-User System.
[[0;32m  OK  [0m] Reached target Graphical Interface.
         Starting Update UTMP about System Runlevel Changes...
[[0;32m  OK  [0m] Started Update UTMP about System Runlevel Changes.
[   15.776023] cloud-init[1371]: Generating locales (this might take a while)...
[   16.755624] cloud-init[1371]:   en_US.UTF-8... done
[   16.756349] cloud-init[1371]: Generation complete.

Ubuntu 16.04.5 LTS ubuntu-xenial ttyS0

ubuntu-xenial login: [   17.450589] cloud-init[1371]: Cloud-init v. 18.3-9-g2e62cb8a-0ubuntu1~16.04.2 running 'modules:config' at Wed, 12 Sep 2018 01:01:47 +0000. Up 15.58 seconds.
ci-info: no authorized ssh keys fingerprints found for user ubuntu.
<14>Sep 12 01:01:49 ec2: 
<14>Sep 12 01:01:49 ec2: #############################################################
<14>Sep 12 01:01:49 ec2: -----BEGIN SSH HOST KEY FINGERPRINTS-----
<14>Sep 12 01:01:49 ec2: 1024 SHA256:ItfKSmAgdyxwTZHgU5EWVhDwBTcjK0azPn3WsxbfOVw root@ubuntu-xenial (DSA)
<14>Sep 12 01:01:49 ec2: 256 SHA256:LlgT/iMjxtE+B2HC30hinmlR8EbjM2qs5GthhJckows root@ubuntu-xenial (ECDSA)
<14>Sep 12 01:01:49 ec2: 256 SHA256:VJ7/g7wBXbInN06W6KCplkgZdWrsdmjU3Adip+zEqzw root@ubuntu-xenial (ED25519)
<14>Sep 12 01:01:49 ec2: 2048 SHA256:4KOg7blJRph1wiN+/n4V5wKpeYY9v0QkQySYhFNhvQI root@ubuntu-xenial (RSA)
<14>Sep 12 01:01:49 ec2: -----END SSH HOST KEY FINGERPRINTS-----
<14>Sep 12 01:01:49 ec2: #############################################################
-----BEGIN SSH HOST KEY KEYS-----
ecdsa-sha2-nistp256 AAAAE2VjZHNhLXNoYTItbmlzdHAyNTYAAAAIbmlzdHAyNTYAAABBBDZddwxdWv2EPZUqCmcXwH/vn3GPxJ10s81yWyePvEdaObcZUz5YRQcmfziv2Ku5k1tev99/89IY53DK1JPn2gg= root@ubuntu-xenial
ssh-ed25519 AAAAC3NzaC1lZDI1NTE5AAAAIDtZwaYMiozq29891k8kYPVO5PGuHOo4iRllzzK52gJH root@ubuntu-xenial
ssh-rsa AAAAB3NzaC1yc2EAAAADAQABAAABAQDZuK/ib//LoHTiP0CT2JEhK8xP9vQ33/2G0FiuDwrxlltsQPNFDriwJ7yaktvhzCDp9YNnUBXQtxZIsQEN7TH0WtCZ1Za4r/8eQWGsD0oD2W8nqu5Zs/JpSynTSvWMp8GPv38g7+5lPKtsrB0mdKMwXu65P4YK8qvL+o/8gsbzygifLGeZejmefRYn0g2YQseeAjwtFDcLzlrjFA8JQ+LCjbOFboBluZ/bDAitCMI/TsTV+VGzM5HAvKXiOxPHSyUAEx0EFfbOZQQwimgqvshyeFw3l9fUenE/R7RRkYg75qaTa8pY15dgKFUQg43aZRwYxkkQZQV+WZpGZvUDI6Qv root@ubuntu-xenial
-----END SSH HOST KEY KEYS-----
[   18.097048] cloud-init[1492]: Cloud-init v. 18.3-9-g2e62cb8a-0ubuntu1~16.04.2 running 'modules:final' at Wed, 12 Sep 2018 01:01:49 +0000. Up 17.85 seconds.
[   18.097283] cloud-init[1492]: ci-info: no authorized ssh keys fingerprints found for user ubuntu.
[   18.097904] cloud-init[1492]: Cloud-init v. 18.3-9-g2e62cb8a-0ubuntu1~16.04.2 finished at Wed, 12 Sep 2018 01:01:49 +0000. Datasource DataSourceNoCloud [seed=/dev/sdb][dsmode=net].  Up 18.07 seconds
