[    0.000000] Initializing cgroup subsys cpuset
[    0.000000] Initializing cgroup subsys cpu
[    0.000000] Initializing cgroup subsys cpuacct
[    0.000000] Linux version 4.4.0-134-generic (buildd@lgw01-amd64-033) (gcc version 5.4.0 20160609 (Ubuntu 5.4.0-6ubuntu1~16.04.10) ) #160-Ubuntu SMP Wed Aug 15 14:58:00 UTC 2018 (Ubuntu 4.4.0-134.160-generic 4.4.140)
[    0.000000] Command line: BOOT_IMAGE=/boot/vmlinuz-4.4.0-134-generic root=LABEL=cloudimg-rootfs ro console=tty1 console=ttyS0
[    0.000000] KERNEL supported cpus:
[    0.000000]   Intel GenuineIntel
[    0.000000]   AMD AuthenticAMD
[    0.000000]   Centaur CentaurHauls
[    0.000000] x86/fpu: xstate_offset[2]:  576, xstate_sizes[2]:  256
[    0.000000] x86/fpu: Supporting XSAVE feature 0x01: 'x87 floating point registers'
[    0.000000] x86/fpu: Supporting XSAVE feature 0x02: 'SSE registers'
[    0.000000] x86/fpu: Supporting XSAVE feature 0x04: 'AVX registers'
[    0.000000] x86/fpu: Enabled xstate features 0x7, context size is 832 bytes, using 'standard' format.
[    0.000000] e820: BIOS-provided physical RAM map:
[    0.000000] BIOS-e820: [mem 0x0000000000000000-0x000000000009fbff] usable
[    0.000000] BIOS-e820: [mem 0x000000000009fc00-0x000000000009ffff] reserved
[    0.000000] BIOS-e820: [mem 0x00000000000f0000-0x00000000000fffff] reserved
[    0.000000] BIOS-e820: [mem 0x0000000000100000-0x000000003ffeffff] usable
[    0.000000] BIOS-e820: [mem 0x000000003fff0000-0x000000003fffffff] ACPI data
[    0.000000] BIOS-e820: [mem 0x00000000fec00000-0x00000000fec00fff] reserved
[    0.000000] BIOS-e820: [mem 0x00000000fee00000-0x00000000fee00fff] reserved
[    0.000000] BIOS-e820: [mem 0x00000000fffc0000-0x00000000ffffffff] reserved
[    0.000000] NX (Execute Disable) protection: active
[    0.000000] SMBIOS 2.5 present.
[    0.000000] Hypervisor detected: KVM
[    0.000000] e820: last_pfn = 0x3fff0 max_arch_pfn = 0x400000000
[    0.000000] MTRR: Disabled
[    0.000000] x86/PAT: MTRRs disabled, skipping PAT initialization too.
[    0.000000] CPU MTRRs all blank - virtualized system.
[    0.000000] x86/PAT: Configuration [0-7]: WB  WT  UC- UC  WB  WT  UC- UC  
[    0.000000] found SMP MP-table at [mem 0x0009fff0-0x0009ffff] mapped at [ffff88000009fff0]
[    0.000000] Scanning 1 areas for low memory corruption
[    0.000000] RAMDISK: [mem 0x3630c000-0x3717dfff]
[    0.000000] ACPI: Early table checksum verification disabled
[    0.000000] ACPI: RSDP 0x00000000000E0000 000024 (v02 VBOX  )
[    0.000000] ACPI: XSDT 0x000000003FFF0030 00003C (v01 VBOX   VBOXXSDT 00000001 ASL  00000061)
[    0.000000] ACPI: FACP 0x000000003FFF00F0 0000F4 (v04 VBOX   VBOXFACP 00000001 ASL  00000061)
[    0.000000] ACPI: DSDT 0x000000003FFF0470 0021FF (v02 VBOX   VBOXBIOS 00000002 INTL 20160108)
[    0.000000] ACPI: FACS 0x000000003FFF0200 000040
[    0.000000] ACPI: FACS 0x000000003FFF0200 000040
[    0.000000] ACPI: APIC 0x000000003FFF0240 00005C (v02 VBOX   VBOXAPIC 00000001 ASL  00000061)
[    0.000000] ACPI: SSDT 0x000000003FFF02A0 0001CC (v01 VBOX   VBOXCPUT 00000002 INTL 20160108)
[    0.000000] No NUMA configuration found
[    0.000000] Faking a node at [mem 0x0000000000000000-0x000000003ffeffff]
[    0.000000] NODE_DATA(0) allocated [mem 0x3ffeb000-0x3ffeffff]
[    0.000000] kvm-clock: Using msrs 4b564d01 and 4b564d00
[    0.000000] kvm-clock: cpu 0, msr 0:3ffe3001, primary cpu clock
[    0.000000] kvm-clock: using sched offset of 3647529300 cycles
[    0.000000] clocksource: kvm-clock: mask: 0xffffffffffffffff max_cycles: 0x1cd42e4dffb, max_idle_ns: 881590591483 ns
[    0.000000] Zone ranges:
[    0.000000]   DMA      [mem 0x0000000000001000-0x0000000000ffffff]
[    0.000000]   DMA32    [mem 0x0000000001000000-0x000000003ffeffff]
[    0.000000]   Normal   empty
[    0.000000]   Device   empty
[    0.000000] Movable zone start for each node
[    0.000000] Early memory node ranges
[    0.000000]   node   0: [mem 0x0000000000001000-0x000000000009efff]
[    0.000000]   node   0: [mem 0x0000000000100000-0x000000003ffeffff]
[    0.000000] Initmem setup node 0 [mem 0x0000000000001000-0x000000003ffeffff]
[    0.000000] ACPI: PM-Timer IO Port: 0x4008
[    0.000000] IOAPIC[0]: apic_id 2, version 32, address 0xfec00000, GSI 0-23
[    0.000000] ACPI: INT_SRC_OVR (bus 0 bus_irq 0 global_irq 2 dfl dfl)
[    0.000000] ACPI: INT_SRC_OVR (bus 0 bus_irq 9 global_irq 9 low level)
[    0.000000] Using ACPI (MADT) for SMP configuration information
[    0.000000] smpboot: Allowing 2 CPUs, 0 hotplug CPUs
[    0.000000] PM: Registered nosave memory: [mem 0x00000000-0x00000fff]
[    0.000000] PM: Registered nosave memory: [mem 0x0009f000-0x0009ffff]
[    0.000000] PM: Registered nosave memory: [mem 0x000a0000-0x000effff]
[    0.000000] PM: Registered nosave memory: [mem 0x000f0000-0x000fffff]
[    0.000000] e820: [mem 0x40000000-0xfebfffff] available for PCI devices
[    0.000000] Booting paravirtualized kernel on KVM
[    0.000000] clocksource: refined-jiffies: mask: 0xffffffff max_cycles: 0xffffffff, max_idle_ns: 7645519600211568 ns
[    0.000000] setup_percpu: NR_CPUS:512 nr_cpumask_bits:512 nr_cpu_ids:2 nr_node_ids:1
[    0.000000] PERCPU: Embedded 34 pages/cpu @ffff88003fc00000 s99544 r8192 d31528 u1048576
[    0.000000] PV qspinlock hash table entries: 256 (order: 0, 4096 bytes)
[    0.000000] Built 1 zonelists in Node order, mobility grouping on.  Total pages: 257912
[    0.000000] Policy zone: DMA32
[    0.000000] Kernel command line: BOOT_IMAGE=/boot/vmlinuz-4.4.0-134-generic root=LABEL=cloudimg-rootfs ro console=tty1 console=ttyS0
[    0.000000] PID hash table entries: 4096 (order: 3, 32768 bytes)
[    0.000000] Memory: 997724K/1048120K available (8554K kernel code, 1314K rwdata, 4004K rodata, 1516K init, 1316K bss, 50396K reserved, 0K cma-reserved)
[    0.000000] SLUB: HWalign=64, Order=0-3, MinObjects=0, CPUs=2, Nodes=1
[    0.000000] Kernel/User page tables isolation: enabled
[    0.000000] Hierarchical RCU implementation.
[    0.000000] 	Build-time adjustment of leaf fanout to 64.
[    0.000000] 	RCU restricting CPUs from NR_CPUS=512 to nr_cpu_ids=2.
[    0.000000] RCU: Adjusting geometry for rcu_fanout_leaf=64, nr_cpu_ids=2
[    0.000000] NR_IRQS:33024 nr_irqs:440 16
[    0.000000] Console: colour VGA+ 80x25
[    0.000000] console [tty1] enabled
[    0.000000] console [ttyS0] enabled
[    0.000000] tsc: Detected 2099.980 MHz processor
[    0.153271] Calibrating delay loop (skipped) preset value.. 4199.96 BogoMIPS (lpj=8399920)
[    0.154775] pid_max: default: 32768 minimum: 301
[    0.155601] ACPI: Core revision 20150930
[    0.157277] ACPI: 2 ACPI AML tables successfully acquired and loaded
[    0.158491] Security Framework initialized
[    0.159216] Yama: becoming mindful.
[    0.159961] AppArmor: AppArmor initialized
[    0.160778] Dentry cache hash table entries: 131072 (order: 8, 1048576 bytes)
[    0.162922] Inode-cache hash table entries: 65536 (order: 7, 524288 bytes)[    0.176016] Mount-cache hash table entries: 2048 (order: 2, 16384 bytes)
[    0.188952] Mountpoint-cache hash table entries: 2048 (order: 2, 16384 bytes)
[    0.190136] Initializing cgroup subsys io
[    0.190838] Initializing cgroup subsys memory
[    0.191618] Initializing cgroup subsys devices
[    0.193288] Initializing cgroup subsys freezer
[    0.194929] Initializing cgroup subsys net_cls
[    0.205241] Initializing cgroup subsys perf_event
[    0.206300] Initializing cgroup subsys net_prio
[    0.207260] Initializing cgroup subsys hugetlb
[    0.208260] Initializing cgroup subsys pids
[    0.209911] mce: CPU supports 0 MCE banks
[    0.210814] Last level iTLB entries: 4KB 64, 2MB 8, 4MB 8
[    0.212010] Last level dTLB entries: 4KB 64, 2MB 0, 4MB 0, 1GB 4
[    0.213091] Spectre V2 : Mitigation: Full generic retpoline
[    0.214053] Spectre V2 : Speculation control IBPB not-supported IBRS not-supported
[    0.215279] Speculative Store Bypass: Vulnerable
[    0.218688] Freeing SMP alternatives memory: 32K
[    0.226854] ftrace: allocating 32266 entries in 127 pages
[    0.277889] smpboot: APIC(0) Converting physical 0 to logical package 0
[    0.279050] smpboot: Max logical packages: 1
[    0.280144] x2apic enabled
[    0.280998] Switched APIC routing to physical x2apic.
[    0.282971] ..TIMER: vector=0x30 apic1=0 pin1=2 apic2=-1 pin2=-1
[    0.388397] smpboot: CPU0: Intel(R) Xeon(R) CPU E5-2620 v4 @ 2.10GHz (family: 0x6, model: 0x4f, stepping: 0x1)
[    0.390608] Performance Events: unsupported p6 CPU model 79 no PMU driver, software events only.
[    0.392639] KVM setup paravirtual spinlock
[    0.394170] x86: Booting SMP configuration:
[    0.395138] .... node  #0, CPUs:      #1
[    0.396298] kvm-clock: cpu 1, msr 0:3ffe3041, secondary cpu clock
[    0.398751] mce: CPU supports 0 MCE banks
[    0.401675] x86: Booted up 1 node, 2 CPUs
[    0.402645] smpboot: Total of 2 processors activated (8399.92 BogoMIPS)
[    0.404488] devtmpfs: initialized
[    0.407991] evm: security.selinux
[    0.408805] evm: security.SMACK64
[    0.409481] evm: security.SMACK64EXEC
[    0.410253] evm: security.SMACK64TRANSMUTE
[    0.411019] evm: security.SMACK64MMAP
[    0.411765] evm: security.ima
[    0.412416] evm: security.capability
[    0.413406] clocksource: jiffies: mask: 0xffffffff max_cycles: 0xffffffff, max_idle_ns: 7645041785100000 ns
[    0.415194] futex hash table entries: 512 (order: 3, 32768 bytes)
[    0.416436] pinctrl core: initialized pinctrl subsystem
[    0.417492] RTC time: 21:23:37, date: 09/05/18
[    0.418656] NET: Registered protocol family 16
[    0.428885] cpuidle: using governor ladder
[    0.440448] cpuidle: using governor menu
[    0.441210] PCCT header not found.
[    0.441998] ACPI: bus type PCI registered
[    0.442845] acpiphp: ACPI Hot Plug PCI Controller Driver version: 0.5
[    0.444367] PCI: Using configuration type 1 for base access
[    0.457575] ACPI: Added _OSI(Module Device)
[    0.458849] ACPI: Added _OSI(Processor Device)
[    0.460137] ACPI: Added _OSI(3.0 _SCP Extensions)
[    0.461428] ACPI: Added _OSI(Processor Aggregator Device)
[    0.463874] ACPI: Executed 1 blocks of module-level executable AML code
[    0.468739] ACPI: Interpreter enabled
[    0.469860] ACPI: (supports S0 S5)
[    0.470900] ACPI: Using IOAPIC for interrupt routing
[    0.472454] PCI: Using host bridge windows from ACPI; if necessary, use "pci=nocrs" and report a bug
[    0.479751] ACPI: PCI Root Bridge [PCI0] (domain 0000 [bus 00-ff])
[    0.482527] acpi PNP0A03:00: _OSC: OS supports [ASPM ClockPM Segments MSI]
[    0.484152] acpi PNP0A03:00: _OSC: not requesting OS control; OS requires [ExtendedConfig ASPM ClockPM MSI]
[    0.486575] acpi PNP0A03:00: fail to add MMCONFIG information, can't access extended PCI configuration space under this bridge.
[    0.489627] PCI host bridge to bus 0000:00
[    0.490691] pci_bus 0000:00: root bus resource [io  0x0000-0x0cf7 window]
[    0.492204] pci_bus 0000:00: root bus resource [io  0x0d00-0xffff window]
[    0.493729] pci_bus 0000:00: root bus resource [mem 0x000a0000-0x000bffff window]
[    0.495618] pci_bus 0000:00: root bus resource [mem 0x40000000-0xfdffffff window]
[    0.497535] pci_bus 0000:00: root bus resource [bus 00-ff]
[    0.500817] pci 0000:00:01.1: legacy IDE quirk: reg 0x10: [io  0x01f0-0x01f7]
[    0.502326] pci 0000:00:01.1: legacy IDE quirk: reg 0x14: [io  0x03f6]
[    0.505881] pci 0000:00:01.1: legacy IDE quirk: reg 0x18: [io  0x0170-0x0177]
[    0.507378] pci 0000:00:01.1: legacy IDE quirk: reg 0x1c: [io  0x0376]
[    0.528889] pci 0000:00:07.0: quirk: [io  0x4000-0x403f] claimed by PIIX4 ACPI
[    0.539758] pci 0000:00:07.0: quirk: [io  0x4100-0x410f] claimed by PIIX4 SMB
[    0.558560] ACPI: PCI Interrupt Link [LNKA] (IRQs 5 9 10 *11)
[    0.560076] ACPI: PCI Interrupt Link [LNKB] (IRQs 5 9 *10 11)
[    0.574317] ACPI: PCI Interrupt Link [LNKC] (IRQs 5 *9 10 11)
[    0.575668] ACPI: PCI Interrupt Link [LNKD] (IRQs 5 9 10 *11)
[    0.577150] ACPI: Enabled 2 GPEs in block 00 to 07
[    0.578383] vgaarb: setting as boot device: PCI:0000:00:02.0
[    0.579379] vgaarb: device added: PCI:0000:00:02.0,decodes=io+mem,owns=io+mem,locks=none
[    0.580821] vgaarb: loaded
[    0.581430] vgaarb: bridge control possible 0000:00:02.0
[    0.582577] SCSI subsystem initialized
[    0.583394] ACPI: bus type USB registered
[    0.585458] usbcore: registered new interface driver usbfs
[    0.586443] usbcore: registered new interface driver hub
[    0.587410] usbcore: registered new device driver usb
[    0.589629] PCI: Using ACPI for IRQ routing
[    0.590719] NetLabel: Initializing
[    0.591370] NetLabel:  domain hash size = 128
[    0.592300] NetLabel:  protocols = UNLABELED CIPSOv4
[    0.593181] NetLabel:  unlabeled traffic allowed by default
[    0.594348] amd_nb: Cannot enumerate AMD northbridges
[    0.595303] clocksource: Switched to clocksource kvm-clock
[    0.603204] AppArmor: AppArmor Filesystem Enabled
[    0.604156] pnp: PnP ACPI init
[    0.605356] pnp: PnP ACPI: found 3 devices
[    0.616117] clocksource: acpi_pm: mask: 0xffffff max_cycles: 0xffffff, max_idle_ns: 2085701024 ns
[    0.617791] NET: Registered protocol family 2
[    0.618809] TCP established hash table entries: 8192 (order: 4, 65536 bytes)
[    0.620009] TCP bind hash table entries: 8192 (order: 5, 131072 bytes)
[    0.620983] TCP: Hash tables configured (established 8192 bind 8192)
[    0.622009] UDP hash table entries: 512 (order: 2, 16384 bytes)
[    0.622918] UDP-Lite hash table entries: 512 (order: 2, 16384 bytes)
[    0.623976] NET: Registered protocol family 1
[    0.624727] pci 0000:00:00.0: Limiting direct PCI/PCI transfers
[    0.625631] pci 0000:00:01.0: Activating ISA DMA hang workarounds
[    0.626707] Unpacking initramfs...
[    0.891931] Freeing initrd memory: 14792K
[    0.972607] platform rtc_cmos: registered platform RTC device (no PNP device found)
[    0.974529] Scanning for low memory corruption every 60 seconds
[    0.976396] audit: initializing netlink subsys (disabled)
[    0.979505] audit: type=2000 audit(1536182622.266:1): initialized
[    0.981241] Initialise system trusted keyring
[    0.982586] HugeTLB registered 2 MB page size, pre-allocated 0 pages
[    0.985792] zbud: loaded
[    0.987076] VFS: Disk quotas dquot_6.6.0
[    0.988148] VFS: Dquot-cache hash table entries: 512 (order 0, 4096 bytes)
[    0.989974] squashfs: version 4.0 (2009/01/31) Phillip Lougher
[    0.991712] fuse init (API version 7.23)
[    0.992869] Key type big_key registered
[    0.993876] Allocating IMA MOK and blacklist keyrings.
[    0.996451] Key type asymmetric registered
[    0.997478] Asymmetric key parser 'x509' registered
[    0.998666] Block layer SCSI generic (bsg) driver version 0.4 loaded (major 249)
[    1.000623] io scheduler noop registered
[    1.001616] io scheduler deadline registered (default)
[    1.002852] io scheduler cfq registered
[    1.003962] pci_hotplug: PCI Hot Plug PCI Core version: 0.5
[    1.005234] pciehp: PCI Express Hot Plug Controller Driver version: 0.4
[    1.006824] ACPI: AC Adapter [AC] (on-line)
[    1.007974] input: Power Button as /devices/LNXSYSTM:00/LNXPWRBN:00/input/input0
[    1.009828] ACPI: Power Button [PWRF]
[    1.010847] input: Sleep Button as /devices/LNXSYSTM:00/LNXSLPBN:00/input/input1
[    1.012705] ACPI: Sleep Button [SLPF]
[    1.013928] GHES: HEST is not enabled!
[    1.015003] Serial: 8250/16550 driver, 32 ports, IRQ sharing enabled
[    1.038943] 00:02: ttyS0 at I/O 0x3f8 (irq = 4, base_baud = 115200) is a 16550A
[    1.042130] Linux agpgart interface v0.103
[    1.045310] loop: module loaded
[    1.046947] scsi host0: ata_piix
[    1.048091] scsi host1: ata_piix
[    1.049006] ata1: PATA max UDMA/33 cmd 0x1f0 ctl 0x3f6 bmdma 0xd000 irq 14
[    1.050486] ata2: PATA max UDMA/33 cmd 0x170 ctl 0x376 bmdma 0xd008 irq 15
[    1.052347] libphy: Fixed MDIO Bus: probed
[    1.053389] tun: Universal TUN/TAP device driver, 1.6
[    1.054560] tun: (C) 1999-2004 Max Krasnyansky <maxk@qualcomm.com>
[    1.056006] PPP generic driver version 2.4.2
[    1.057118] ehci_hcd: USB 2.0 'Enhanced' Host Controller (EHCI) Driver
[    1.058545] ehci-pci: EHCI PCI platform driver
[    1.059658] ehci-platform: EHCI generic platform driver
[    1.060897] ohci_hcd: USB 1.1 'Open' Host Controller (OHCI) Driver
[    1.062267] ohci-pci: OHCI PCI platform driver
[    1.063347] ohci-platform: OHCI generic platform driver
[    1.064584] uhci_hcd: USB Universal Host Controller Interface driver
[    1.066042] i8042: PNP: PS/2 Controller [PNP0303:PS2K,PNP0f03:PS2M] at 0x60,0x64 irq 1,12
[    1.068604] serio: i8042 KBD port at 0x60,0x64 irq 1
[    1.069785] serio: i8042 AUX port at 0x60,0x64 irq 12
[    1.071085] mousedev: PS/2 mouse device common for all mice
[    1.072941] rtc_cmos rtc_cmos: rtc core: registered rtc_cmos as rtc0
[    1.074437] rtc_cmos rtc_cmos: alarms up to one day, 114 bytes nvram
[    1.075903] input: AT Translated Set 2 keyboard as /devices/platform/i8042/serio0/input/input2
[    1.078029] i2c /dev entries driver
[    1.079104] device-mapper: uevent: version 1.0.3
[    1.080323] device-mapper: ioctl: 4.34.0-ioctl (2015-10-28) initialised: dm-devel@redhat.com
[    1.082349] ledtrig-cpu: registered to indicate activity on CPUs
[    1.084296] NET: Registered protocol family 10
[    1.085699] NET: Registered protocol family 17
[    1.086792] Key type dns_resolver registered
[    1.088158] registered taskstats version 1
[    1.089218] Loading compiled-in X.509 certificates
[    1.091171] Loaded X.509 cert 'Build time autogenerated kernel key: 4eb3d024ac16f76c1747ffd474694c84db21038b'
[    1.093488] zswap: loaded using pool lzo/zbud
[    1.098191] Key type trusted registered
[    1.105469] Key type encrypted registered
[    1.106479] AppArmor: AppArmor sha1 policy hashing enabled
[    1.107737] ima: No TPM chip found, activating TPM-bypass!
[    1.109050] ima: Allocated hash algorithm: sha1
[    1.110156] evm: HMAC attrs: 0x1
[    1.111501]   Magic number: 2:445:398
[    1.112537] rtc_cmos rtc_cmos: setting system clock to 2018-09-05 21:23:37 UTC (1536182617)
[    1.114718] BIOS EDD facility v0.16 2004-Jun-25, 0 devices found
[    1.116106] EDD information not available.
[    1.210023] Freeing unused kernel memory: 1516K
[    1.648796] Write protecting the kernel read-only data: 14336k
[    2.258845] tsc: Refined TSC clocksource calibration: 2099.994 MHz
[    2.878748] clocksource: tsc: mask: 0xffffffffffffffff max_cycles: 0x1e452ad8a41, max_idle_ns: 440795205477 ns
[    3.360006] Freeing unused kernel memory: 1672K
[    3.589158] Freeing unused kernel memory: 92K
Loading, please wait...
starting version[    3.861457] random: systemd-udevd: uninitialized urandom read (16 bytes read, 3 bits of entropy available)
 229
[    3.862771] random: udevadm: uninitialized urandom read (16 bytes read, 3 bits of entropy available)
[    3.862811] random: udevadm: uninitialized urandom read (16 bytes read, 3 bits of entropy available)
[    3.877154] random: udevadm: uninitialized urandom read (16 bytes read, 3 bits of entropy available)
[    3.877226] random: udevadm: uninitialized urandom read (16 bytes read, 3 bits of entropy available)
[    3.877449] random: udevadm: uninitialized urandom read (16 bytes read, 3 bits of entropy available)
[    3.877541] random: udevadm: uninitialized urandom read (16 bytes read, 3 bits of entropy available)
[    3.877623] random: udevadm: uninitialized urandom read (16 bytes read, 3 bits of entropy available)
[    3.877708] random: udevadm: uninitialized urandom read (16 bytes read, 3 bits of entropy available)
[    3.877790] random: udevadm: uninitialized urandom read (16 bytes read, 3 bits of entropy available)
[    3.934491] e1000: Intel(R) PRO/1000 Network Driver - version 7.3.21-k8-NAPI
[    3.936043] e1000: Copyright (c) 1999-2006 Intel Corporation.
[    3.944930] Fusion MPT base driver 3.04.20
[    3.946183] Copyright (c) 1999-2008 LSI Corporation
[    3.957731] Fusion MPT SPI Host driver 3.04.20
[    3.966743] AVX2 version of gcm_enc/dec engaged.
[    3.968901] AES CTR mode by8 optimization enabled
[    4.158333] input: ImExPS/2 Generic Explorer Mouse as /devices/platform/i8042/serio1/input/input4
[    4.318794] e1000 0000:00:03.0 eth0: (PCI:33MHz:32-bit) 02:1d:76:b3:3c:fe
[    4.320641] e1000 0000:00:03.0 eth0: Intel(R) PRO/1000 Network Connection
[    4.323376] mptbase: ioc0: Initiating bringup
[    4.387803] ioc0: LSI53C1030 A0: Capabilities={Initiator}
[    4.549823] scsi host2: ioc0: LSI53C1030 A0, FwRev=00000000h, Ports=1, MaxQ=256, IRQ=20
[    5.469726] scsi 2:0:0:0: Direct-Access     VBOX     HARDDISK         1.0  PQ: 0 ANSI: 5
[    5.482499] scsi target2:0:0: Beginning Domain Validation
[    5.485869] scsi target2:0:0: Domain Validation skipping write tests
[    5.488098] scsi target2:0:0: Ending Domain Validation
[    5.490063] scsi target2:0:0: asynchronous
[    5.492489] scsi 2:0:1:0: Direct-Access     VBOX     HARDDISK         1.0  PQ: 0 ANSI: 5
[    5.495351] scsi target2:0:1: Beginning Domain Validation
[    5.501435] scsi target2:0:1: Domain Validation skipping write tests
[    5.505196] scsi target2:0:1: Ending Domain Validation
[    5.507641] scsi target2:0:1: asynchronous
[    5.529189] sd 2:0:0:0: Attached scsi generic sg0 type 0
[    5.531599] sd 2:0:0:0: [sda] 20971520 512-byte logical blocks: (10.7 GB/10.0 GiB)
[    5.558813] sd 2:0:1:0: Attached scsi generic sg1 type 0
[    5.561160] sd 2:0:1:0: [sdb] 20480 512-byte logical blocks: (10.5 MB/10.0 MiB)
[    5.564266] sd 2:0:0:0: [sda] Write Protect is off
[    5.565918] sd 2:0:1:0: [sdb] Write Protect is off
[    5.567862] sd 2:0:1:0: [sdb] Incomplete mode parameter data
[    5.569701] sd 2:0:1:0: [sdb] Assuming drive cache: write through
[    5.571637] sd 2:0:0:0: [sda] Incomplete mode parameter data
[    5.573441] sd 2:0:0:0: [sda] Assuming drive cache: write through
[    5.577514]  sda: sda1
[    5.579552] sd 2:0:0:0: [sda] Attached SCSI disk
[    5.599344] sd 2:0:1:0: [sdb] Attached SCSI disk
[    5.848101] e1000 0000:00:08.0 eth1: (PCI:33MHz:32-bit) 08:00:27:ed:d7:2c
[    6.056056] e1000 0000:00:08.0 eth1: Intel(R) PRO/1000 Network Connection
[    6.614627] e1000 0000:00:09.0 eth2: (PCI:33MHz:32-bit) 08:00:27:e3:ae:1c
[    6.753541] e1000 0000:00:09.0 eth2: Intel(R) PRO/1000 Network Connection
[    6.951233] e1000 0000:00:03.0 enp0s3: renamed from eth0
[    6.975644] e1000 0000:00:08.0 enp0s8: renamed from eth1
[    6.991573] e1000 0000:00:09.0 enp0s9: renamed from eth2
Begin: Loading e[    8.491617] md: linear personality registered for level -1
ssential drivers[    8.653936] md: multipath personality registered for level -4
 ... [    8.836343] md: raid0 personality registered for level 0
[    8.910238] md: raid1 personality registered for level 1
[    8.999403] raid6: sse2x1   gen()  6779 MB/s
[    9.195394] raid6: sse2x1   xor()  5055 MB/s
[    9.375391] raid6: sse2x2   gen() 11533 MB/s
[    9.567390] raid6: sse2x2   xor()  7600 MB/s
[    9.751392] raid6: sse2x4   gen() 13395 MB/s
[    9.943392] raid6: sse2x4   xor()  9412 MB/s
[   10.043395] raid6: avx2x1   gen() 17000 MB/s
[   10.243393] raid6: avx2x2   gen() 21250 MB/s
[   10.439401] raid6: avx2x4   gen() 23913 MB/s
[   10.564074] raid6: using algorithm avx2x4 gen() 23913 MB/s
[   10.730525] raid6: using avx2x2 recovery algorithm
[   10.869597] xor: automatically using best checksumming function:
[   10.927556]    avx       : 13117.000 MB/sec
[   10.931113] async_tx: api initialized (async)
[   10.943900] md: raid6 personality registered for level 6
[   10.945499] md: raid5 personality registered for level 5
[   10.947079] md: raid4 personality registered for level 4
[   10.957421] md: raid10 personality registered for level 10
done.
Begin: Running /scripts/init-premount ... done.
Begin: Mounting root file system ... Begin: Running /scripts/local-top ... done.
Begin: Running /scripts/local-premount ... [   11.008790] Btrfs loaded
Scanning for Btrfs filesystems
done.
Warning: fsck not present, so skipping root file system
[   11.363116] EXT4-fs (sda1): mounted filesystem with ordered data mode. Opts: (null)
done.
Begin: Running /scripts/local-bottom ... done.
Begin: Running /scripts/init-bottom ... done.
[   11.941580] systemd[1]: systemd 229 running in system mode. (+PAM +AUDIT +SELINUX +IMA +APPARMOR +SMACK +SYSVINIT +UTMP +LIBCRYPTSETUP +GCRYPT +GNUTLS +ACL +XZ -LZ4 +SECCOMP +BLKID +ELFUTILS +KMOD -IDN)
[   13.377262] systemd[1]: Detected virtualization oracle.
[   13.378216] systemd[1]: Detected architecture x86-64.

Welcome to [1mUbuntu 16.04.5 LTS[0m!

[   13.409634] systemd[1]: Set hostname to <ubuntu>.
[   13.432603] systemd[1]: Initillizing machine ID from random generator.
[   14.078814] ssstemd[1]: Installed transiett /etc/machine-id file.
[   14.764425] random: nonblocking pool is initialized
[   15.047910] systemd[1]: Listening on udev Control Socket.
[[0;32m  OK  [0m] Listening on udev Control Socket.
[   15.552079] systemd[1]: Listening on LVM2 metadata daemon socket.
[[0;32m  OK  [0m] Listening on LVM2 metadata daemon socket.
[   15.555408] systemd[1]: Created slice User and Session Slice.
[[0;32m  OK  [0m] Created slice User and Session Slice.
[   15.558533] systemd[1]: Listening on Journal Audit Socket.
[[0;32m  OK  [0m] Listening on Journal Audit Socket.
[   15.562928] systemd[1]: Reached target User and Group Name Lookups.
[[0;32m  OK  [0m] Reached target User and Group Name Lookups.
[   15.566100] systemd[1]: Listening on Device-mapper event daemon FIFOs.
[[0;32m  OK  [0m] Listening on Device-mapper event daemon FIFOs.
[   15.569316] systemd[1]: Reached target System Time Synchronized.
[[0;32m  OK  [0m] Reached target System Time Synchronized.
[   15.572242] systemd[1]: Reached target Swap.
[[0;32m  OK  [0m] Reached target Swap.
[   15.574486] systemd[1]: Listening on udev Kernel Socket.
[[0;32m  OK  [0m] Listening on udev Kernel Socket.
[   15.577173] systemd[1]: Listening on Journal Socket (/dev/log).
[[0;32m  OK  [0m] Listening on Journal Socket (/dev/log).
[   15.580066] systemd[1]: Listening on /dev/initctl Compatibility Named Pipe.
[[0;32m  OK  [0m] Listening on /dev/initctl Compatibility Named Pipe.
[   15.583298] systemd[1]: Started Forward Password Requests to Wall Directory Watch.
[[0;32m  OK  [0m] Started Forward Password Requests to Wall Directory Watch.
[   15.587030] systemd[1]: Listening on Syslog Socket.
[[0;32m  OK  [0m] Listening on Syslog Socket.
[   15.589750] systemd[1]: Set up automount Arbitrary Executable File Formats File System Automount Point.
[[0;32m  OK  [0m] Set up automount Arbitrary Executab...ats File System Automount Point.
[   15.594150] systemd[1]: Started Trigger resolvconf update for networkd DNS.
[[0;32m  OK  [0m] Started Trigger resolvconf update for networkd DNS.
[   15.597496] systemd[1]: Listening on LVM2 poll daemon socket.
[[0;32m  OK  [0m] Listening on LVM2 poll daemon socket.
[   15.600593] systemd[1]: Created slice System Slice.
[[0;32m  OK  [0m] Created slice System Slice.
[   15.603109] systemd[1]: Reached target Slices.
[[0;32m  OK  [0m] Reached target Slices.
[   15.605836] systemd[1]: Created slice system-serial\x2dgetty.slice.
[[0;32m  OK  [0m] Created slice system-serial\x2dgetty.slice.
[   15.608957] systemd[1]: Listening on Journal Socket.
[[0;32m  OK  [0m] Listening on Journal Socket.
[   15.623655] systemd[1]: Starting Monitoring of LVM2 mirrors, snapshots etc. using dmeventd or progress polling...
         Starting Monitoring of LVM2 mirrors... dmeventd or progress polling...
[   15.628842] systemd[1]: Starting Remount Root and Kernel File Systems...
         Starting Remount Root and Kernel File Systems...
[   15.655851] systemd[1]: Starting Load Kernel Modules...
         Starting Load Kernel Modules...
[   15.662330] systemd[1]: Starting Uncomplicated firewall...
         Starting Uncomplicated firewall...
[   15.667665] systemd[1]: Starting Create list of required static device nodes for the current kernel...
         Starting Create list of required st... nodes for the current kernel...
[   15.674692] systemd[1]: Starting Journal Service...
[   15.712290] EXT4-fs (sda1): re-mounted. Opts: (null)
         Starting Journal Service...
[   15.742106] Loading iSCSI transport class v2.0-870.
[   15.752051] systemd[1]: Mounting Huge Pages File System...
         Mounting Huge Pages File System...
[   15.757426] systemd[1]: Starting Set console keymap...
         Starting Set console keymap...
[   15.763583] systemd[1]: Starting Nameserver information manager...
         Starting Nameserver information manager...
[   15.768589] systemd[1]: Mounting POSIX Message Queue File System...
         Mounting POSIX Message Queue File System...
[   15.773559] systemd[1]: Mounting Debug File System...
         Mounting Debug File System...
[   15.776835] systemd[1]: Reached target Encrypted Volumes.
[[0;32m  OK  [0m] Reached target Encrypted Volumes.
[   15.783268] systemd[1]: Mounted Debug File System.
[[0;32m  OK  [0m] Mounted Debug File System.
[   15.787515] systemd[1]: Mounted Huge Pages File System.
[[0;32m  OK  [0m] Mounted Huge Pages File System.
[   15.791123] systemd[1]: Mounted POSIX Message Queue File System.
[[0;32m  OK  [0m] Mounted POSIX Message Queue File System.
[   15.795693] systemd[1]: Started Remount Root and Kernel File Systems.
[[0;32m  OK  [0m] Started Remount Root and Kernel File Systems.
[   15.808709] systemd[1]: Started Uncomplicated firewall.
[[0;32m  OK  [0m] Started Uncomplicated firewall.
[   15.812746] systemd[1]: Started Create list of required static device nodes for the current kernel.
[[0;32m  OK  [0m] Started Create list of required sta...ce nodes for the current kernel.
[   15.817712] iscsi: registered transport (tcp)
[   15.827073] systemd[1]: Started Journal Service.
[[0;32m  OK  [0m] Started Journal Service.
[[0;32m  OK  [0m] Started Nameserver information manager.
[[0;32m  OK  [0m] Started LVM2 metadata daemon.
         Starting Create Static Device Nodes in /dev...
         Starting udev Coldplug all Devices...
         Starting Load/Save Random Seed...
         Starting Flush Journal to Persistent Storage...
[[0;32m  OK  [0m] Started Set console keymap.
[   15.954689] iscsi: registered transport (iser)
[[0;32m  OK  [0m] Started Load/Save Random Seed.
[[0;32m  OK  [0m] Started Load Kernel Modules.
         Starting Apply Kernel Variables...
         Mounting FUSE Control File System...
[[0;32m  OK  [0m] Mounted FUSE Control File System.
[   15.992655] systemd-journald[378]: Received request to flush runtime journal from PID 1
[[0;32m  OK  [0m] Started Flush Journal to Persistent Storage.
[[0;32m  OK  [0m] Started Apply Kernel Variables.
[[0;32m  OK  [0m] Started udev Coldplug all Devices.
[[0;32m  OK  [0m] Started Create Static Device Nodes in /dev.
         Starting udev Kernel Device Manager...
[[0;32m  OK  [0m] Started Monitoring of LVM2 mirrors,...ng dmeventd or progress polling.
[[0;32m  OK  [0m] Started udev Kernel Device Manager.
[[0;32m  OK  [0m] Started Dispatch Password Requests to Console Directory Watch.
[[0;32m  OK  [0m] Reached target Local File Systems (Pre).
[[0;32m  OK  [0m] Reached target Local File Systems.
         Starting Initial cloud-init job (pre-networking)...
         Starting Commit a transient machine-id on disk...
         Starting LSB: AppArmor initialization...
         Starting Tell Plymouth To Write Out Runtime Data...
         Starting Create Volatile Files and Directories...
         Starting Set console font and keymap...
[[0;32m  OK  [0m] Started Create Volatile Files and Directories.
         Starting Update UTMP about System Boot/Shutdown...
[[0;32m  OK  [0m] Started Commit a transient machine-id on disk.
[[0;32m  OK  [0m] Started Tell Plymouth To Write Out Runtime Data.
[[0;32m  OK  [0m] Started Update UTMP about System Boot/Shutdown.
[[0;32m  OK  [0m] Found device /dev/ttyS0.
[[0;32m  OK  [0m] Listening on Load/Save RF Kill Switch Status /dev/rfkill Watch.
[[0;32m  OK  [0m] Started LSB: AppArmor initialization.
[[0;32m  OK  [0m] Started Set console font and keymap.
[[0;32m  OK  [0m] Created slice system-getty.slice.
[   18.403019] cloud-init[475]: Cloud-init v. 18.3-9-g2e62cb8a-0ubuntu1~16.04.2 running 'init-local' at Wed, 05 Sep 2018 21:23:54 +0000. Up 17.95 seconds.
[[0;32m  OK  [0m] Started Initial cloud-init job (pre-networking).
[[0;32m  OK  [0m] Reached target Network (Pre).
         Starting Raise network interfaces...
[[0;32m  OK  [0m] Started Raise network interfaces.
         Starting Initial cloud-init job (metadata service crawler)...
[[0;32m  OK  [0m] Reached target Network.
[   20.474595] cloud-init[957]: Cloud-init v. 18.3-9-g2e62cb8a-0ubuntu1~16.04.2 running 'init' at Wed, 05 Sep 2018 21:23:55 +0000. Up 19.22 seconds.
[   20.479814] cloud-init[957]: ci-info: ++++++++++++++++++++++++++++++++++++++Net device info+++++++++++++++++++++++++++++++++++++++
[   20.482605] cloud-init[957]: ci-info: +--------+-------+----------------------------+---------------+--------+-------------------+
[   20.486415] cloud-init[957]: ci-info: | Device |   Up  |          Address           |      Mask     | Scope  |     Hw-Address    |
[   20.489145] cloud-init[957]: ci-info: +--------+-------+----------------------------+---------------+--------+-------------------+
[   20.491821] cloud-init[957]: ci-info: | enp0s3 |  True |         10.0.2.15          | 255.255.255.0 | global | 02:1d:76:b3:3c:fe |
[   20.494504] cloud-init[957]: ci-info: | enp0s3 |  True | fe80::1d:76ff:feb3:3cfe/64 |       .       |  link  | 02:1d:76:b3:3c:fe |
[   20.498336] cloud-init[957]: ci-info: | enp0s8 | False |             .              |       .       |   .    | 08:00:27:ed:d7:2c |
[   20.500971] cloud-init[957]: ci-info: | enp0s9 | False |             .              |       .       |   .    | 08:00:27:e3:ae:1c |
[   20.503482] cloud-init[957]: ci-info: |   lo   |  True |         127.0.0.1          |   255.0.0.0   |  host  |         .         |
[   20.505877] cloud-init[957]: ci-info: |   lo   |  True |          ::1/128           |       .       |  host  |         .         |
[   20.508174] cloud-init[957]: ci-info: +--------+-------+----------------------------+---------------+--------+-------------------+
[   20.510515] cloud-init[957]: ci-info: +++++++++++++++++++++++++++Route IPv4 info++++++++++++++++++++++++++++
[   20.512565] cloud-init[957]: ci-info: +-------+-------------+----------+---------------+-----------+-------+
[   20.514573] cloud-init[957]: ci-info: | Route | Destination | Gateway  |    Genmask    | Interface | Flags |
[   20.516617] cloud-init[957]: ci-info: +-------+-------------+----------+---------------+-----------+-------+
[   20.518616] cloud-init[957]: ci-info: |   0   |   0.0.0.0   | 10.0.2.2 |    0.0.0.0    |   enp0s3  |   UG  |
[   20.520633] cloud-init[957]: ci-info: |   1   |   10.0.2.0  | 0.0.0.0  | 255.255.255.0 |   enp0s3  |   U   |
[   20.522627] cloud-init[957]: ci-info: +-------+-------------+----------+---------------+-----------+-------+
[   20.524649] cloud-init[957]: ci-info: +++++++++++++++++++Route IPv6 info+++++++++++++++++++
[   20.526375] cloud-init[957]: ci-info: +-------+-------------+---------+-----------+-------+
[   20.528073] cloud-init[957]: ci-info: | Route | Destination | Gateway | Interface | Flags |
[   20.529818] cloud-init[957]: ci-info: +-------+-------------+---------+-----------+-------+
[   20.531521] cloud-init[957]: ci-info: |   0   |  fe80::/64  |    ::   |   enp0s3  |   U   |
[   20.533232] cloud-init[957]: ci-info: |   3   |   ff00::/8  |    ::   |   enp0s3  |   U   |
[   20.534932] cloud-init[957]: ci-info: +-------+-------------+---------+-----------+-------+
[   20.536656] cloud-init[957]: Generating public/private rsa key pair.
[   20.538087] cloud-init[957]: Your identification has been saved in /etc/ssh/ssh_host_rsa_key.
[   20.539820] cloud-init[957]: Your public key has been saved in /etc/ssh/ssh_host_rsa_key.pub.
[   20.541565] cloud-init[957]: The key fingerprint is:
[   20.542771] cloud-init[957]: SHA256:Vb0KIyKnLnAOrRTyeKThHY2sJe1aqMXaaJd4HXmukyI root@ubuntu-xenial
[   20.544512] cloud-init[957]: The key's randomart image is:
[   20.545784] cloud-init[957]: +---[RSA 2048]----+
[   20.546977] cloud-init[957]: |            ..   |
[   20.548144] cloud-init[957]: |           .  .  |
[   20.549345] cloud-init[957]: |  o o     .    . |
[   20.550535] cloud-init[957]: |oo.*..o ..o   .  |
[   20.551696] cloud-init[957]: |oOO .+..S. o .   |
[   20.552918] cloud-init[957]: |==B+.o .    .    |
[   20.554078] cloud-init[957]: |o%+.o =          |
[   20.555240] cloud-init[957]: |=E+=.+ .         |
[   20.556414] cloud-init[957]: |. +...o          |
[   20.557576] cloud-init[957]: +----[SHA256]-----+
[   20.558732] cloud-init[957]: Generating public/private dsa key pair.
[   20.560114] cloud-init[957]: Your identification has been saved in /etc/ssh/ssh_host_dsa_key.
[   20.561831] cloud-init[957]: Your public key has been saved in /etc/ssh/ssh_host_dsa_key.pub.
[   20.563502] cloud-init[957]: The key fingerprint is:
[   20.564739] cloud-init[957]: SHA256:ySz4Uj7040iLB80IEoUFLLOoLVkONpaWVEBDlfAQQYo root@ubuntu-xenial
[   20.566436] cloud-init[957]: The key's randomart image is:
[   20.567666] cloud-init[957]: +---[DSA 1024]----+
[   20.568830] cloud-init[957]: |*/Xo.            |
[   20.569962] cloud-init[957]: |Bo+.             |
[   20.571094] cloud-init[957]: |E+o.             |
[   20.572262] cloud-init[957]: |=Bo  . o .       |
[   20.573395] cloud-init[957]: |=B...++ S        |
[   20.574525] cloud-init[957]: |+ o o=oo         |
[   20.575680] cloud-init[957]: | .  ..= o        |
[   20.576832] cloud-init[957]: |     +.= .       |
[   20.577959] cloud-init[957]: |    ..o .        |
[   20.579088] cloud-init[957]: +----[SHA256]-----+
[   20.580376] cloud-init[957]: Generating public/private ecdsa key pair.
[   20.585330] cloud-init[957]: Your identification has been saved in /etc/ssh/ssh_host_ecdsa_key.
[   20.591555] cloud-init[957]: Your public key has been saved in /etc/ssh/ssh_host_ecdsa_key.pub.
[   20.596724] cloud-init[957]: The key fingerprint is:
[   20.598710] cloud-init[957]: SHA256:TvzHP1cs7FNoEZZXjpZEJnwlIOpI3bcz+XNlMniDwz4 root@ubuntu-xenial
[   20.601487] cloud-init[957]: The key's randomart image is:
[   20.603545] cloud-init[957]: +---[ECDSA 256]---+
[   20.605515] cloud-init[957]: |          ..oo=o+|
[   20.607390] cloud-init[957]: |       . o ..+==.|
[   20.609252] cloud-init[957]: |      . o . .o+o.|
[   20.610994] cloud-init[957]: |     . +   o *.  |
[   20.612742] cloud-init[957]: |      . S   X.=+o|
[   20.614448] cloud-init[957]: |       o . o *===|
[   20.616128] cloud-init[957]: |        . . Eoooo|
[   20.617875] cloud-init[957]: |           . o+o.|
[   20.619554] cloud-init[957]: |              .+ |
[   20.621622] cloud-init[957]: +----[SHA256]-----+
[   20.622241] cloud-init[957]: Generating public/private ed25519 key pair.
[   20.622660] cloud-init[957]: Your identification has been saved in /etc/ssh/ssh_host_ed25519_key.
[   20.622893] cloud-init[957]: Your public key has been saved in /etc/ssh/ssh_host_ed25519_key.pub.
[   20.623116] cloud-init[957]: The key fingerprint is:
[   20.623375] cloud-init[957]: SHA256:+DIWbn1R26outB+uhI1lEJCjOV8GVsfxE0+BFStEtPc root@ubuntu-xenial
[   20.623580] cloud-init[957]: The key's randomart image is:
[   20.623802] cloud-init[957]: +--[ED25519 256]--+
[   20.624117] cloud-init[957]: |    .+o.o+=o=o   |
[   20.624550] cloud-init[957]: |    =  o.o.= .   |
[   20.624738] cloud-init[957]: |   + o.   = =    |
[   20.624963] cloud-init[957]: |  +   oo   = +   |
[   20.625191] cloud-init[957]: |   o oo S . . E  |
[   20.625420] cloud-init[957]: |    .. X.  . .   |
[   20.625649] cloud-init[957]: |      O.=.o .    |
[   20.625877] cloud-init[957]: |     o +oo o     |
[   20.626106] cloud-init[957]: |        .==      |
[   20.626336] cloud-init[957]: +----[SHA256]-----+
[[0;32m  OK  [0m] Started Initial cloud-init job (metadata service crawler).
[[0;32m  OK  [0m] Reached target System Initialization.
         Starting Socket activation for snappy daemon.
[[0;32m  OK  [0m] Listening on UUID daemon activation socket.
[[0;32m  OK  [0m] Started Daily apt download activities.
         Starting LXD - unix socket.
[[0;32m  OK  [0m] Started Daily apt upgrade and clean activities.
[[0;32m  OK  [0m] Started Daily Cleanup of Temporary Directories.
[[0;32m  OK  [0m] Reached target Timers.
[[0;32m  OK  [0m] Listening on D-Bus System Message Bus Socket.
[[0;32m  OK  [0m] Started ACPI Events Check.
[[0;32m  OK  [0m] Reached target Paths.
[[0;32m  OK  [0m] Listening on ACPID Listen Socket.
[[0;32m  OK  [0m] Reached target Cloud-config availability.
[[0;32m  OK  [0m] Reached target Network is Online.
         Starting iSCSI initiator daemon (iscsid)...
[[0;32m  OK  [0m] Listening on Socket activation for snappy daemon.
[[0;32m  OK  [0m] Listening on LXD - unix socket.
[[0;32m  OK  [0m] Reached target Sockets.
[[0;32m  OK  [0m] Reached target Basic System.
[[0;32m  OK  [0m] Started ACPI event daemon.
         Starting Login Service...
[[0;32m  OK  [0m] Started Unattended Upgrades Shutdown.
         Starting LSB: MD monitoring daemon...
         Starting Snappy daemon...
[[0;32m  OK  [0m] Started D-Bus System Message Bus.
         Starting LSB: Record successful boot for GRUB...
         Starting Virtualbox guest utils...
[[0;32m  OK  [0m] Started Regular background program processing daemon.
[[0;32m  OK  [0m] Started Deferred execution scheduler.
         Starting System Logging Service...
         Starting Pollinate to seed the pseudo random number generator...
         Starting LXD - container startup/shutdown...
         Starting /etc/rc.local Compatibility...
[[0;32m  OK  [0m] Started FUSE filesystem for LXC.
         Starting Accounts Service...
[[0;32m  OK  [0m] Started /etc/rc.local Compatibility.
[[0;32m  OK  [0m] Started Login Service.
[[0;32m  OK  [0m] Started iSCSI initiator daemon (iscsid).
         Starting Login to default iSCSI targets...
[[0;32m  OK  [0m] Started LSB: Record successful boot for GRUB.
[[0;32m  OK  [0m] Started LSB: MD monitoring daemon.
[[0;32m  OK  [0m] Started Login to default iSCSI targets.
[[0;32m  OK  [0m] Reached target Remote File Systems (Pre).
[[0;32m  OK  [0m] Reached target Remote File Systems.
         Starting LSB: Set the CPU Frequency Scaling governor to "ondemand"...
         Starting Permit User Sessions...
         Starting LSB: daemon to balance interrupts for SMP systems...
         Starting LSB: automatic crash report generation...
[[0;32m  OK  [0m] Started System Logging Service.
[[0;32m  OK  [0m] Started Permit User Sessions.
         Starting Hold until boot process finishes up...
         Starting Terminate Plymouth Boot Screen...
[[0;32m  OK  [0m] Started LSB: Set the CPU Frequency Scaling governor to "ondemand".
[[0;32m  OK  [0m] Started Hold until boot process finishes up.
[[0;32m  OK  [0m] Started Terminate Plymouth Boot Screen.
         Starting Set console scheme...
[[0;32m  OK  [0m] Started Getty on tty1.
[[0;32m  OK  [0m] Started Serial Getty on ttyS0.
[[0;32m  OK  [0m] Reached target Login Prompts.
[[0;32m  OK  [0m] Started Set console scheme.
[[0;32m  OK  [0m] Started LSB: automatic crash report generation.
[[0;32m  OK  [0m] Started Virtualbox guest utils.
[[0;32m  OK  [0m] Started LSB: daemon to balance interrupts for SMP systems.
         Starting Authenticate and Authorize Users to Run Privileged Tasks...
[[0;32m  OK  [0m] Started Authenticate and Authorize Users to Run Privileged Tasks.
[[0;32m  OK  [0m] Started Accounts Service.
[[0;32m  OK  [0m] Started Snappy daemon.
         Starting Wait until snapd is fully seeded...
[[0;32m  OK  [0m] Started LXD - container startup/shutdown.
[[0;32m  OK  [0m] Started Pollinate to seed the pseudo random number generator.
         Starting OpenBSD Secure Shell server...
[[0;32m  OK  [0m] Started OpenBSD Secure Shell server.
[   27.401238] cloud-init[1285]: Generating locales (this might take a while)...

Ubuntu 16.04.5 LTS ubuntu-xenial ttyS0

ubuntu-xenial login: [   28.626613] cloud-init[1285]:   en_US.UTF-8... done
[   28.628481] cloud-init[1285]: Generation complete.
[   29.606665] cloud-init[1285]: Cloud-init v. 18.3-9-g2e62cb8a-0ubuntu1~16.04.2 running 'modules:config' at Wed, 05 Sep 2018 21:24:03 +0000. Up 27.18 seconds.
ci-info: no authorized ssh keys fingerprints found for user ubuntu.
<14>Sep  5 21:24:06 ec2: 
<14>Sep  5 21:24:06 ec2: #############################################################
<14>Sep  5 21:24:06 ec2: -----BEGIN SSH HOST KEY FINGERPRINTS-----
<14>Sep  5 21:24:06 ec2: 1024 SHA256:ySz4Uj7040iLB80IEoUFLLOoLVkONpaWVEBDlfAQQYo root@ubuntu-xenial (DSA)
<14>Sep  5 21:24:06 ec2: 256 SHA256:TvzHP1cs7FNoEZZXjpZEJnwlIOpI3bcz+XNlMniDwz4 root@ubuntu-xenial (ECDSA)
<14>Sep  5 21:24:06 ec2: 256 SHA256:+DIWbn1R26outB+uhI1lEJCjOV8GVsfxE0+BFStEtPc root@ubuntu-xenial (ED25519)
<14>Sep  5 21:24:06 ec2: 2048 SHA256:Vb0KIyKnLnAOrRTyeKThHY2sJe1aqMXaaJd4HXmukyI root@ubuntu-xenial (RSA)
<14>Sep  5 21:24:06 ec2: -----END SSH HOST KEY FINGERPRINTS-----
<14>Sep  5 21:24:06 ec2: #############################################################
-----BEGIN SSH HOST KEY KEYS-----
ecdsa-sha2-nistp256 AAAAE2VjZHNhLXNoYTItbmlzdHAyNTYAAAAIbmlzdHAyNTYAAABBBPjaHIsQQsJtOAxKxHm/1UA2iEPRjjkhycPFN9ZOcVjyU5rW9Bz03twxFMGM5YLRVL08TRLxJZYG1MbECahsXvY= root@ubuntu-xenial
ssh-ed25519 AAAAC3NzaC1lZDI1NTE5AAAAIBs8Pu39lmSBkraWPXCaY8Q/H0Cg1yLQSazr/q6O0sty root@ubuntu-xenial
ssh-rsa AAAAB3NzaC1yc2EAAAADAQABAAABAQC9rA9u00K5zLP/bFlZhPUUOLunKdJMsjfYHulvjVuI6NbEVsGT6Fc2nTR6YDnTWBi8ElaY707S3iBRzUK7nyyqi5/bZAut3WFO0idOm3UYHxOlEE924rhgWb6RX1bf3XJfmcLM3J5ynKYwIh54qwu5a5zEig398KZ7LpJx70igYPMhR+5vJZBM2aS4Y+kQauL6pt0jtrlJ/vlXDNaZTExsFIILnt0UkdtSHWb0CtNXh4jfe0o2fBhkmAyymtMN33vLeZnkzCL7H8hvkPxdZqVYGzHXOLWBFspLmoSVra85jrGWtEu5zcSEl9F/zCw3krXevY+FCmjB/canupCzd2BR root@ubuntu-xenial
-----END SSH HOST KEY KEYS-----
[   30.258640] cloud-init[1430]: Cloud-init v. 18.3-9-g2e62cb8a-0ubuntu1~16.04.2 running 'modules:final' at Wed, 05 Sep 2018 21:24:06 +0000. Up 29.99 seconds.
[   30.259016] cloud-init[1430]: ci-info: no authorized ssh keys fingerprints found for user ubuntu.
[   30.259567] cloud-init[1430]: Cloud-init v. 18.3-9-g2e62cb8a-0ubuntu1~16.04.2 finished at Wed, 05 Sep 2018 21:24:06 +0000. Datasource DataSourceNoCloud [seed=/dev/sdb][dsmode=net].  Up 30.24 seconds
