[  0.000000] Initializing cgroup subsys cpuset
[    0.000000] Initializing cgroup subsys cpu
[    0.000000] Initializing cgroup subsys cpuacct
[    0.000000] Linux version 4.4.0-134-generic (buildd@lgw01-amd64-033) (gcc version 5.4.0 20160609 (Ubuntu 5.4.0-6ubuntu1~16.04.10) ) #160-Ubuntu SMP Wed Aug 15 14:58:00 UTC 2018 (Ubuntu 4.4.0-134.160-generic 4.4.140)
[    0.000000] Command line: BOOT_IMAGE=/boot/vmlinuz-4.4.0-134-generic root=LABEL=cloudimg-rootfs ro console=tty1 console=ttyS0
[    0.000000] KERNEL supported cpus:
[    0.000000]   Intel GenuineIntel
[    0.000000]   AMD AuthenticAMD
[    0.000000]   Centaur CentaurHauls
[    0.000000] x86/fpu: xstate_offset[2]:  576, xstate_sizes[2]:  256
[    0.000000] x86/fpu: Supporting XSAVE feature 0x01: 'x87 floating point registers'
[    0.000000] x86/fpu: Supporting XSAVE feature 0x02: 'SSE registers'
[    0.000000] x86/fpu: Supporting XSAVE feature 0x04: 'AVX registers'
[    0.000000] x86/fpu: Enabled xstate features 0x7, context size is 832 bytes, using 'standard' format.
[    0.000000] e820: BIOS-provided physical RAM map:
[    0.000000] BIOS-e820: [mem 0x0000000000000000-0x000000000009fbff] usable
[    0.000000] BIOS-e820: [mem 0x000000000009fc00-0x000000000009ffff] reserved
[    0.000000] BIOS-e820: [mem 0x00000000000f0000-0x00000000000fffff] reserved
[    0.000000] BIOS-e820: [mem 0x0000000000100000-0x000000003ffeffff] usable
[    0.000000] BIOS-e820: [mem 0x000000003fff0000-0x000000003fffffff] ACPI data
[    0.000000] BIOS-e820: [mem 0x00000000fec00000-0x00000000fec00fff] reserved
[    0.000000] BIOS-e820: [mem 0x00000000fee00000-0x00000000fee00fff] reserved
[    0.000000] BIOS-e820: [mem 0x00000000fffc0000-0x00000000ffffffff] reserved
[    0.000000] NX (Execute Disable) protection: active
[    0.000000] SMBIOS 2.5 present.
[    0.000000] Hypervisor detected: KVM
[    0.000000] e820: last_pfn = 0x3fff0 max_arch_pfn = 0x400000000
[    0.000000] MTRR: Disabled
[    0.000000] x86/PAT: MTRRs disabled, skipping PAT initialization too.
[    0.000000] CPU MTRRs all blank - virtualized system.
[    0.000000] x86/PAT: Configuration [0-7]: WB  WT  UC- UC  WB  WT  UC- UC  
[    0.000000] found SMP MP-table at [mem 0x0009fff0-0x0009ffff] mapped at [ffff88000009fff0]
[    0.000000] Scanning 1 areas for low memory corruption
[    0.000000] RAMDISK: [mem 0x3630c000-0x3717dfff]
[    0.000000] ACPI: Early table checksum verification disabled
[    0.000000] ACPI: RSDP 0x00000000000E0000 000024 (v02 VBOX  )
[    0.000000] ACPI: XSDT 0x000000003FFF0030 00003C (v01 VBOX   VBOXXSDT 00000001 ASL  00000061)
[    0.000000] ACPI: FACP 0x000000003FFF00F0 0000F4 (v04 VBOX   VBOXFACP 00000001 ASL  00000061)
[    0.000000] ACPI: DSDT 0x000000003FFF0470 0021FF (v02 VBOX   VBOXBIOS 00000002 INTL 20160108)
[    0.000000] ACPI: FACS 0x000000003FFF0200 000040
[    0.000000] ACPI: FACS 0x000000003FFF0200 000040
[    0.000000] ACPI: APIC 0x000000003FFF0240 00005C (v02 VBOX   VBOXAPIC 00000001 ASL  00000061)
[    0.000000] ACPI: SSDT 0x000000003FFF02A0 0001CC (v01 VBOX   VBOXCPUT 00000002 INTL 20160108)
[    0.000000] No NUMA configuration found
[    0.000000] Faking a node at [mem 0x0000000000000000-0x000000003ffeffff]
[    0.000000] NODE_DATA(0) allocated [mem 0x3ffeb000-0x3ffeffff]
[    0.000000] kvm-clock: Using msrs 4b564d01 and 4b564d00
[    0.000000] kvm-clock: cpu 0, msr 0:3ffe3001, primary cpu clock
[    0.000000] kvm-clock: using sched offset of 3532712605 cycles
[    0.000000] clocksource: kvm-clock: mask: 0xffffffffffffffff max_cycles: 0x1cd42e4dffb, max_idle_ns: 881590591483 ns
[    0.000000] Zone ranges:
[    0.000000]   DMA      [mem 0x0000000000001000-0x0000000000ffffff]
[    0.000000]   DMA32    [mem 0x0000000001000000-0x000000003ffeffff]
[    0.000000]   Normal   empty
[    0.000000]   Device   empty
[    0.000000] Movable zone start for each node
[    0.000000] Early memory node ranges
[    0.000000]   node   0: [mem 0x0000000000001000-0x000000000009efff]
[    0.000000]   node   0: [mem 0x0000000000100000-0x000000003ffeffff]
[    0.000000] Initmem setup node 0 [mem 0x0000000000001000-0x000000003ffeffff]
[    0.000000] ACPI: PM-Timer IO Port: 0x4008
[    0.000000] IOAPIC[0]: apic_id 2, version 32, address 0xfec00000, GSI 0-23
[    0.000000] ACPI: INT_SRC_OVR (bus 0 bus_irq 0 global_irq 2 dfl dfl)
[    0.000000] ACPI: INT_SRC_OVR (bus 0 bus_irq 9 global_irq 9 low level)
[    0.000000] Using ACPI (MADT) for SMP configuration information
[    0.000000] smpboot: Allowing 2 CPUs, 0 hotplug CPUs
[    0.000000] PM: Registered nosave memory: [mem 0x00000000-0x00000fff]
[    0.000000] PM: Registered nosave memory: [mem 0x0009f000-0x0009ffff]
[    0.000000] PM: Registered nosave memory: [mem 0x000a0000-0x000effff]
[    0.000000] PM: Registered nosave memory: [mem 0x000f0000-0x000fffff]
[    0.000000] e820: [mem 0x40000000-0xfebfffff] available for PCI devices
[    0.000000] Booting paravirtualized kernel on KVM
[    0.000000] clocksource: refined-jiffies: mask: 0xffffffff max_cycles: 0xffffffff, max_idle_ns: 7645519600211568 ns
[    0.000000] setup_percpu: NR_CPUS:512 nr_cpumask_bits:512 nr_cpu_ids:2 nr_node_ids:1
[    0.000000] PERCPU: Embedded 34 pages/cpu @ffff88003fc00000 s99544 r8192 d31528 u1048576
[    0.000000] PV qspinlock hash table entries: 256 (order: 0, 4096 bytes)
[    0.000000] Built 1 zonelists in Node order, mobility grouping on.  Total pages: 257912
[    0.000000] Policy zone: DMA32
[    0.000000] Kernel command line: BOOT_IMAGE=/boot/vmlinuz-4.4.0-134-generic root=LABEL=cloudimg-rootfs ro console=tty1 console=ttyS0
[    0.000000] PID hash table entries: 4096 (order: 3, 32768 bytes)
[    0.000000] Memory: 997724K/1048120K available (8554K kernel code, 1314K rwdata, 4004K rodata, 1516K init, 1316K bss, 50396K reserved, 0K cma-reserved)
[    0.000000] SLUB: HWalign=64, Order=0-3, MinObjects=0, CPUs=2, Nodes=1
[    0.000000] Kernel/User page tables isolation: enabled
[    0.000000] Hierarchical RCU implementation.
[    0.000000] 	Build-time adjustment of leaf fanout to 64.
[    0.000000] 	RCU restricting CPUs from NR_CPUS=512 to nr_cpu_ids=2.
[    0.000000] RCU: Adjusting geometry for rcu_fanout_leaf=64, nr_cpu_ids=2
[    0.000000] NR_IRQS:33024 nr_irqs:440 16
[    0.000000] Console: colour VGA+ 80x25
[    0.000000] console [tty1] enabled
[    0.000000] console [ttyS0] enabled
[    0.000000] tsc: Detected 2099.982 MHz processor
[    0.170873] Calibrating delay loop (skipped) preset value.. 4199.96 BogoMIPS (lpj=8399928)
[    0.172302] pid_max: default: 32768 minimum: 301
[    0.173152] ACPI: Core revision 20150930
[    0.174711] ACPI: 2 ACPI AML tables successfully acquired and loaded
[    0.175835] Security Framework initialized
[    0.176540] Yama: becoming mindful.
[    0.177295] AppArmor: AppArmor initialized
[    0.178088] Dentry cache hash table entries: 131072 (order: 8, 1048576 bytes)
[    0.180139] Inode-cache hash table entries: 65536 (order: 7, 524288 bytes)
[    0.181313] Mount-cache hash table entries: 2048 (order: 2, 16384 bytes)
[    0.182347] Mountpoint-cache hash table entries: 2048 (order: 2, 16384 bytes)
[    0.183525] Initializing cgroup subsys io
[    0.184224] Initializing cgroup subsys memory
[    0.185009] Initializing cgroup subsys devices
[    0.185805] Initializing cgroup subsys freezer
[    0.186549] Initializing cgroup subsys net_cls
[    0.187291] Initializing cgroup subsys perf_event
[    0.188064] Initializing cgroup subsys net_prio
[    0.188876] Initializing cgroup subsys hugetlb
[    0.189703] Initializing cgroup subsys pids
[    0.191175] mce: CPU supports 0 MCE banks
[    0.191890] Last level iTLB entries: 4KB 64, 2MB 8, 4MB 8
[    0.192742] Last level dTLB entries: 4KB 64, 2MB 0, 4MB 0, 1GB 4
[    0.193761] Spectre V2 : Mitigation: Full generic retpoline
[    0.194634] Spectre V2 : Speculation control IBPB not-supported IBRS not-supported
[    0.195723] Speculative Store Bypass: Vulnerable
[    0.198955] Freeing SMP alternatives memory: 32K
[    0.206879] ftrace: allocating 32266 entries in 127 pages
[    0.256638] smpboot: APIC(0) Converting physical 0 to logical package 0
[    0.257792] smpboot: Max logical packages: 1
[    0.258911] x2apic enabled
[    0.259753] Switched APIC routing to physical x2apic.
[    0.261767] ..TIMER: vector=0x30 apic1=0 pin1=2 apic2=-1 pin2=-1
[    0.369682] smpboot: CPU0: Intel(R) Xeon(R) CPU E5-2620 v4 @ 2.10GHz (family: 0x6, model: 0x4f, stepping: 0x1)
[    0.371724] Performance Events: unsupported p6 CPU model 79 no PMU driver, software events only.
[    0.373551] KVM setup paravirtual spinlock
[    0.375003] x86: Booting SMP configuration:
[    0.375838] .... node  #0, CPUs:      #1
[    0.376908] kvm-clock: cpu 1, msr 0:3ffe3041, secondary cpu clock
[    0.379480] mce: CPU supports 0 MCE banks
[    0.382437] x86: Booted up 1 node, 2 CPUs
[    0.383427] smpboot: Total of 2 processors activated (8399.92 BogoMIPS)
[    0.385058] devtmpfs: initialized
[    0.387171] evm: security.selinux
[    0.387885] evm: security.SMACK64
[    0.388607] evm: security.SMACK64EXEC
[    0.389386] evm: security.SMACK64TRANSMUTE
[    0.390233] evm: security.SMACK64MMAP
[    0.391018] evm: security.ima
[    0.391678] evm: security.capability
[    0.392644] clocksource: jiffies: mask: 0xffffffff max_cycles: 0xffffffff, max_idle_ns: 7645041785100000 ns
[    0.394600] futex hash table entries: 512 (order: 3, 32768 bytes)
[    0.395863] pinctrl core: initialized pinctrl subsystem
[    0.396988] RTC time: 23:34:52, date: 09/11/18
[    0.398099] NET: Registered protocol family 16
[    0.409460] cpuidle: using governor ladder
[    0.421745] cpuidle: using governor menu
[    0.422564] PCCT header not found.
[    0.423327] ACPI: bus type PCI registered
[    0.424148] acpiphp: ACPI Hot Plug PCI Controller Driver version: 0.5
[    0.425797] PCI: Using configuration type 1 for base access
[    0.438950] ACPI: Added _OSI(Module Device)
[    0.440196] ACPI: Added _OSI(Processor Device)
[    0.441490] ACPI: Added _OSI(3.0 _SCP Extensions)
[    0.442781] ACPI: Added _OSI(Processor Aggregator Device)
[    0.445213] ACPI: Executed 1 blocks of module-level executable AML code
[    0.450109] ACPI: Interpreter enabled
[    0.451199] ACPI: (supports S0 S5)
[    0.452218] ACPI: Using IOAPIC for interrupt routing
[    0.453736] PCI: Using host bridge windows from ACPI; if necessary, use "pci=nocrs" and report a bug
[    0.460908] ACPI: PCI Root Bridge [PCI0] (domain 0000 [bus 00-ff])
[    0.462344] acpi PNP0A03:00: _OSC: OS supports [ASPM ClockPM Segments MSI]
[    0.463898] acpi PNP0A03:00: _OSC: not requesting OS control; OS requires [ExtendedConfig ASPM ClockPM MSI]
[    0.467402] acpi PNP0A03:00: fail to add MMCONFIG information, can't access extended PCI configuration space under this bridge.
[    0.470349] PCI host bridge to bus 0000:00
[    0.471396] pci_bus 0000:00: root bus resource [io  0x0000-0x0cf7 window]
[    0.472901] pci_bus 0000:00: root bus resource [io  0x0d00-0xffff window]
[    0.474416] pci_bus 0000:00: root bus resource [mem 0x000a0000-0x000bffff window]
[    0.476299] pci_bus 0000:00: root bus resource [mem 0x40000000-0xfdffffff window]
[    0.478151] pci_bus 0000:00: root bus resource [bus 00-ff]
[    0.481307] pci 0000:00:01.1: legacy IDE quirk: reg 0x10: [io  0x01f0-0x01f7]
[    0.482821] pci 0000:00:01.1: legacy IDE quirk: reg 0x14: [io  0x03f6]
[    0.484213] pci 0000:00:01.1: legacy IDE quirk: reg 0x18: [io  0x0170-0x0177]
[    0.485706] pci 0000:00:01.1: legacy IDE quirk: reg 0x1c: [io  0x0376]
[    0.507966] pci 0000:00:07.0: quirk: [io  0x4000-0x403f] claimed by PIIX4 ACPI
[    0.518347] pci 0000:00:07.0: quirk: [io  0x4100-0x410f] claimed by PIIX4 SMB
[    0.532502] ACPI: PCI Interrupt Link [LNKA] (IRQs 5 9 10 *11)
[    0.534052] ACPI: PCI Interrupt Link [LNKB] (IRQs 5 9 *10 11)
[    0.535415] ACPI: PCI Interrupt Link [LNKC] (IRQs 5 *9 10 11)
[    0.536719] ACPI: PCI Interrupt Link [LNKD] (IRQs 5 9 10 *11)
[    0.538340] ACPI: Enabled 2 GPEs in block 00 to 07
[    0.539732] vgaarb: setting as boot device: PCI:0000:00:02.0
[    0.540926] vgaarb: device added: PCI:0000:00:02.0,decodes=io+mem,owns=io+mem,locks=none
[    0.542701] vgaarb: loaded
[    0.543356] vgaarb: bridge control possible 0000:00:02.0
[    0.544652] SCSI subsystem initialized
[    0.545719] ACPI: bus type USB registered
[    0.546561] usbcore: registered new interface driver usbfs
[    0.547651] usbcore: registered new interface driver hub
[    0.548786] usbcore: registered new device driver usb
[    0.550855] PCI: Using ACPI for IRQ routing
[    0.551983] NetLabel: Initializing
[    0.552750] NetLabel:  domain hash size = 128
[    0.553669] NetLabel:  protocols = UNLABELED CIPSOv4
[    0.554653] NetLabel:  unlabeled traffic allowed by default
[    0.555944] amd_nb: Cannot enumerate AMD northbridges
[    0.557079] clocksource: Switched to clocksource kvm-clock
[    0.565070] AppArmor: AppArmor Filesystem Enabled
[    0.566091] pnp: PnP ACPI init
[    0.567433] pnp: PnP ACPI: found 3 devices
[    0.578025] clocksource: acpi_pm: mask: 0xffffff max_cycles: 0xffffff, max_idle_ns: 2085701024 ns
[    0.579748] NET: Registered protocol family 2
[    0.580775] TCP established hash table entries: 8192 (order: 4, 65536 bytes)
[    0.581965] TCP bind hash table entries: 8192 (order: 5, 131072 bytes)
[   5833TC Hh bl cfire(eabsh 82 nd19
  1.49576] UDP hash table entries: 512 (order: 2, 16384 bytes)
[    1.673534] UDP-Lite hash table entries: 512 (order: 2, 16384 bytes)
[  2201]ETRestedrooc family 1
[  2000]ci00000. Litg re P/P tnsrs[  3343]ci0000:00:01.0: Activating ISA DMA hang workarounds
[    3.459236] Unpacking initramfs...
[    3.714992] Freeing initrd memory: 14792K
[    4.119417] platform tt__cmos: registerdd platform RTC device (no PNP device found)
[    4.599912] Scanning for low memory corruption every 60 seconds
[    4.601655] audit: initializing netlink subsys (disabled)
[    4.602808] audit: type=2000 audit(1536708901.671:1): initialized
[    4.604348] Initialise system trusted keyring
[    4.605624] HugeTLB registered 2 MB page size, pre-allocated 0 pages
[    4.611702] zbud: loaded
[    4.612886] VFS: Disk quotas dquot_6.6.0
[    4.613901] VFS: Dquot-cache hash table entries: 512 (order 0, 4096 bytes)
[    4.615559] squashfs: version 4.0 (2009/01/31) Phillip Lougher
[    4.617187] fuse init (API version 7.23)
[    4.618247] Key type big_key registered
[    4.619200] Allocating IMA MOK and blacklist keyrings.
[    4.621891] Key type asymmetric registered
[    4.623502] Asymmetric key parser 'x509' registered
[    4.625375] Block layer SCSI generic (bsg) driver version 0.4 loaded (major 249)
[    4.633445] io scheduler noop registered
[    4.634996] io scheduler deadline registered (default)
[    4.636936] io scheduler cfq registered
[    4.638607] pci_hotplug: PCI Hot Plug PCI Core version: 0.5
[    4.640555] pciehp: PCI Express Hot Plug Controller Driver version: 0.4
[    4.642963] ACPI: AC Adapter [AC] (on-line)
[    4.644565] input: Power Button as /devices/LNXSYSTM:00/LNXPWRBN:00/input/input0
[    4.647191] ACPI: Power Button [PWRF]
[    4.648591] input: Sleep Button as /devices/LNXSYSTM:00/LNXSLPBN:00/input/input1
[    4.651178] ACPI: Sleep Button [SLPF]
[    4.652846] GHES: HEST is not enabled!
[    4.654467] Serial: 8250/16550 driver, 32 ports, IRQ sharing enabled
[    4.679677] 00:02: ttyS0 at I/O 0x3f8 (irq = 4, base_baud = 115200) is a 16550A
[    4.683498] Linux agpgart interface v0.103
[    4.687030] loop: module loaded
[    4.688870] scsi host0: ata_piix
[    4.690193] scsi host1: ata_piix
[    4.691253] ata1: PATA max UDMA/33 cmd 0x1f0 ctl 0x3f6 bmdma 0xd000 irq 14
[    4.692955] ata2: PATA max UDMA/33 cmd 0x170 ctl 0x376 bmdma 0xd008 irq 15
[    4.695123] libphy: Fixed MDIO Bus: probed
[    4.696308] tun: Universal TUN/TAP device driver, 1.6
[    4.697675] tun: (C) 1999-2004 Max Krasnyansky <maxk@qualcomm.com>
[    4.699299] PPP generic driver version 2.4.2
[    4.700507] ehci_hcd: USB 2.0 'Enhanced' Host Controller (EHCI) Driver
[    4.709563] ehci-pci: EHCI PCI platform driver
[    4.710700] ehci-platform: EHCI generic platform driver
[    4.711975] ohci_hcd: USB 1.1 'Open' Host Controller (OHCI) Driver
[    4.713411] ohci-pci: OHCI PCI platform driver
[    4.714560] ohci-platform: OHCI generic platform driver
[    4.715817] uhci_hcd: USB Universal Host Controller Interface driver
[    4.717325] i8042: PNP: PS/2 Controller [PNP0303:PS2K,PNP0f03:PS2M] at 0x60,0x64 irq 1,12
[    4.719874] serio: i8042 KBD port at 0x60,0x64 irq 1
[    4.721056] serio: i8042 AUX port at 0x60,0x64 irq 12
[    4.722391] mousedev: PS/2 mouse device common for all mice
[    4.724144] rtc_cmos rtc_cmos: rtc core: registered rtc_cmos as rtc0
[    4.725695] rtc_cmos rtc_cmos: alarms up to one day, 114 bytes nvram
[    4.727140] input: AT Translated Set 2 keyboard as /devices/platform/i8042/serio0/input/input2
[    4.729248] i2c /dev entries driver
[    4.730339] device-mapper: uevent: version 1.0.3
[    4.731523] device-mapper: ioctl: 4.34.0-ioctl (2015-10-28) initialised: dm-devel@redhat.com
[    4.733543] ledtrig-cpu: registered to indicate activity on CPUs
[    4.735514] NET: Registered protocol family 10
[    4.736894] NET: Registered protocol family 17
[    4.738055] Key type dns_resolver registered
[    4.739389] registered taskstats version 1
[    4.740414] Loading compiled-in X.509 certificates
[    4.742417] Loaded X.509 cert 'Build time autogenerated kernel key: 4eb3d024ac16f76c1747ffd474694c84db21038b'
[    4.744687] zswap: loaded using pool lzo/zbud
[    4.749344] Key type trusted registered
[    4.756084] Key type encrypted registered
[    4.757097] AppArmor: AppArmor sha1 policy hashing enabled
[    4.758360] ima: No TPM chip found, activating TPM-bypass!
[    4.759642] ima: Allocated hash algorithm: sha1
[    4.760735] evm: HMAC attrs: 0x1
[    4.762118]   Magic number: 2:316:605
[    4.763207] rtc_cmos rtc_cmos: setting system clock to 2018-09-11 23:34:57 UTC (1536708897)
[    4.765418] BIOS EDD facility v0.16 2004-Jun-25, 0 devices found
[    4.766754] EDD information not available.
[    4.855684] Freeing unused kernel memory: 1516K
[    4.857569] Write protecting the kernel read-only data: 14336k
[    4.861025] Freeing unused kernel memory: 1672K
[    4.863467] Freeing unused kernel memory: 92K
Loading, please wait...
starting version 229
[    4.892469] random: systemd-udevd: uninitialized urandom read (16 bytes read, 3 bits of entropy available)
[    4.893757] random: udevadm: uninitialized urandom read (16 bytes read, 3 bits of entropy available)
[    4.893800] random: udevadm: uninitialized urandom read (16 bytes read, 3 bits of entropy available)
[    4.902936] random: systemd-udevd: uninitialized urandom read (16 bytes read, 3 bits of entropy available)
[    4.906407] random: systemd-udevd: uninitialized urandom read (16 bytes read, 3 bits of entropy available)
[    4.908334] random: udevadm: uninitialized urandom read (16 bytes read, 3 bits of entropy available)
[    4.908412] random: udevadm: uninitialized urandom read (16 bytes read, 3 bits of entropy available)
[    4.908657] random: udevadm: uninitialized urandom read (16 bytes read, 3 bits of entropy available)
[    4.908749] random: udevadm: uninitialized urandom read (16 bytes read, 3 bits of entropy available)
[    4.908853] random: udevadm: uninitialized urandom read (16 bytes read, 3 bits of entropy available)
[    4.976291] e1000: Intel(R) PRO/1000 Network Driver - version 7.3.21-k8-NAPI
[    4.977991] e1000: Copyright (c) 1999-2006 Intel Corporation.
[    4.980520] Fusion MPT base driver 3.04.20
[    4.981764] Copyright (c) 1999-2008 LSI Corporation
[    5.012254] AVX2 version of gcm_enc/dec engaged.
[    5.014690] AES CTR mode by8 optimization enabled
[    5.019221] Fusion MPT SPI Host driver 3.04.20
[    5.122122] tsc: Refined TSC clocksource calibration: 2101.320 MHz
[    5.123500] clocksource: tsc: mask: 0xffffffffffffffff max_cycles: 0x1e4a0f795c6, max_idle_ns: 440795260246 ns
[    5.208302] input: ImExPS/2 Generic Explorer Mouse as /devices/platform/i8042/serio1/input/input4
[    5.363128] e1000 0000:00:03.0 eth0: (PCI:33MHz:32-bit) 02:1d:76:b3:3c:fe
[    5.365489] e1000 0000:00:03.0 eth0: Intel(R) PRO/1000 Network Connection
[    5.741883] e1000 0000:00:08.0 eth1: (PCI:33MHz:32-bit) 08:00:27:ec:f9:8f
[    5.758270] e1000 0000:00:08.0 eth1: Intel(R) PRO/1000 Network Connection
[    5.762891] e1000 0000:00:03.0 enp0s3: renamed from eth0
[    5.772084] mptbase: ioc0: Initiating bringup
[    5.801521] e1000 0000:00:08.0 enp0s8: renamed from eth1
[    6.099289] ioc0: LSI53C1030 A0: Capabilities={Initiator}
[    6.391884] scsi host2: ioc0: LSI53C1030 A0, FwRev=00000000h, Ports=1, MaxQ=256, IRQ=20
[    6.505685] scsi 2:0:0:0: Direct-Access     VBOX     HARDDISK         1.0  PQ: 0 ANSI: 5
[    6.509100] scsi target2:0:0: Beginning Domain Validation
[    6.512594] scsi target2:0:0: Domain Validation skipping write tests
[    6.515038] scsi target2:0:0: Ending Domain Validation
[    6.517228] scsi target2:0:0: asynchronous
[    6.519677] scsi 2:0:1:0: Direct-Access     VBOX     HARDDISK         1.0  PQ: 0 ANSI: 5
[    6.523077] scsi target2:0:1: Beginning Domain Validation
[    6.526433] scsi target2:0:1: Domain Validation skipping write tests
[    6.528623] scsi target2:0:1: Ending Domain Validation
[    6.549599] scsi target2:0:1: asynchronous
[    6.560703] sd 2:0:0:0: Attached scsi generic sg0 type 0
[    6.562871] sd 2:0:1:0: [sdb] 20480 512-byte logical blocks: (10.5 MB/10.0 MiB)
[    6.563009] sd 2:0:0:0: [sda] 20971520 512-byte logical blocks: (10.7 GB/10.0 GiB)
[    6.567898] sd 2:0:1:0: Attached scsi generic sg1 type 0
[    6.569656] sd 2:0:1:0: [sdb] Write Protect is off
[    6.569665] sd 2:0:0:0: [sda] Write Protect is off
[    6.572813] sd 2:0:0:0: [sda] Incomplete mode parameter data
[    6.572874] sd 2:0:1:0: [sdb] Incomplete mode parameter data
[    6.572876] sd 2:0:1:0: [sdb] Assuming drive cache: write through
[    6.579286] sd 2:0:0:0: [sda] Assuming drive cache: write through
[    6.594399]  sda: sda1
[    6.596805] sd 2:0:0:0: [sda] Attached SCSI disk
[    6.598906] sd 2:0:1:0: [sdb] Attached SCSI disk
Begin: Loading essential drivers ... [    8.127065] md: linear personality registered for level -1
[    8.133234] md: multipath personality registered for level -4
[    8.139322] md: raid0 personality registered for level 0
[    8.145753] md: raid1 personality registered for level 1
[    8.221157] raid6: sse2x1   gen()  5600 MB/s
[    8.413168] raid6: sse2x1   xor()  5093 MB/s
[    8.609185] raid6: sse2x2   gen()  8297 MB/s
[    8.805175] raid6: sse2x2   xor()  5502 MB/s
[    9.001168] raid6: sse2x4   gen() 13756 MB/s
[    9.193086] raid6: sse2x4   xor()  4406 MB/s
[    9.261177] raid6: avx2x1   gen() 11795 MB/s
[    9.457157] raid6: avx2x2   gen() 14864 MB/s
[    9.621172] raid6: avx2x4   gen() 17316 MB/s
[    9.622206] raid6: using algorithm avx2x4 gen() 17316 MB/s
[    9.623433] raid6: using avx2x2 recovery algorithm
[    9.627195] xor: automatically using best checksumming function:
[    9.689488]    avx       : 30678.000 MB/sec
[    9.692564] async_tx: api initialized (async)
[    9.708039] md: raid6 personality registered for level 6
[    9.710042] md: raid5 personality registered for level 5
[    9.711954] md: raid4 personality registered for level 4
[    9.723318] md: raid10 personality registered for level 10
done.
Begin: Running /scripts/init-premount ... done.
Begin: Mounting root file system ... Begin: Running /scripts/local-top ... done.
Begin: Running /scripts/local-premount ... [    9.780596] Btrfs loaded
Scanning for Btrfs filesystems
done.
Warning: fsck not present, so skipping root file system
[    9.834844] EXT4-fs (sda1): mounted filesystem with ordered data mode. Opts: (null)
done.
Begin: Running /scripts/local-bottom ... done.
Begin: Running /scripts/init-bottom ... done.
[   10.179396] systemd[1]: systemd 229 running in system mode. (+PAM +AUDIT +SELINUX +IMA +APPARMOR +SMACK +SYSVINIT +UTMP +LIBCRYPTSETUP +GCRYPT +GNUTLS +ACL +XZ -LZ4 +SECCOMP +BLKID +ELFUTILS +KMOD -IDN)
[   10.264153] systemd[1]: Detected virtualization oracle.
[   10.265589] systemd[1]: Detected architecture x86-64.

Welcome to [1mUbuntu 16.04.5 LTS[0m!

[   10.394366] systemd[1]: Set hostname to <ubuntu>.
[   10.413630] systemd[1]: Initializing machine ID from random generator.
[   10.415919] systemd[1]: Installed transient /etc/machine-id file.
[   10.661335] random: nonblocking pool is initialized
[   10.780779] systemd[1]: Listening on LVM2 poll daemon socket.
[[0;32m  OK  [0m] Listening on LVM2 poll daemon socket.
[   10.785310] systemd[1]: Listening on /dev/initctl Compatibility Named Pipe.
[[0;32m  OK  [0m] Listening on /dev/initctl Compatibility Named Pipe.
[   10.790095] systemd[1]: Listening on udev Control Socket.
[[0;32m  OK  [0m] Listening on udev Control Socket.
[   10.793928] systemd[1]: Reached target Encrypted Volumes.
[[0;32m  OK  [0m] Reached target Encrypted Volumes.
[   10.797821] systemd[1]: Listening on Syslog Socket.
[[0;32m  OK  [0m] Listening on Syslog Socket.
[   10.801438] systemd[1]: Reached target System Time Synchronized.
[[0;32m  OK  [0m] Reached target System Time Synchronized.
[   10.805301] systemd[1]: Listening on Journal Socket.
[[0;32m  OK  [0m] Listening on Journal Socket.
[   10.808909] systemd[1]: Set up automount Arbitrary Executable File Formats File System Automount Point.
[[0;32m  OK  [0m] Set up automount Arbitrary Executab...ats File System Automount Point.
[   10.814184] systemd[1]: Reached target Swap.
[[0;32m  OK  [0m] Reached target Swap.
[   10.817176] systemd[1]: Started Trigger resolvconf update for networkd DNS.
[[0;32m  OK  [0m] Started Trigger resolvconf update for networkd DNS.
[   10.821556] systemd[1]: Created slice User and Session Slice.
[[0;32m  OK  [0m] Created slice User and Session Slice.
[   10.825103] systemd[1]: Started Forward Password Requests to Wall Directory Watch.
[[0;32m  OK  [0m] Started Forward Password Requests to Wall Directory Watch.
[   10.829356] systemd[1]: Reached target User and Group Name Lookups.
[[0;32m  OK  [0m] Reached target User and Group Name Lookups.
[   10.832820] systemd[1]: Listening on udev Kernel Socket.
[[0;32m  OK  [0m] Listening on udev Kernel Socket.
[   10.836009] systemd[1]: Listening on Device-mapper event daemon FIFOs.
[[0;32m  OK  [0m] Listening on Device-mapper event daemon FIFOs.
[   10.839783] systemd[1]: Created slice System Slice.
[[0;32m  OK  [0m] Created slice System Slice.
[   10.857390] systemd[1]: Mounting POSIX Message Queue File System...
         Mounting POSIX Message Queue File System...
[   10.861750] systemd[1]: Starting Uncomplicated firewall...
         Starting Uncomplicated firewall...
[   10.864539] systemd[1]: Reached target Slices.
[[0;32m  OK  [0m] Reached target Slices.
[   10.868560] systemd[1]: Starting Remount Root and Kernel File Systems...
         Starting Remount Root and Kernel File Systems...
[   10.876827] systemd[1]: Starting Load Kernel Modules...
         Starting Load Kernel Modules...
[   10.880657] EXT4-fs (sda1): re-mounted. Opts: (null)
[   10.883414] systemd[1]: Starting Set console keymap...
         Starting Set console keymap...
[   10.886356] systemd[1]: Created slice system-serial\x2dgetty.slice.
[[0;32m  OK  [0m] Created slice system-serial\x2dgetty.slice.
[   10.890304] systemd[1]: Starting Nameserver information manager...
         Starting Nameserver information manager...
[   10.893988] systemd[1]: Mounting Huge Pages File System...
[   10.895506] Loading iSCSI transport class v2.0-870.
         Mounting Huge Pages File System...
[   10.900411] systemd[1]: Mounting Debug File System...
         Mounting Debug File System...
[   10.913112] systemd[1]: Starting Create list of required static device nodes for the current kernel...
         Starting Create list of required st... nodes for the current kernel...
[   10.918190] systemd[1]: Listening on Journal Socket (/dev/log).
[[0;32m  OK  [0m] Listening on Journal Socket (/dev/log).
[   10.921426] systemd[1]: Listening on Journal Audit Socket.
[[0;32m  OK  [0m] Listening on Journal Audit Socket.
[   10.925137] systemd[1]: Starting Journal Service...
         Starting Journal Service...
[   10.928435] systemd[1]: Listening on LVM2 metadata daemon socket.
[[0;32m  OK  [0m] Listening on LVM2 metadata daemon socket.
[   10.932239] systemd[1]: Starting Monitoring of LVM2 mirrors, snapshots etc. using dmeventd or progress polling...
[   10.934758] iscsi: registered transport (tcp)
         Starting Monitoring of LVM2 mirrors... dmeventd or progress polling...
[   10.941066] systemd[1]: Mounted Debug File System.
[[0;32m  OK  [0m] Mounted Debug File System.
[   10.943822] systemd[1]: Mounted Huge Pages File System.
[[0;32m  OK  [0m] Mounted Huge Pages File System.
[   10.947723] systemd[1]: Mounted POSIX Message Queue File System.
[[0;32m  OK  [0m] Mounted POSIX Message Queue File System.
[   10.951523] systemd[1]: Started Uncomplicated firewall.
[[0;32m  OK  [0m] Started Uncomplicated firewall.
[   10.955877] systemd[1]: Started Remount Root and Kernel File Systems.
[[0;32m  OK  [0m] Started Remount Root and Kernel File Systems.
[   10.960943] systemd[1]: Started Create list of required static device nodes for the current kernel.
[[0;32m  OK  [0m] Started Create list of required sta...ce nodes for the current kernel.
[   10.972805] systemd[1]: Started Nameserver information manager.
[[0;32m  OK  [0m] Started Nameserver information manager.
[   10.983116] systemd[1]: Started Set console keymap.
[[0;32m  OK  [0m] Started Set console keymap.
[   11.034167] iscsi: registered transport (iser)
[   11.038260] systemd[1]: Starting Create Static Device Nodes in /dev...
         Starting Create Static Device Nodes in /dev...
[   11.050446] systemd[1]: Starting udev Coldplug all Devices...
         Starting udev Coldplug all Devices...
[   11.055286] systemd[1]: Starting Load/Save Random Seed...
         Starting Load/Save Random Seed...
[   11.058639] systemd[1]: Started Journal Service.
[[0;32m  OK  [0m] Started Journal Service.
[[0;32m  OK  [0m] Started Load Kernel Modules.
[[0;32m  OK  [0m] Started Load/Save Random Seed.
[[0;32m  OK  [0m] Started LVM2 metadata daemon.
         Mounting FUSE Control File System...
         Starting Apply Kernel Variables...
         Starting Flush Journal to Persistent Storage...
[[0;32m  OK  [0m] Mounted FUSE Control File System.
[[0;32m  OK  [0m] Started udev Coldplug all Devices.
[   11.143632] systemd-journald[412]: Received request to flush runtime journal from PID 1
[[0;32m  OK  [0m] Started Flush Journal to Persistent Storage.
[[0;32m  OK  [0m] Started Apply Kernel Variables.
[[0;32m  OK  [0m] Started Create Static Device Nodes in /dev.
         Starting udev Kernel Device Manager...
[[0;32m  OK  [0m] Started Monitoring of LVM2 mirrors,...ng dmeventd or progress polling.
[[0;32m  OK  [0m] Started udev Kernel Device Manager.
[[0;32m  OK  [0m] Started Dispatch Password Requests to Console Directory Watch.
[[0;32m  OK  [0m] Reached target Local File Systems (Pre).
[[0;32m  OK  [0m] Reached target Local File Systems.
         Starting Commit a transient machine-id on disk...
         Starting Initial cloud-init job (pre-networking)...
         Starting Create Volatile Files and Directories...
         Starting Set console font and keymap...
         Starting LSB: AppArmor initialization...
         Starting Tell Plymouth To Write Out Runtime Data...
[[0;32m  OK  [0m] Started Commit a transient machine-id on disk.
[[0;32m  OK  [0m] Started Create Volatile Files and Directories.
         Starting Update UTMP about System Boot/Shutdown...
[[0;32m  OK  [0m] Started Tell Plymouth To Write Out Runtime Data.
[[0;32m  OK  [0m] Started Update UTMP about System Boot/Shutdown.
[[0;32m  OK  [0m] Found device /dev/ttyS0.
[[0;32m  OK  [0m] Listening on Load/Save RF Kill Switch Status /dev/rfkill Watch.
[[0;32m  OK  [0m] Started LSB: AppArmor initialization.
[[0;32m  OK  [0m] Started Set console font and keymap.
[[0;32m  OK  [0m] Created slice system-getty.slice.
[   13.048777] cloud-init[497]: Cloud-init v. 18.3-9-g2e62cb8a-0ubuntu1~16.04.2 running 'init-local' at Tue, 11 Sep 2018 23:35:05 +0000. Up 12.65 seconds.
[[0;32m  OK  [0m] Started Initial cloud-init job (pre-networking).
[[0;32m  OK  [0m] Reached target Network (Pre).
         Starting Raise network interfaces...
[[0;32m  OK  [0m] Started Raise network interfaces.
[[0;32m  OK  [0m] Reached target Network.
         Starting Initial cloud-init job (metadata service crawler)...
[   15.019810] cloud-init[959]: Cloud-init v. 18.3-9-g2e62cb8a-0ubuntu1~16.04.2 running 'init' at Tue, 11 Sep 2018 23:35:06 +0000. Up 13.78 seconds.
[   15.027237] cloud-init[959]: ci-info: ++++++++++++++++++++++++++++++++++++++Net device info+++++++++++++++++++++++++++++++++++++++
[   15.030808] cloud-init[959]: ci-info: +--------+-------+----------------------------+---------------+--------+-------------------+
[   15.034312] cloud-init[959]: ci-info: | Device |   Up  |          Address           |      Mask     | Scope  |     Hw-Address    |
[   15.037757] cloud-init[959]: ci-info: +--------+-------+----------------------------+---------------+--------+-------------------+
[   15.041074] cloud-init[959]: ci-info: | enp0s3 |  True |         10.0.2.15          | 255.255.255.0 | global | 02:1d:76:b3:3c:fe |
[   15.044449] cloud-init[959]: ci-info: | enp0s3 |  True | fe80::1d:76ff:feb3:3cfe/64 |       .       |  link  | 02:1d:76:b3:3c:fe |
[   15.047670] cloud-init[959]: ci-info: | enp0s8 | False |             .              |       .       |   .    | 08:00:27:ec:f9:8f |
[   15.051020] cloud-init[959]: ci-info: |   lo   |  True |         127.0.0.1          |   255.0.0.0   |  host  |         .         |
[   15.054170] cloud-init[959]: ci-info: |   lo   |  True |          ::1/128           |       .       |  host  |         .         |
[   15.057238] cloud-init[959]: ci-info: +--------+-------+----------------------------+---------------+--------+-------------------+
[   15.060372] cloud-init[959]: ci-info: +++++++++++++++++++++++++++Route IPv4 info++++++++++++++++++++++++++++
[   15.063077] cloud-init[959]: ci-info: +-------+-------------+----------+---------------+-----------+-------+
[   15.065757] cloud-init[959]: ci-info: | Route | Destination | Gateway  |    Genmask    | Interface | Flags |
[   15.068435] cloud-init[959]: ci-info: +-------+-------------+----------+---------------+-----------+-------+
[   15.071045] cloud-init[959]: ci-info: |   0   |   0.0.0.0   | 10.0.2.2 |    0.0.0.0    |   enp0s3  |   UG  |
[   15.073642] cloud-init[959]: ci-info: |   1   |   10.0.2.0  | 0.0.0.0  | 255.255.255.0 |   enp0s3  |   U   |
[   15.076246] cloud-init[959]: ci-info: +-------+-------------+----------+---------------+-----------+-------+
[   15.078898] cloud-init[959]: ci-info: +++++++++++++++++++Route IPv6 info+++++++++++++++++++
[   15.081205] cloud-init[959]: ci-info: +-------+-------------+---------+-----------+-------+
[   15.083444] cloud-init[959]: ci-info: | Route | Destination | Gateway | Interface | Flags |
[   15.085717] cloud-init[959]: ci-info: +-------+-------------+---------+-----------+-------+
[   15.087964] cloud-init[959]: ci-info: |   0   |  fe80::/64  |    ::   |   enp0s3  |   U   |
[   15.090307] cloud-init[959]: ci-info: |   3   |   ff00::/8  |    ::   |   enp0s3  |   U   |
[   15.092640] cloud-init[959]: ci-info: +-------+-------------+---------+-----------+-------+
[   15.094809] cloud-init[959]: Generating public/private rsa key pair.
[   15.096655] cloud-init[959]: Your identification has been saved in /etc/ssh/ssh_host_rsa_key.
[   15.098785] cloud-init[959]: Your public key has been saved in /etc/ssh/ssh_host_rsa_key.pub.
[   15.100921] cloud-init[959]: The key fingerprint is:
[   15.102452] cloud-init[959]: SHA256:UtQivIar0sXeczYewU0FQpFCbd6XYcQ2KXlRhOzQkeg root@ubuntu-xenial
[   15.104583] cloud-init[959]: The key's randomart image is:
[   15.106178] cloud-init[959]: +---[RSA 2048]----+
[   15.107663] cloud-init[959]: |     o.o=+.O=Oo  |
[   15.109627] cloud-init[959]: |      +.=.*.&    |
[   15.111144] cloud-init[959]: |     . *.+.B +   |
[   15.112638] cloud-init[959]: |    . oo.oE +    |
[   15.114115] cloud-init[959]: |   . o. S ..     |
[   15.115599] cloud-init[959]: |    +  . .       |
[   15.117088] cloud-init[959]: | . + .  .        |
[   15.118483] cloud-init[959]: |. o . o +.       |
[   15.119890] cloud-init[959]: | .     =..       |
[   15.121328] cloud-init[959]: +----[SHA256]-----+
[   15.122713] cloud-init[959]: Generating public/private dsa key pair.
[   15.124390] cloud-init[959]: Your identification has been saved in /etc/ssh/ssh_host_dsa_key.
[   15.126330] cloud-init[959]: Your public key has been saved in /etc/ssh/ssh_host_dsa_key.pub.
[   15.128349] cloud-init[959]: The key fingerprint is:
[   15.130177] cloud-init[959]: SHA256:aClHOoD6q910XgrXcKPp2LZM/B7WM3Tw1Cj5F/hPB1M root@ubuntu-xenial
[   15.132112] cloud-init[959]: The key's randomart image is:
[   15.133623] cloud-init[959]: +---[DSA 1024]----+
[   15.135397] cloud-init[959]: |                E|
[   15.136758] cloud-init[959]: | .         . + . |
[   15.138073] cloud-init[959]: |. .   .   + + =  |
[   15.139403] cloud-init[959]: |.  . o o   * . + |
[   15.141124] cloud-init[959]: |.   + * S . + o o|
[   15.142435] cloud-init[959]: | .   * * + . . o.|
[   15.143760] cloud-init[959]: |  . o B = +     .|
[   15.145093] cloud-init[959]: | . + @.= . o     |
[   15.146384] cloud-init[959]: |..o o.Boo        |
[   15.147667] cloud-init[959]: +----[SHA256]-----+
[   15.149395] cloud-init[959]: Generating public/private ecdsa key pair.
[   15.150923] cloud-init[959]: Your identification has been saved in /etc/ssh/ssh_host_ecdsa_key.
[   15.152736] cloud-init[959]: Your public key has been saved in /etc/ssh/ssh_host_ecdsa_key.pub.
[   15.154505] cloud-init[959]: The key fingerprint is:
[   15.155866] cloud-init[959]: SHA256:+5fbU0gQiX7JGN4a5LC1Efz0Q1RoqKebB6OPN22FXTM root@ubuntu-xenial
[   15.157915] cloud-init[959]: The key's randomart image is:
[   15.159570] cloud-init[959]: +---[ECDSA 256]---+
[   15.160802] cloud-init[959]: |         ..o.=.o.|
[   15.162014] cloud-init[959]: |        . B = +  |
[   15.163299] [cloud-init[959]: |         O @ *   |
[0;32m  OK  [0m[   15.164836] cloud-init[959]: |        . O B +E.|
] Started Initial cloud-init job (metadata service crawler).[   15.166047] 
cloud-init[959]: |        S  * + +o|
[   15.167953] cloud-init[959]: |         .= . + .|
[[   15.169004] cloud-init[959]: |        .. * o . |
[   15.169125] cloud-init[959]: |        .o= *..  |
[   15.169294] cloud-init[959]: |        .oo=.... |
[   15.169452] cloud-init[959]: +----[SHA256]-----+
[   15.169612] cloud-init[959]: Generating public/private ed25519 key pair.
[   15.169774] cloud-init[959]: Your identification has been saved in /etc/ssh/ssh_host_ed25519_key.
[   15.169934] cloud-init[959]: Your public key has been saved in /etc/ssh/ssh_host_ed25519_key.pub.
[   15.170092] cloud-init[959]: The key fingerprint is:
[   15.170252] cloud-init[959]: SHA256:VUtJUpgPs7SukvOChC3wpWALWXVhAms96AZ3HZYSu2M root@ubuntu-xenial
[   15.170411] cloud-init[959]: The key's randomart image is:
[   15.170570] cloud-init[959]: +--[ED25519 256]--+
[   15.170737] cloud-init[959]: |  .o+.*o  .==.   |
[   15.170890] cloud-init[959]: |  .+.B..  *+..   |
[   15.171068] cloud-init[959]: |.o= =..  ..*.    |
[   15.171210] cloud-init[959]: |=* ..o   .o .    |
[   15.171370] cloud-init[959]: |o++=E   S.       |
[   15.171530] cloud-init[959]: | o=.o.    .      |
[   15.171700] cloud-init[959]: |   o . . .       |
[   15.171874] cloud-init[959]: |    . = .        |
[0;32m  OK  [0m] Reached target Network is Online.
[   15.172043] cloud-init[959]: |       =.        |
[   15.184473] cloud-init[959]: +----[SHA256]-----+
         Starting iSCSI initiator daemon (iscsid)...
[[0;32m  OK  [0m] Reached target System Initialization.
         Starting LXD - unix socket.
[[0;32m  OK  [0m] Started Daily apt download activities.
[[0;32m  OK  [0m] Started Daily apt upgrade and clean activities.
[[0;32m  OK  [0m] Started Daily Cleanup of Temporary Directories.
[[0;32m  OK  [0m] Reached target Timers.
         Starting Socket activation for snappy daemon.
[[0;32m  OK  [0m] Started ACPI Events Check.
[[0;32m  OK  [0m] Reached target Paths.
[[0;32m  OK  [0m] Listening on UUID daemon activation socket.
[[0;32m  OK  [0m] Listening on ACPID Listen Socket.
[[0;32m  OK  [0m] Listening on D-Bus System Message Bus Socket.
[[0;32m  OK  [0m] Reached target Cloud-config availability.
[[0;32m  OK  [0m] Listening on LXD - unix socket.
[[0;32m  OK  [0m] Listening on Socket activation for snappy daemon.
[[0;32m  OK  [0m] Reached target Sockets.
[[0;32m  OK  [0m] Reached target Basic System.
         Starting Virtualbox guest utils...
         Starting Pollinate to seed the pseudo random number generator...
         Starting /etc/rc.local Compatibility...
         Starting Accounts Service...
         Starting System Logging Service...
         Starting LSB: MD monitoring daemon...
[[0;32m  OK  [0m] Started FUSE filesystem for LXC.
         Starting Snappy daemon...
[[0;32m  OK  [0m] Started ACPI event daemon.
         Starting LSB: Record successful boot for GRUB...
[[0;32m  OK  [0m] Started Unattended Upgrades Shutdown.
[[0;32m  OK  [0m] Started Regular background program processing daemon.
[[0;32m  OK  [0m] Started D-Bus System Message Bus.
         Starting LXD - container startup/shutdown...
[[0;32m  OK  [0m] Started Deferred execution scheduler.
         Starting Login Service...
[[0;32m  OK  [0m] Started System Logging Service.
[[0;32m  OK  [0m] Started iSCSI initiator daemon (iscsid).
[[0;32m  OK  [0m] Started /etc/rc.local Compatibility.
         Starting Authenticate and Authorize Users to Run Privileged Tasks...
         Starting Login to default iSCSI targets...
[[0;32m  OK  [0m] Started Login Service.
[[0;32m  OK  [0m] Started LSB: Record successful boot for GRUB.
[[0;32m  OK  [0m] Started Authenticate and Authorize Users to Run Privileged Tasks.
[[0;32m  OK  [0m] Started Accounts Service.
[[0;32m  OK  [0m] Started LSB: MD monitoring daemon.
[[0;32m  OK  [0m] Started Login to default iSCSI targets.
[[0;32m  OK  [0m] Reached target Remote File Systems (Pre).
[[0;32m  OK  [0m] Reached target Remote File Systems.
         Starting Permit User Sessions...
         Starting LSB: automatic crash report generation...
         Starting LSB: daemon to balance interrupts for SMP systems...
         Starting LSB: Set the CPU Frequency Scaling governor to "ondemand"...
[[0;32m  OK  [0m] Started Permit User Sessions.
         Starting Hold until boot process finishes up...
         Starting Terminate Plymouth Boot Screen...
[[0;32m  OK  [0m] Started LSB: Set the CPU Frequency Scaling governor to "ondemand".
[[0;32m  OK  [0m] Started Hold until boot process finishes up.
[[0;32m  OK  [0m] Started Terminate Plymouth Boot Screen.
[[0;32m  OK  [0m] Started Getty on tty1.
[[0;32m  OK  [0m] Started Serial Getty on ttyS0.
[[0;32m  OK  [0m] Reached target Login Prompts.
         Starting Set console scheme...
[[0;32m  OK  [0m] Started LSB: daemon to balance interrupts for SMP systems.
[[0;32m  OK  [0m] Started LSB: automatic crash report generation.
[[0;32m  OK  [0m] Started Set console scheme.
[[0;32m  OK  [0m] Started Virtualbox guest utils.
[[0;32m  OK  [0m] Started LXD - container startup/shutdown.
[[0;32m  OK  [0m] Started Snappy daemon.
         Starting Wait until snapd is fully seeded...
[[0;32m  OK  [0m] Started Pollinate to seed the pseudo random number generator.
         Starting OpenBSD Secure Shell server...
[[0;32m  OK  [0m] Started OpenBSD Secure Shell server.
[[0;32m  OK  [0m] Started Wait until snapd is fully seeded.
         Starting Apply the settings specified in cloud-config...
[[0;32m  OK  [0m] Reached target Multi-User System.
[[0;32m  OK  [0m] Reached target Graphical Interface.
         Starting Update UTMP about System Runlevel Changes...
[[0;32m  OK  [0m] Started Update UTMP about System Runlevel Changes.
[[0;32m  OK  [0m] Created slice User Slice of vagrant.
         Starting User Manager for UID 1000...
[[0;32m  OK  [0m] Started Session 1 of user vagrant.
[[0;32m  OK  [0m] Started User Manager for UID 1000.
[   20.442812] cloud-init[1283]: Generating locales (this might take a while)...
[   21.561235] cloud-init[1283]:   en_US.UTF-8... done
[   21.562026] cloud-init[1283]: Generation complete.

Ubuntu 16.04.5 LTS ubuntu-xenial ttyS0

ubuntu-xenial login: [   22.202255] cloud-init[1283]: Cloud-init v. 18.3-9-g2e62cb8a-0ubuntu1~16.04.2 running 'modules:config' at Tue, 11 Sep 2018 23:35:13 +0000. Up 20.18 seconds.
ci-info: no authorized ssh keys fingerprints found for user ubuntu.
<14>Sep 11 23:35:15 ec2: 
<14>Sep 11 23:35:15 ec2: #############################################################
<14>Sep 11 23:35:15 ec2: -----BEGIN SSH HOST KEY FINGERPRINTS-----
<14>Sep 11 23:35:15 ec2: 1024 SHA256:aClHOoD6q910XgrXcKPp2LZM/B7WM3Tw1Cj5F/hPB1M root@ubuntu-xenial (DSA)
<14>Sep 11 23:35:15 ec2: 256 SHA256:+5fbU0gQiX7JGN4a5LC1Efz0Q1RoqKebB6OPN22FXTM root@ubuntu-xenial (ECDSA)
<14>Sep 11 23:35:15 ec2: 256 SHA256:VUtJUpgPs7SukvOChC3wpWALWXVhAms96AZ3HZYSu2M root@ubuntu-xenial (ED25519)
<14>Sep 11 23:35:15 ec2: 2048 SHA256:UtQivIar0sXeczYewU0FQpFCbd6XYcQ2KXlRhOzQkeg root@ubuntu-xenial (RSA)
<14>Sep 11 23:35:15 ec2: -----END SSH HOST KEY FINGERPRINTS-----
<14>Sep 11 23:35:15 ec2: #############################################################
-----BEGIN SSH HOST KEY KEYS-----
ecdsa-sha2-nistp256 AAAAE2VjZHNhLXNoYTItbmlzdHAyNTYAAAAIbmlzdHAyNTYAAABBBNsF1OFmgJuDHXDCBgipXE3kwGp0YPCgfnpyKzb2QgTb3b9lFu5vW8LLwhZk2DSGfUIyMi4YKQMq+kivw/Mj6pk= root@ubuntu-xenial
ssh-ed25519 AAAAC3NzaC1lZDI1NTE5AAAAIAePe9q+vxh3cHBL1dfB/aO6OEc4hL60UGt9i/HU3Kyi root@ubuntu-xenial
ssh-rsa AAAAB3NzaC1yc2EAAAADAQABAAABAQCvUVwet4zOoqn5Cr9HC7oWtTH+5p0X0gJyugGhRpiJ7jYcLcNtPGmgsPZ1SzcLIIZqJdIB+3rKw42AuRXHFDXT97cNaRWlAtDGtjSt+Djr9SJvvpnPvw4UVjE49s/ZgEaC2lfKEvpLlbzHvLkznG+jYn6KfaiTG2OCPxakEk9bR2r2A/HEXExiFxwM+hHNvm1krsXBmYSP5Iiqkr/NoLkrLrxp4GQ72TUYjCBvVIzplFwRyjHSkRYolKgrjJ+riQnHxqO8mqKi3FcOMA+0ZsZgM4OVsNEjEGSTv6C2eAv6vHjKwaqMVrqTtzup1wljl2UmfG5ePpsrFH6IYiFktwZr root@ubuntu-xenial
-----END SSH HOST KEY KEYS-----
[   22.771120] cloud-init[1443]: Cloud-init v. 18.3-9-g2e62cb8a-0ubuntu1~16.04.2 running 'modules:final' at Tue, 11 Sep 2018 23:35:15 +0000. Up 22.56 seconds.
[   22.771464] cloud-init[1443]: ci-info: no authorized ssh keys fingerprints found for user ubuntu.
[   22.771714] cloud-init[1443]: Cloud-init v. 18.3-9-g2e62cb8a-0ubuntu1~16.04.2 finished at Tue, 11 Sep 2018 23:35:15 +0000. Datasource DataSourceNoCloud [seed=/dev/sdb][dsmode=net].  Up 22.75 seconds
