[    0.000000] Initializing cgroup subsys cpuset
[    0.000000] Initializing cgroup subsys cpu
[    0.000000] Initializing cgroup subsys cpuacct
[    0.000000] Linux version 4.4.0-134-generic (buildd@lgw01-amd64-033) (gcc version 5.4.0 20160609 (Ubuntu 5.4.0-6ubuntu1~16.04.10) ) #160-Ubuntu SMP Wed Aug 15 14:58:00 UTC 2018 (Ubuntu 4.4.0-134.160-generic 4.4.140)
[    0.000000] Command line: BOOT_IMAGE=/boot/vmlinuz-4.4.0-134-generic root=LABEL=cloudimg-rootfs ro console=tty1 console=ttyS0
[    0.000000] KERNEL supported cpus:
[    0.000000]   Intel GenuineIntel
[    0.000000]   AMD AuthenticAMD
[    0.000000]   Centaur CentaurHauls
[    0.000000] x86/fpu: xstate_offset[2]:  576, xstate_sizes[2]:  256
[    0.000000] x86/fpu: Supporting XSAVE feature 0x01: 'x87 floating point registers'
[    0.000000] x86/fpu: Supporting XSAVE feature 0x02: 'SSE registers'
[    0.000000] x86/fpu: Supporting XSAVE feature 0x04: 'AVX registers'
[    0.000000] x86/fpu: Enabled xstate features 0x7, context size is 832 bytes, using 'standard' format.
[    0.000000] e820: BIOS-provided physical RAM map:
[    0.000000] BIOS-e820: [mem 0x0000000000000000-0x000000000009fbff] usable
[    0.000000] BIOS-e820: [mem 0x000000000009fc00-0x000000000009ffff] reserved
[    0.000000] BIOS-e820: [mem 0x00000000000f0000-0x00000000000fffff] reserved
[    0.000000] BIOS-e820: [mem 0x0000000000100000-0x000000003ffeffff] usable
[    0.000000] BIOS-e820: [mem 0x000000003fff0000-0x000000003fffffff] ACPI data
[    0.000000] BIOS-e820: [mem 0x00000000fec00000-0x00000000fec00fff] reserved
[    0.000000] BIOS-e820: [mem 0x00000000fee00000-0x00000000fee00fff] reserved
[    0.000000] BIOS-e820: [mem 0x00000000fffc0000-0x00000000ffffffff] reserved
[    0.000000] NX (Execute Disable) protection: active
[    0.000000] SMBIOS 2.5 present.
[    0.000000] Hypervisor detected: KVM
[    0.000000] e820: last_pfn = 0x3fff0 max_arch_pfn = 0x400000000
[    0.000000] MTRR: Disabled
[    0.000000] x86/PAT: MTRRs disabled, skipping PAT initialization too.
[    0.000000] CPU MTRRs all blank - virtualized system.
[    0.000000] x86/PAT: Configuration [0-7]: WB  WT  UC- UC  WB  WT  UC- UC  
[    0.000000] found SMP MP-table at [mem 0x0009fff0-0x0009ffff] mapped at [ffff88000009fff0]
[    0.000000] Scanning 1 areas for low memory corruption
[    0.000000] RAMDISK: [mem 0x3630c000-0x3717dfff]
[    0.000000] ACPI: Early table checksum verification disabled
[    0.000000] ACPI: RSDP 0x00000000000E0000 000024 (v02 VBOX  )
[    0.000000] ACPI: XSDT 0x000000003FFF0030 00003C (v01 VBOX   VBOXXSDT 00000001 ASL  00000061)
[    0.000000] ACPI: FACP 0x000000003FFF00F0 0000F4 (v04 VBOX   VBOXFACP 00000001 ASL  00000061)
[    0.000000] ACPI: DSDT 0x000000003FFF0470 0021FF (v02 VBOX   VBOXBIOS 00000002 INTL 20100528)
[    0.000000] ACPI: FACS 0x000000003FFF0200 000040
[    0.000000] ACPI: FACS 0x000000003FFF0200 000040
[    0.000000] ACPI: APIC 0x000000003FFF0240 00005C (v02 VBOX   VBOXAPIC 00000001 ASL  00000061)
[    0.000000] ACPI: SSDT 0x000000003FFF02A0 0001CC (v01 VBOX   VBOXCPUT 00000002 INTL 20100528)
[    0.000000] No NUMA configuration found
[    0.000000] Faking a node at [mem 0x0000000000000000-0x000000003ffeffff]
[    0.000000] NODE_DATA(0) allocated [mem 0x3ffeb000-0x3ffeffff]
[    0.000000] kvm-clock: Using msrs 4b564d01 and 4b564d00
[    0.000000] kvm-clock: cpu 0, msr 0:3ffe3001, primary cpu clock
[    0.000000] kvm-clock: using sched offset of 6949828314 cycles
[    0.000000] clocksource: kvm-clock: mask: 0xffffffffffffffff max_cycles: 0x1cd42e4dffb, max_idle_ns: 881590591483 ns
[    0.000000] Zone ranges:
[    0.000000]   DMA      [mem 0x0000000000001000-0x0000000000ffffff]
[    0.000000]   DMA32    [mem 0x0000000001000000-0x000000003ffeffff]
[    0.000000]   Normal   empty
[    0.000000]   Device   empty
[    0.000000] Movable zone start for each node
[    0.000000] Early memory node ranges
[    0.000000]   node   0: [mem 0x0000000000001000-0x000000000009efff]
[    0.000000]   node   0: [mem 0x0000000000100000-0x000000003ffeffff]
[    0.000000] Initmem setup node 0 [mem 0x0000000000001000-0x000000003ffeffff]
[    0.000000] ACPI: PM-Timer IO Port: 0x4008
[    0.000000] IOAPIC[0]: apic_id 2, version 32, address 0xfec00000, GSI 0-23
[    0.000000] ACPI: INT_SRC_OVR (bus 0 bus_irq 0 global_irq 2 dfl dfl)
[    0.000000] ACPI: INT_SRC_OVR (bus 0 bus_irq 9 global_irq 9 low level)
[    0.000000] Using ACPI (MADT) for SMP configuration information
[    0.000000] smpboot: Allowing 2 CPUs, 0 hotplug CPUs
[    0.000000] PM: Registered nosave memory: [mem 0x00000000-0x00000fff]
[    0.000000] PM: Registered nosave memory: [mem 0x0009f000-0x0009ffff]
[    0.000000] PM: Registered nosave memory: [mem 0x000a0000-0x000effff]
[    0.000000] PM: Registered nosave memory: [mem 0x000f0000-0x000fffff]
[    0.000000] e820: [mem 0x40000000-0xfebfffff] available for PCI devices
[    0.000000] Booting paravirtualized kernel on KVM
[    0.000000] clocksource: refined-jiffies: mask: 0xffffffff max_cycles: 0xffffffff, max_idle_ns: 7645519600211568 ns
[    0.000000] setup_percpu: NR_CPUS:512 nr_cpumask_bits:512 nr_cpu_ids:2 nr_node_ids:1
[    0.000000] PERCPU: Embedded 34 pages/cpu @ffff88003fc00000 s99544 r8192 d31528 u1048576
[    0.000000] PV qspinlock hash table entries: 256 (order: 0, 4096 bytes)
[    0.000000] Built 1 zonelists in Node order, mobility grouping on.  Total pages: 257912
[    0.000000] Policy zone: DMA32
[    0.000000] Kernel command line: BOOT_IMAGE=/boot/vmlinuz-4.4.0-134-generic root=LABEL=cloudimg-rootfs ro console=tty1 console=ttyS0
[    0.000000] PID hash table entries: 4096 (order: 3, 32768 bytes)
[    0.000000] Memory: 997724K/1048120K available (8554K kernel code, 1314K rwdata, 4004K rodata, 1516K init, 1316K bss, 50396K reserved, 0K cma-reserved)
[    0.000000] SLUB: HWalign=64, Order=0-3, MinObjects=0, CPUs=2, Nodes=1
[    0.000000] Kernel/User page tables isolation: enabled
[    0.000000] Hierarchical RCU implementation.
[    0.000000] 	Build-time adjustment of leaf fanout to 64.
[    0.000000] 	RCU restricting CPUs from NR_CPUS=512 to nr_cpu_ids=2.
[    0.000000] RCU: Adjusting geometry for rcu_fanout_leaf=64, nr_cpu_ids=2
[    0.000000] NR_IRQS:33024 nr_irqs:440 16
[    0.000000] Console: colour VGA+ 80x25
[    0.000000] console [tty1] enabled
[    0.000000] console [ttyS0] enabled
[    0.000000] tsc: Detected 2807.998 MHz processor
[    3.134180] Calibrating delay loop (skipped) preset value.. 5615.99 BogoMIPS (lpj=11231992)
[    3.149710] pid_max: default: 32768 minimum: 301
[    3.170506] ACPI: Core revision 20150930
[    3.182761] ACPI: 2 ACPI AML tables successfully acquired and loaded
[    3.192665] Security Framework initialized
[    3.198190] Yama: becoming mindful.
[    3.205150] AppArmor: AppArmor initialized
[    3.210385] Dentry cache hash table entries: 131072 (order: 8, 1048576 bytes)
[    3.224909] Inode-cache hash table entries: 65536 (order: 7, 524288 bytes)
[    3.232930] Mount-cache hash table entries: 2048 (order: 2, 16384 bytes)
[    3.240610] Mountpoint-cache hash table entries: 2048 (order: 2, 16384 bytes)
[    3.251129] Initializing cgroup subsys io
[    3.255274] Initializing cgroup subsys memory
[    3.260012] Initializing cgroup subsys devices
[    3.265043] Initializing cgroup subsys freezer
[    3.274972] Initializing cgroup subsys net_cls
[    3.279333] Initializing cgroup subsys perf_event
[    3.283428] Initializing cgroup subsys net_prio
[    3.286589] Initializing cgroup subsys hugetlb
[    3.291056] Initializing cgroup subsys pids
[    3.299123] mce: CPU supports 0 MCE banks
[    3.303056] Last level iTLB entries: 4KB 64, 2MB 8, 4MB 8
[    3.309023] Last level dTLB entries: 4KB 64, 2MB 0, 4MB 0, 1GB 4
[    3.316506] Spectre V2 : Mitigation: Full generic retpoline
[    3.322187] Spectre V2 : Speculation control IBPB not-supported IBRS not-supported
[    3.341155] Spectre V2 : Filling RSB on context switch
[    3.346761] Speculative Store Bypass: Vulnerable
[    3.362351] Freeing SMP alternatives memory: 32K
[    3.411525] ftrace: allocating 32266 entries in 127 pages
[    3.918325] smpboot: APIC(0) Converting physical 0 to logical package 0
[    3.924954] smpboot: Max logical packages: 1
[    3.931896] x2apic enabled
[    3.937547] Switched APIC routing to physical x2apic.
[    3.949909] ..TIMER: vector=0x30 apic1=0 pin1=2 apic2=-1 pin2=-1
[    4.062189] smpboot: CPU0: Intel(R) Core(TM) i7-6600U CPU @ 2.60GHz (family: 0x6, model: 0x4e, stepping: 0x3)
[    4.085908] Performance Events: unsupported p6 CPU model 78 no PMU driver, software events only.
[    4.102076] KVM setup paravirtual spinlock
[    4.114675] x86: Booting SMP configuration:
[    4.119047] .... node  #0, CPUs:      #1
[    4.124973] kvm-clock: cpu 1, msr 0:3ffe3041, secondary cpu clock
[    4.164625] mce: CPU supports 0 MCE banks
[    4.185780] x86: Booted up 1 node, 2 CPUs
[    4.192668] smpboot: Total of 2 processors activated (11231.99 BogoMIPS)
[    4.200898] devtmpfs: initialized
[    4.212353] evm: security.selinux
[    4.216431] evm: security.SMACK64
[    4.220874] evm: security.SMACK64EXEC
[    4.226019] evm: security.SMACK64TRANSMUTE
[    4.232656] evm: security.SMACK64MMAP
[    4.238478] evm: security.ima
[    4.241837] evm: security.capability
[    4.256487] clocksource: jiffies: mask: 0xffffffff max_cycles: 0xffffffff, max_idle_ns: 7645041785100000 ns
[    4.275397] futex hash table entries: 512 (order: 3, 32768 bytes)
[    4.286062] pinctrl core: initialized pinctrl subsystem
[    4.298733] RTC time:  7:30:36, date: 09/18/18
[    4.313691] NET: Registered protocol family 16
[    4.332309] cpuidle: using governor ladder
[    4.351091] cpuidle: using governor menu
[    4.359684] PCCT header not found.
[    4.364284] ACPI: bus type PCI registered
[    4.380052] acpiphp: ACPI Hot Plug PCI Controller Driver version: 0.5
[    4.390227] PCI: Using configuration type 1 for base access
[    4.444297] ACPI: Added _OSI(Module Device)
[    4.451568] ACPI: Added _OSI(Processor Device)
[    4.464521] ACPI: Added _OSI(3.0 _SCP Extensions)
[    4.470562] ACPI: Added _OSI(Processor Aggregator Device)
[    4.482983] ACPI: Executed 1 blocks of module-level executable AML code
[    4.549863] ACPI: Interpreter enabled
[    4.563033] ACPI: (supports S0 S5)
[    4.568294] ACPI: Using IOAPIC for interrupt routing
[    4.593607] PCI: Using host bridge windows from ACPI; if necessary, use "pci=nocrs" and report a bug
[    4.677994] ACPI: PCI Root Bridge [PCI0] (domain 0000 [bus 00-ff])
[    4.705854] acpi PNP0A03:00: _OSC: OS supports [ASPM ClockPM Segments MSI]
[    4.715454] acpi PNP0A03:00: _OSC: not requesting OS control; OS requires [ExtendedConfig ASPM ClockPM MSI]
[    4.755815] acpi PNP0A03:00: fail to add MMCONFIG information, can't access extended PCI configuration space under this bridge.
[    4.784658] PCI host bridge to bus 0000:00
[    4.794487] pci_bus 0000:00: root bus resource [io  0x0000-0x0cf7 window]
[    4.806214] pci_bus 0000:00: root bus resource [io  0x0d00-0xffff window]
[    4.813481] pci_bus 0000:00: root bus resource [mem 0x000a0000-0x000bffff window]
[    4.826993] pci_bus 0000:00: root bus resource [mem 0x40000000-0xfdffffff window]
[    4.854853] pci_bus 0000:00: root bus resource [bus 00-ff]
[    4.890474] pci 0000:00:01.1: legacy IDE quirk: reg 0x10: [io  0x01f0-0x01f7]
[    4.901784] pci 0000:00:01.1: legacy IDE quirk: reg 0x14: [io  0x03f6]
[    4.929454] pci 0000:00:01.1: legacy IDE quirk: reg 0x18: [io  0x0170-0x0177]
[    4.936192] pci 0000:00:01.1: legacy IDE quirk: reg 0x1c: [io  0x0376]
[    5.055362] pci 0000:00:07.0: quirk: [io  0x4000-0x403f] claimed by PIIX4 ACPI
[    5.127414] pci 0000:00:07.0: quirk: [io  0x4100-0x410f] claimed by PIIX4 SMB
[    5.223125] ACPI: PCI Interrupt Link [LNKA] (IRQs 5 9 10 *11)
[    5.244280] ACPI: PCI Interrupt Link [LNKB] (IRQs 5 9 *10 11)
[    5.252917] ACPI: PCI Interrupt Link [LNKC] (IRQs 5 *9 10 11)
[    5.266154] ACPI: PCI Interrupt Link [LNKD] (IRQs 5 9 10 *11)
[    5.276980] ACPI: Enabled 2 GPEs in block 00 to 07
[    5.284419] vgaarb: setting as boot device: PCI:0000:00:02.0
[    5.297413] vgaarb: device added: PCI:0000:00:02.0,decodes=io+mem,owns=io+mem,locks=none
[    5.305973] vgaarb: loaded
[    5.310936] vgaarb: bridge control possible 0000:00:02.0
[    5.318984] SCSI subsystem initialized
[    5.325317] ACPI: bus type USB registered
[    5.331139] usbcore: registered new interface driver usbfs
[    5.343715] usbcore: registered new interface driver hub
[    5.353643] usbcore: registered new device driver usb
[    5.380390] PCI: Using ACPI for IRQ routing
[    5.390773] NetLabel: Initializing
[    5.395509] NetLabel:  domain hash size = 128
[    5.404803] NetLabel:  protocols = UNLABELED CIPSOv4
[    5.412219] NetLabel:  unlabeled traffic allowed by default
[    5.429305] amd_nb: Cannot enumerate AMD northbridges
[    5.435728] clocksource: Switched to clocksource kvm-clock
[    5.527516] AppArmor: AppArmor Fiesystem Enabled
[    5.642674] pnp: PnP ACPI init
[    5.651660] pnp: PnP ACPI: found 3 devices

[    5.691533] clocksource: acpi_pm: mask: 0xffffff max_cycles: 0xffffff, max_idle_ns: 2085701024 ns
[    5.700817] NET: Registered protocol family 2
[    5.708648] TCP established hash table entries: 8192 (order: 4, 65536 bytes)
[    5.720907] TCP bind hash table entries: 8192 (order: 5, 131072 bytes)
[    5.731140] TCP: Hash tables configured (established 8192 bind 8192)
[    5.736827] UDP hash table entries: 512 (order: 2, 16384 bytes)
[    5.742114] UDP-Lite hash table entries: 512 (order: 2, 16384 bytes)
[    5.748663] NET: Registered protocol family 1
[    5.754637] pci 0000:00:00.0: Limiting direct PCI/PCI transfers
[    5.760262] pci 0000:00:01.0: Activating ISA DMA hang workarounds
[    5.766497] Unpacking initramfs...
[    7.766989] Freeing initrd memory: 14792K
[    7.773186] platform rtc_cmos: registered platform RTC device (no PNP device found)
[    7.789204] Scanning for low memory corruption every 60 seconds
[    7.798802] audit: initializing netlink subsys (disabled)
[    7.808901] audit: type=2000 audit(1537255844.357:1): initialized
[    7.818387] Initialise system trusted keyring
[    7.827458] HugeTLB registered 2 MB page size, pre-allocated 0 pages
[    7.851492] zbud: loaded
[    7.861548] VFS: Disk quotas dquot_6.6.0
[    7.866420] VFS: Dquot-cache hash table entries: 512 (order 0, 4096 bytes)
[    7.876137] squashfs: version 4.0 (2009/01/31) Phillip Lougher
[    7.884119] fuse init (API version 7.23)
[    7.892285] Key type big_key registered
[    7.896542] Allocating IMA MOK and blacklist keyrings.
[    7.911132] Key type asymmetric registered
[    7.916054] Asymmetric key parser 'x509' registered
[    7.922754] Block layer SCSI generic (bsg) driver version 0.4 loaded (major 249)
[    7.932407] io scheduler noop registered
[    7.937042] io scheduler deadline registered (default)
[    7.945304] io scheduler cfq registered
[    7.950117] pci_hotplug: PCI Hot Plug PCI Core version: 0.5
[    7.957538] pciehp: PCI Express Hot Plug Controller Driver version: 0.4
[    7.964298] ACPI: AC Adapter [AC] (on-line)
[    7.976235] input: Power Button as /devices/LNXSYSTM:00/LNXPWRBN:00/input/input0
[    7.983693] ACPI: Power Button [PWRF]
[    7.988348] input: Sleep Button as /devices/LNXSYSTM:00/LNXSLPBN:00/input/input1
[    7.996263] ACPI: Sleep Button [SLPF]
[    8.002071] GHES: HEST is not enabled!
[    8.005802] ACPI: Battery Slot [BAT0] (battery present)
[    8.019263] Serial: 8250/16550 driver, 32 ports, IRQ sharing enabled
[    8.061487] 00:02: ttyS0 at I/O 0x3f8 (irq = 4, base_baud = 115200) is a 16550A
[    8.076402] Linux agpgart interface v0.103
[    8.092552] loop: module loaded
[    8.099019] scsi host0: ata_piix
[    .103695] scsi host1: atapiix

[    8.273000] ata1: PATA max UDMA/33 cmd 0x1f0 ctl 0x3f6 bmdma 0xd000 irq 14
[    8.288245] ata2: PATA max UDMA/33 cmd 0x170 ctl 0x376 bmdma 0xd008 irq 15
[    8.300965] libphy: Fixed MDIO Bus: probed
[    8.318541] tun: Universal TUN/TAP devicedriver, 1.6
[    8.464495] tun: (C) 1999-2004 Max Krasnyansky <maxk@qualcomm.com>
[    8.470682] PPP generic driver version 2.4.2
[    8.478634] ehci_hcd: USB 2.0 'Enhanced' Host Controller (EHCI) Driver
[    8.489416] ehci-pci: EHCI PCI platform driver
[    8.499682] ehci-platform: EHCI generic platform driver
[    8.513219] ohci_hcd: USB 1.1 'Open' Host Controller (OHCI) Driver
[    8.527720] ohci-pci: OHCI PCI platform driver
[    8.532695] ohci-platform: OHCI generic platform driver
[    8.537670] uhci_hcd: USB Universal Host Controller Interface driver
[    8.544667] i8042: PNP: PS/2 Controller [PNP0303:PS2K,PNP0f03:PS2M] at 0x60,0x64 irq 1,12
[    8.560188] serio: i8042 KBD port at 0x60,0x64 irq 1
[    8.565430] serio: i8042 AUX port at 0x60,0x64 irq 12
[    8.577932] mousedev: PS/2 mouse device common for all mice
[    8.588950] input: AT Translated Set 2 keyboard as /devices/platform/i8042/serio0/input/input2
[    8.601959] rtc_cmos rtc_cmos: rtc core: registered rtc_cmos as rtc0
[    8.618099] rtc_cmos rtc_cmos: alarms up to one day, 114 bytes nvram
[    8.628619] i2c /dev entries driver
[    8.633054] device-mapper: uevent: version 1.0.3
[    8.641655] device-mapper: ioctl: 4.34.0-ioctl (2015-10-28) initialised: dm-devel@redhat.com
[    8.657958] ledtrig-cpu: registered to indicate activity on CPUs
[    8.666479] NET: Registered protocol family 10
[    8.676284] NET: Registered protocol family 17
[    8.682683] Key type dns_resolver registered
[    8.692829] registered taskstats version 1
[    8.697093] Loading compiled-in X.509 certificates
[    8.711664] Loaded X.509 cert 'Build time autogenerated kernel key: 4eb3d024ac16f76c1747ffd474694c84db21038b'
[    8.721297] zswap: loaded using pool lzo/zbud
[    8.739392] Key type trusted registered
[    8.766203] Key type encrypted registered
[    8.777511] AppArmor: AppArmor sha1 policy hashing enabled
[    8.782665] ima: No TPM chip found, activating TPM-bypass!
[    8.788045] ima: Allocated hash algorithm: sha1
[    8.794864] evm: HMAC attrs: 0x1
[    8.799922]   Magic number: 2:589:521
[    8.804090] rtc_cmos rtc_cmos: setting system clock to 2018-09-18 07:30:40 UTC (1537255840)
[    8.815330] BIOS EDD facility v0.16 2004-Jun-25, 0 devices found
[    8.820416] EDD information not available.
[    8.833457] Freeing unused kernel memory: 1516K
[    8.847946] Write protecting the kernel read-only data: 14336k
[    8.856220] Freeing unused kernel memory: 1672K
[    8.869371] Freeing unused kernel memory: 92K
Loading, please wait...
starting version 229
[    8.946964] random: systemd-udevd: uninitialized urandom read (16 bytes read, 7 bits of entropy available)
[    8.950747] random: udevadm: uninitialized urandom read (16 bytes read, 7 bits of entropy available)
[    8.950832] random: udevadm: uninitialized urandom read (16 bytes read, 7 bits of entropy available)
[    8.997685] random: udevadm: uninitialized urandom read (16 bytes read, 7 bits of entropy available)
[    8.997926] random: udevadm: uninitialized urandom read (16 bytes read, 7 bits of entropy available)
[    8.998837] random: udevadm: uninitialized urandom read (16 bytes read, 7 bits of entropy available)
[    8.999163] random: udevadm: uninitialized urandom read (16 bytes read, 7 bits of entropy available)
[    8.999541] random: udevadm: uninitialized urandom read (16 bytes read, 7 bits of entropy available)
[    8.999988] random: udevadm: uninitialized urandom read (16 bytes read, 7 bits of entropy available)
[    9.000351] random: udevadm: uninitialized urandom read (16 bytes read, 7 bits of entropy available)
[    9.308487] e1000: Intel(R) PRO/1000 Network Driver - version 7.3.21-k8-NAPI
[    9.326646] e1000: Copyright (c) 1999-2006 Intel Corporation.
[    9.339116] Fusion MPT base driver 3.04.20
[    9.356072] Copyright (c) 1999-2008 LSI Corporation
[    9.395474] Fusion MPT SPI Host driver 3.04.20
[    9.583776] input: ImExPS/2 Generic Explorer Mouse as /devices/platform/i8042/serio1/input/input4
[    9.629550] AVX2 version of gcm_enc/dec engaged.
[    9.635469] AES CTR mode by8 optimization enabled
[   10.775852] e1000 0000:00:03.0 eth0: (PCI:33MHz:32-bit) 02:1d:76:b3:3c:fe
[   10.783516] e1000 0000:00:03.0 eth0: Intel(R) PRO/1000 Network Connection
[   10.805217] mptbase: ioc0: Initiating bringup
[   11.061826] ioc0: LSI53C1030 A0: Capabilities={Initiator}
[   12.087968] scsi host2: ioc0: LSI53C1030 A0, FwRev=00000000h, Ports=1, MaxQ=256, IRQ=20
[   12.781787] scsi 2:0:0:0: Direct-Access     VBOX     HARDDISK         1.0  PQ: 0 ANSI: 5
[   12.802466] scsi target2:0:0: Beginning Domain Validation
[   12.819578] scsi target2:0:0: Domain Validation skipping write tests
[   12.847925] scsi target2:0:0: Ending Domain Validation
[   12.860279] scsi target2:0:0: asynchronous
[   12.876594] scsi 2:0:1:0: Direct-Access     VBOX     HARDDISK         1.0  PQ: 0 ANSI: 5
[   12.906944] scsi target2:0:1: Beginning Domain Validation
[   12.945225] scsi target2:0:1: Domain Validation skipping write tests
[   12.954819] scsi target2:0:1: Ending Domain Validation
[   12.969690] scsi target2:0:1: asynchronous
[   13.014798] sd 2:0:0:0: Attached scsi generic sg0 type 0
[   13.044880] sd 2:0:0:0: [sda] 20971520 512-byte logical blocks: (10.7 GB/10.0 GiB)
[   13.073492] sd 2:0:0:0: [sda] Write Protect is off
[   13.192151] sd 2:0:0:0: [sda] Incomplete mode parameter data
[   13.209223] sd 2:0:1:0: Attached scsi generic sg1 type 0
[   13.244970] sd 2:0:0:0: [sda] Assuming drive cache: write through
[   13.260316] sd 2:0:1:0: [sdb] 20480 512-byte logical blocks: (10.5 MB/10.0 MiB)
[   13.343221] sd 2:0:1:0: [sdb] Write Protect is off
[   13.375282] sd 2:0:1:0: [sdb] Incomplete mode parameter data
[   13.416676] sd 2:0:1:0: [sdb] Assuming drive cache: write through
[   13.447650]  sda: sda1
[   13.507362] sd 2:0:1:0: [sdb] Attached SCSI disk
[   13.518109] sd 2:0:0:0: [sda] Attached SCSI disk
[   14.783955] e1000 0000:00:08.0 eth1: (PCI:33MHz:32-bit) 08:00:27:d3:85:64
[   14.794176] e1000 0000:00:08.0 eth1: Intel(R) PRO/1000 Network Connection
[   14.816393] e1000 0000:00:03.0 enp0s3: renamed from eth0
[   14.840226] e1000 0000:00:08.0 enp0s8: renamed from eth1
Begin: Loading essential drivers ... [   18.127467] md: linear personality registered for level -1
[   18.143120] md: multipath personality registered for level -4
[   18.177834] md: raid0 personality registered for level 0
[   18.202901] md: raid1 personality registered for level 1
[   18.299843] raid6: sse2x1   gen()  1402 MB/s
[   18.367859] raid6: sse2x1   xor()  1261 MB/s
[   18.444014] raid6: sse2x2   gen()  2472 MB/s
[   18.539947] raid6: sse2x2   xor()  1796 MB/s
[   18.620972] raid6: sse2x4   gen()  2941 MB/s
[   18.691765] raid6: sse2x4   xor()  2044 MB/s
[   18.768113] raid6: avx2x1   gen()  4284 MB/s
[   18.839839] raid6: avx2x2   gen()  4666 MB/s
[   18.928075] raid6: avx2x4   gen()  4633 MB/s
[   18.932997] raid6: using algorithm avx2x2 gen() 4666 MB/s
[   18.971907] raid6: using avx2x2 recovery algorithm
[   18.987090] xor: automatically using best checksumming function:
[   19.044327]    avx       :  4405.000 MB/sec
[   19.073390] async_tx: api initialized (async)
[   19.171626] md: raid6 personality registered for level 6
[   19.194060] md: raid5 personality registered for level 5
[   19.202158] md: raid4 personality registered for level 4
[   19.261468] md: raid10 personality registered for level 10
done.
Begin: Running /scripts/init-premount ... done.
Begin: Mounting root file system ... Begin: Running /scripts/local-top ... done.
Begin: Running /scripts/local-premount ... [   19.616612] Btrfs loaded
Scanning for Btrfs filesystems
done.
[   19.980711] clocksource: tsc: mask: 0xffffffffffffffff max_cycles: 0x2879c456dd4, max_idle_ns: 440795285767 ns
Warning: fsck not present, so skipping root file system
[   20.159556] EXT4-fs (sda1): mounted filesystem with ordered data mode. Opts: (null)
done.
Begin: Running /scripts/local-bottom ... done.
Begin: Running /scripts/init-bottom ... done.
[   20.679230] systemd[1]: systemd 229 running in system mode. (+PAM +AUDIT +SELINUX +IMA +APPARMOR +SMACK +SYSVIIT +UTMP +LIBCRYPTSETUP +GCRYPT +GNUTLS +ACL +XZ -LZ4 +SECCOMP +BLKID +ELFUTILS +KMOD -IDN)
[   21.155249] systemd[1]: Detected virtualization oracle.
[   21.163353] systemd[1]: Detected architecture x86-64.
[   21.182868] random: nonblocking pool is initialized

Welcome to [1mUbuntu 16.04.5 LTS[0m!

[   21.266306] systemd[1]: Set hostname to <ubuntu>.
[   21.300769]systemd[1]: Initializing machine ID from random generator.
[   21.418867] systemd[1]: Installed transient /etc/machine-id file.

[   22.776565] systemd[1]: Reached target System Time Synchronized.
[[0;32m  OK  [0m] Reached target System Time Synchronized.
[   22.789995] systemd[1]: Listening on /dev/initctl Compatibility Named Pipe.
[[0;32m  OK  [0m] Listening on /dev/initctl Compatibility Named Pipe.
[   22.803239] systemd[1]: Listening on Syslog Socket.
[[0;32m  OK  [0m] Listening on Syslog Socket.
[   22.814917] systemd[1]: Listening on LVM2 metadata daemon socket.
[[0;32m  OK  [0m] Listening on LVM2 metadata daemon socket.
[   22.831234] systemd[1]: Listening on Journal Socket.
[[0;32m  OK  [0m] Listening on Journal Socket.
[   22.850780] systemd[1]: Started Trigger resolvconf update for networkd DNS.
[[0;32m  OK  [0m] Started Trigger resolvconf update for networkd DNS.
[   22.871724] systemd[1]: Started Forward Password Requests to Wall Directory Watch.
[[0;32m  OK  [0m] Started Forward Password Requests to Wall Directory Watch.
[   22.898866] systemd[1]: Listening on Journal Audit Socket.
[[0;32m  OK  [0m] Listening on Journal Audit Socket.
[   22.914941] systemd[1]: Created slice System Slice.
[[0;32m  OK  [0m] Created slice System Slice.
[   22.948794] systemd[1]: Mounting POSIX Message Queue File System...
         Mounting POSIX Message Queue File System...
[   22.992028] systemd[1]: Mounting Huge Pages File System...
         Mounting Huge Pages File System...
[   23.064705] systemd[1]: Starting Nameserver information manager...
         Starting Nameserver information manager...
[   23.108443] systemd[1]: Starting Create list of required static device nodes for the current kernel...
         Starting Create list of required st... nodes for the current kernel...
[   23.160779] systemd[1]: Listening on udev Control Socket.
[[0;32m  OK  [0m] Listening on udev Control Socket.
[   23.218131] systemd[1]: Set up automount Arbitrary Executable File Formats File System Automount Point.
[[0;32m  OK  [0m] Set up automount Arbitrary Executab...ats File System Automount Point.
[   23.548829] systemd[1]: Reached target Swap.
[[0;32m  OK  [0m] Reached target Swap.
[   23.589674] systemd[1]: Starting Set console keymap...
         Starting Set console keymap...
[   23.656093] systemd[1]: Listening on Device-mapper event daemon FIFOs.
[[0;32m  OK  [0m] Listening on Device-mapper event daemon FIFOs.
[   23.883644] systemd[1]: Starting Monitoring of LVM2 mirrors, snapshots etc. using dmeventd or progress polling...
         Starting Monitoring of LVM2 mirrors... dmeventd or progress polling...
[   24.030007] systemd[1]: Created slice User and Session Slice.
[[0;32m  OK  [0m] Created slice User and Session Slice.
[   24.077646] systemd[1]: Reached target Slices.
[[0;32m  OK  [0m] Reached target Slices.
[   24.093780] systemd[1]: Listening on LVM2 poll daemon socket.
[[0;32m  OK  [0m] Listening on LVM2 poll daemon socket.
[   24.163070] systemd[1]: Created slice system-serial\x2dgetty.slice.
[[0;32m  OK  [0m] Created slice system-serial\x2dgetty.slice.
[   24.240867] systemd[1]: Starting Load Kernel Modules...
         Startin[   24.311411] Loading iSCSI transport class v2.0-870.
g Load Kernel Modules...
[   24.344489] systemd[1]: Mounting Debug File System...
         Mounting Debug File System...
[   24.410275] systemd[1]: Starting Uncomplicated firewall...
         Starting Uncompl[   24.471882] iscsi: registered transport (tcp)
icated firewall...
[   24.493501] systemd[1]: Listening on Journal Socket (/dev/log).
[[0;32m  OK  [0m] Listening on Journal Socket (/dev/log).
[   24.567052] systemd[1]: Starting Journal Service...
         Starting Journal Service...
[   24.713533] systemd[1]: Listening on udev Kernel Socket.
[[0;32m  OK  [0m] Listening on udev Kernel Socket.
[   24.880781] systemd[1]: Starting Remount Root and Kernel File Systems...
         Starting Remount Root and Kernel File Systems...
[   25.009104] systemd[1]: Reached target Encrypted Volumes.
[[0;32m  OK  [0m] Reached targe[   25.045006] iscsi: registered transport (iser)
t Encrypted Volumes.
[   25.121808] EXT4-fs (sda1): re-mounted. Opts: (null)
[   25.128582] systemd[1]: Reached target User and Group Name Lookups.
[[0;32m  OK  [0m] Reached target User and Group Name Lookups.
[   25.215858] systemd[1]: Mounted Debug File System.
[[0;32m  OK  [0m] Mounted Debug File System.
[   25.272968] systemd[1]: Mounted Huge Pages File System.
[[0;32m  OK  [0m] Mounted Huge Pages File System.
[   25.354703] systemd[1]: Mounted POSIX Message Queue File System.
[[0;32m  OK  [0m] Mounted POSIX Message Queue File System.
[   25.388258] systemd[1]: Started Journal Service.
[[0;32m  OK  [0m] Started Journal Service.
[[0;32m  OK  [0m] Started Create list of required sta...ce nodes for the current kernel.
[[0;32m  OK  [0m] Started Set console keymap.
[[0;32m  OK  [0m] Started Load Kernel Modules.
[[0;32m  OK  [0m] Started Uncomplicated firewall.
[[0;32m  OK  [0m] Started Remount Root and Kernel File Systems.
[[0;32m  OK  [0m] Started Nameserver information manager.
[[0;32m  OK  [0m] Started LVM2 metadata daemon.
         Starting Load/Save Random Seed...
         Starting udev Coldplug all Devices...
         Mounting FUSE Control File System...
         Starting Apply Kernel Variables...
         Starting Create Static Device Nodes in /dev...
         Starting Flush Journal to Persistent Storage...
[[0;32m  OK  [0m] Mounted FUSE Control File System.
[[0;32m  OK  [0m] Started Load/Save Random Seed.
[[0;32m  OK  [0m] Started Apply Kernel Variables.
[[0;32m  OK  [0m] Started Create Static Device Nodes in /dev.
[[0;32m  OK  [0m] Started Monitoring of LVM2 mirrors,...ng dmeventd or progress polling.
[[0;32m  OK  [0m] Started udev Coldplug all Devices.
[[0;32m  OK  [0m] Started Flush Journal to Persistent Storage.
         Starting udev Kernel Device Manager...
[[0;32m  OK  [0m] Started udev Kernel Device Manager.
[[0;32m  OK  [0m] Started Dispatch Password Requests to Console Directory Watch.
[[0;32m  OK  [0m] Reached target Local File Systems (Pre).
[[0;32m  OK  [0m] Reached target Local File Systems.
         Starting LSB: AppArmor initialization...
         Starting Initial cloud-init job (pre-networking)...
         Starting Set console font and keymap...
         Starting Create Volatile Files and Directories...
         Starting Tell Plymouth To Write Out Runtime Data...
         Starting Commit a transient machine-id on disk...
[[0;32m  OK  [0m] Started Tell Plymouth To Write Out Runtime Data.
[[0;32m  OK  [0m] Started Commit a transient machine-id on disk.
[[0;32m  OK  [0m] Started Create Volatile Files and Directories.
         Starting Update UTMP about System Boot/Shutdown...
[[0;32m  OK  [0m] Started Update UTMP about System Boot/Shutdown.
[[0;32m  OK  [0m] Found device /dev/ttyS0.
[[0;32m  OK  [0m] Listening on Load/Save RF Kill Switch Status /dev/rfkill Watch.
[[0;32m  OK  [0m] Started Set console font and keymap.
[[0;32m  OK  [0m] Created slice system-getty.slice.
[   36.576498] cloud-init[485]: Cloud-init v. 18.3-9-g2e62cb8a-0ubuntu1~16.04.2 running 'init-local' at Tue, 18 Sep 2018 07:31:06 +0000. Up 30.79 seconds.
[[0;32m  OK  [0m] Started Initial cloud-init job (pre-networking).
[[0;32m  OK  [0m] Reached target Network (Pre).
[[0;32m  OK  [0m] Started LSB: AppArmor initialization.
         Starting Raise network interfaces...
[[0;32m  OK  [0m] Started Raise network interfaces.
         Starting Initial cloud-init job (metadata service crawler)...
[[0;32m  OK  [0m] Reached target Network.
[   54.391477] cloud-init[948]: Cloud-init v. 18.3-9-g2e62cb8a-0ubuntu1~16.04.2 running 'init' at Tue, 18 Sep 2018 07:31:22 +0000. Up 46.87 seconds.
[   54.496437] cloud-init[948]: ci-info: ++++++++++++++++++++++++++++++++++++++Net device info+++++++++++++++++++++++++++++++++++++++
[   54.624613] cloud-init[948]: ci-info: +--------+-------+----------------------------+---------------+--------+-------------------+
[   54.888696] [[0;32m  OK  [0m] Started Initial cloud-init job (metadata service crawler).
cloud-init[948]: ci-info: | Device |   Up  |          Address           |      Mask     | Scope  |     Hw-Address    |
[   54.917307] [cloud-init[0;32m  OK  [0m[948]: ] ci-info: +--------+-------+----------------------------+---------------+--------+-------------------+Reached target Cloud-config availability.

[[0;32m  OK  [0m] Reached target System Initialization.
[   54.919175] [cloud-init[0;32m  OK  [0m[948]: ] ci-info: | enp0s3 |  True |         10.0.2.15          | 255.255.255.0 | global | 02:1d:76:b3:3c:fe |Listening on UUID daemon activation socket.

[   55.007292] [cloud-init[0;32m  OK  [0m[948]: ] ci-info: | enp0s3 |  True | fe80::1d:76ff:feb3:3cfe/64 |       .       |  link  | 02:1d:76:b3:3c:fe |Listening on D-Bus System Message Bus Socket.

[[0;32m  OK  [0m] Started Daily apt download activities.
         Starting Socket activation for snappy daemon.
[   55.112506] cloud-init[948]: ci-info: | enp0s8 | False |             .              |       .       |   .    | 08:00:27:d3:85:64 |
[   55.221552] cloud-init[948]: ci-info: |   lo   |  True |         127.0.0.1          |   255.0.0.0   |  host  |         .         |
[   55.221796] cloud-init[948]: ci-info: |   lo   |  True |          ::1/128           |       .       |  host  |         .         |
[   55.222172] cloud-init[948]: ci-info: +--------+-------+----------------------------+---------------+--------+-------------------+
[   55.222375] cloud-init[948]: ci-info: +++++++++++++++++++++++++++Route IPv4 info++++++++++++++++++++++++++++
[   55.222682] cloud-init[948]: ci-info: +-------+-------------+----------+---------------+-----------+-------+
[   55.222905] cloud-init[948]: ci-info: | Route | Destination | Gateway  |    Genmask    | Interface | Flags |
[   55.223360] cloud-init[948]: ci-info: +-------+-------------+----------+---------------+-----------+-------+
[   55.223648] cloud-init[948]: ci-info: |   0   |   0.0.0.0   | 10.0.2.2 |    0.0.0.0    |   enp0s3  |   UG  |
[   55.223854] cloud-init[948]: ci-info: |   1   |   10.0.2.0  | 0.0.0.0  | 255.255.255.0 |   enp0s3  |   U   |
[   55.224126] cloud-init[948]: ci-info: +-------+-------------+----------+---------------+-----------+-------+
[   55.224321] cloud-init[948]: ci-info: +++++++++++++++++++Route IPv6 info+++++++++++++++++++
         Starting LXD - unix socket.
[   55.224671] cloud-init[[0;32m  OK  [0m] Started Daily apt upgrade and clean activities.
[[0;32m  OK  [0m] Listening on ACPID Listen Socket.
[[0;32m  OK  [0m] Started Daily Cleanup of Temporary Directories.
[[0;32m  OK  [0m] Reached target Timers.
[948]: ci-info: +-------+-------------+---------+-----------+-------+
[   55.541459] [[0;32m  OK  [0m] Started ACPI Events Check.
[[0;32m  OK  [0m] Reached target Paths.
cloud-init[948]: ci-info: | Route | Destination | Gateway | Interface | Flags |
[   55.597348] [[0;32m  OK  [0m] Reached target Network is Online.
cloud-init[948]: ci-info: +-------+-------------+---------+-----------+-------+
[   55.621947] cloud-init[948]:          Starting iSCSI initiator daemon (iscsid)...
ci-info: |   0   |  fe80::/64  |    ::   |   enp0s3  |   U   |
[   55.694398] cloud-init[948]: ci-info: |   4   |   ff00::/8  |    ::   |   enp0s3  |   U   |[[0;32m  OK  [0m] Listening on Socket activation for snappy daemon.
[[0;32m  OK  [0m] Listening on LXD - unix socket.

[   55.809872] cloud-init[948]: ci-info: +-------+-------------+---------+-----------+-------+
[   55.868876] cloud-init[948]: Generating public/private rsa key pair.
[   55.899596] cloud-init[948]: Your identification has been saved in /etc/ssh/ssh_host_rsa_key.
[[0;32m  OK  [0m] Started iSCSI initiator daemon (iscsid).
[   56.156538] cloud-init[948]: Your public key has been saved in /etc/ssh/ssh_host_rsa_key.pub.
[   56.187203] cloud-init[948]: The key fingerprint is:
[   56.193927] cloud-init[948]: SHA256:GWvss1q2W3HsaHykqBvbrHZb/0d1hBuu8vpJnXd8E8w root@ubuntu-xenial
[   56.459322] cloud-init[948]: The key's randomart image is:
         Starting Login to default iSCSI targets...
[   56.468896] [cloud-init[0;32m  OK  [0m[948]: ] +---[RSA 2048]----+Reached target Sockets.

[[0;32m  OK  [0m] Reached target Basic System.
[   56.471405] cloud-init[948]: |               . |
[   56.510617] cloud-init[948]: |              o .|
[   56.549783] cloud-init[948]: |        .    . + |
[   56.556372] cloud-init[948]: |       . + .  = o|
[   56.562895] cloud-init[948]: |        S . +. Eo|
[   56.575285] cloud-init[948]: |       o o.B.. oo|
[   56.598239] cloud-init[948]: |      . * Bo+ oo=|
[   56.607000] [cloud-init[0;32m  OK  [0m[948]: ] |      .O.B +.. .=|Started FUSE filesystem for LXC.

[   56.661827] cloud-init[948]: |     .*=Bo.o+... |
[   56.671363] cloud-init[948]: +----[SHA256]-----+
[   56.676030] cloud-init[948]: Generating public/private dsa key pair.
[   56.683662] cloud-init[948]: Your identification has been saved in /etc/ssh/ssh_host_dsa_key.
[   56.690520] cloud-init[948]: Your public key has been saved in /etc/ssh/ssh_host_dsa_key.pub.
[   56.696711] cloud-init[948]: The key fingerprint is:
         Starting /etc/rc.local Compatibility...
[   56.697131] cloud-init[948]: SHA256:hKBtownfQaf252ycI44cTG1bI28CDkZeTbEOzXW9yC0 root@ubuntu-xenial
[[0;32m  OK  [0m] Started Unattended Upgrades Shutdown.
[   56.725089] cloud-init[948]: The key's randomart image is:
         Starting LSB: Record successful boot for GRUB...
[   56.787958]          Starting Pollinate to seed the pseudo random number generator...
cloud-init[948]: +---[DSA 1024]----+
         Starting System Logging Service...
[   56.882569] cloud-init[948]: |    o +.. ..     |
[   56.938896] cloud-init[948]: |   + O + .  .    |
[   56.991001] cloud-init[948]: |. o X * .. o .   |
[   56.998523] cloud-init[948]: | = B B .  E o    |
[   57.005153] cloud-init[948]: |  B + * S  .     |
[   57.048492] [cloud-init[0;32m  OK  [0m[948]: ] | . = o X o       |Started D-Bus System Message Bus.

[   57.051357] cloud-init[948]: |    + + X        |
[   57.162216] cloud-init[948]: |   . + = .       |
[   57.178489] cloud-init[948]: |    o .          |
[   57.187513] cloud-init[948]: +----[SHA256]-----+
[   57.274774] cloud-init[948]: Generating public/private ecdsa key pair.
[   57.305281] cloud-init[948]: Your identification has been saved in /etc/ssh/ssh_host_ecdsa_key.
[   57.584511] cloud-init[948]: Your public key has been saved in /etc/ssh/ssh_host_ecdsa_key.pub.
         Starting Snappy daemon...
[   57.695523] cloud-init[948]: The key fingerprint is:
[[0;32m  OK  [0m] Started ACPI event daemon.
[   58.014207] cloud-init[948]: SHA256:HJHrOJcTGRtXYnzfYztpYvSGBRpzy6PRQrlYSfxai2I root@ubuntu-xenial
[   58.086292]          Starting LSB: MD monitoring daemon...
         Starting LXD - container startup/shutdown...
         Starting Login Service...
cloud-init[948]: The key's randomart image is:
[   58.188747] cloud-init[948]: +---[ECDSA 256]---+
[   58.197427] cloud-init[948]: |        .o=o+    |
[   58.206945] cloud-init[948]: |        +ooX.o   |[[0;32m  OK  [0m] Started Regular background program processing daemon.
         Starting Accounts Service...
[[0;32m  OK  [0m] Started Deferred execution scheduler.

[   58.377985]          Starting Virtualbox guest utils...
[[0;32m  OK  [0m] Started System Logging Service.
[[0;32m  OK  [0m] Started /etc/rc.local Compatibility.
cloud-init[948]: |        .B+.X.o. |
[   58.562108] cloud-init[948]: |       .=o = O.+.|
[   58.625860] cloud-init[948]: |       oSo  O B +|
[   58.755139] cloud-init[948]: |      o =E + = B |
[   58.865035] cloud-init[948]: |       o... . + .|
[   58.900695] cloud-init[948]: |                 |
[   58.926354] [[0;32m  OK  [0m] Started Login to default iSCSI targets.
cloud-init[948]: |                 |
[   59.161548] cloud-init[[0;32m  OK  [0m] Started LSB: Record successful boot for GRUB.
[948]: +----[SHA256]-----+
[   59.210296] cloud-init[948]: Generating public/private ed25519 key pair.
[   59.286100] cloud-init[948]: Your identification has been saved in /etc/ssh/ssh_host_ed25519_key.
[   59.449916] cloud-init[948]: Your public key has been saved in /etc/ssh/ssh_host_ed25519_key.pub.
[   59.580018] cloud-init[948]: The key fingerprint is:
[   59.665856] cloud-init[948]: SHA256:mKpVtAaik1Nn4i3VMIQGphhOp5usrOj1KhZyRDG1dlI root@ubuntu-xenial
[[   59.792607] cloud-init[948]: The key's randomart image is:
[0;32m  OK  [0m] Started LXD - container startup/shutdown.
[[0;32m  OK  [0m] Started Login Service.
[[0;32m  OK  [0m] Started LSB: MD monitoring daemon.
[   59.804146] cloud-init[948]: +--[ED25519 256]--+
[   59.962065] cloud-init[948]: |o+o*= E          |
[   59.963283] cloud-init[948]: |*.*. *           |
[   59.965609] cloud-init[948]: |o=+ O +          |
[[0;32m  OK  [0m] Started Snappy daemon.
[[0;32m  OK  [0m] Started Pollinate to seed the pseudo random number generator.
[   59.966867] cloud-init[948]: |.=+O = +         |
         Starting OpenBSD Secure Shell server...
         [   60.228592] cloud-init[948]: |==o . * S        |
[   60.245898] cloud-init[948]: |++.. +           |
Starting Wait until snapd is fully seeded...
[   60.253644] cloud-init[948]: |oo..o            |
         Starting Authenticate and Authorize Users to Run Privileged Tasks...
[[0;32m  OK  [0m] Reached target Remote File Systems (Pre).
[   60.571484] [[0;32m  OK  [0m] Reached target Remote File Systems.
cloud-init[948]: |oo.o.            |
[   60.774066] cloud-init[948]: |=.o...           |
[   60.776397] cloud-init[948]: +----[SHA256]-----+
         Starting Permit User Sessions...
         Starting LSB: Set the CPU Frequency Scaling governor to "ondemand"...
         Starting LSB: daemon to balance interrupts for SMP systems...
         Starting LSB: automatic crash report generation...
[[0;32m  OK  [0m] Started OpenBSD Secure Shell server.
[[0;32m  OK  [0m] Started Virtualbox guest utils.
[[0;32m  OK  [0m] Started Permit User Sessions.
[[0;32m  OK  [0m] Started Authenticate and Authorize Users to Run Privileged Tasks.
[[0;32m  OK  [0m] Started Accounts Service.
[[0;32m  OK  [0m] Started LSB: Set the CPU Frequency Scaling governor to "ondemand".
         Starting Terminate Plymouth Boot Screen...
         Starting Hold until boot process finishes up...
[[0;32m  OK  [0m] Started Terminate Plymouth Boot Screen.
[[0;32m  OK  [0m] Started LSB: daemon to balance interrupts for SMP systems.
[[0;32m  OK  [0m] Started LSB: automatic crash report generation.
[[0;32m  OK  [0m] Started Hold until boot process finishes up.
[[0;32m  OK  [0m] Started Getty on tty1.
[[0;32m  OK  [0m] Started Serial Getty on ttyS0.
[[0;32m  OK  [0m] Reached target Login Prompts.
         Starting Set console scheme...
[[0;32m  OK  [0m] Started Set console scheme.
[[0;32m  OK  [0m] Started Wait until snapd is fully seeded.
         Starting Apply the settings specified in cloud-config...
[[0;32m  OK  [0m] Reached target Multi-User System.
[[0;32m  OK  [0m] Reached target Graphical Interface.
         Starting Update UTMP about System Runlevel Changes...
[[0;32m  OK  [0m] Started Update UTMP about System Runlevel Changes.

Ubuntu 16.04.5 LTS ubuntu-xenial ttyS0

ubuntu-xenial login: [   69.908940] cloud-init[1284]: Generating locales (this might take a while)...
[   78.808690] cloud-init[1284]:   en_US.UTF-8... done
[   78.809899] cloud-init[1284]: Generation complete.
[   82.215351] cloud-init[1284]: Cloud-init v. 18.3-9-g2e62cb8a-0ubuntu1~16.04.2 running 'modules:config' at Tue, 18 Sep 2018 07:31:44 +0000. Up 68.22 seconds.
ci-info: no authorized ssh keys fingerprints found for user ubuntu.
<14>Sep 18 07:32:04 ec2: 
<14>Sep 18 07:32:04 ec2: #############################################################
<14>Sep 18 07:32:04 ec2: -----BEGIN SSH HOST KEY FINGERPRINTS-----
<14>Sep 18 07:32:04 ec2: 1024 SHA256:hKBtownfQaf252ycI44cTG1bI28CDkZeTbEOzXW9yC0 root@ubuntu-xenial (DSA)
<14>Sep 18 07:32:04 ec2: 256 SHA256:HJHrOJcTGRtXYnzfYztpYvSGBRpzy6PRQrlYSfxai2I root@ubuntu-xenial (ECDSA)
<14>Sep 18 07:32:04 ec2: 256 SHA256:mKpVtAaik1Nn4i3VMIQGphhOp5usrOj1KhZyRDG1dlI root@ubuntu-xenial (ED25519)
<14>Sep 18 07:32:04 ec2: 2048 SHA256:GWvss1q2W3HsaHykqBvbrHZb/0d1hBuu8vpJnXd8E8w root@ubuntu-xenial (RSA)
<14>Sep 18 07:32:04 ec2: -----END SSH HOST KEY FINGERPRINTS-----
<14>Sep 18 07:32:04 ec2: #############################################################
-----BEGIN SSH HOST KEY KEYS-----
ecdsa-sha2-nistp256 AAAAE2VjZHNhLXNoYTItbmlzdHAyNTYAAAAIbmlzdHAyNTYAAABBBIxf/p1OKhUEVs8fx8J3eyeQxhcXQ81zuWatOQJm5lesNZAowdAtEAyLBYtG5ze6f9EsYyT1aAXTUFOVyzrLUz8= root@ubuntu-xenial
ssh-ed25519 AAAAC3NzaC1lZDI1NTE5AAAAIAmB+MzWrGsHabKmIwHRgKDTRITvFDG/8s2MVw0GLYPv root@ubuntu-xenial
ssh-rsa AAAAB3NzaC1yc2EAAAADAQABAAABAQCX/SGWUsvZQ9R7pfBEnYAZYZrM1fcLMOBwdB/4zcDaHTDup6pvsEHIQ+hq5xPlsqrUcU0v505r2Ir1408S45A1HyADe+8BVJ6XSjJAvwNHXxZhFwl296TVSO8aquO8x5wQ0q8QKnykYLA64Cnc4Ou5bse48zzBYM5/IR7ZoPlUoKaBVAnKMjdtUoAii9mLqkouAo1jjdl4HDoG+yz8E+UiBvZ2qM14TUuvc875HSGcXuwUQkT2RRdB7B1V8CnWSmADlwK78+mp3haAKeT5sN2xR+5HmTVaXnRlrhkKg2TlHE8qrq2zgnW7nxjuSdT/0agxokPhy/KQbsUWl0TbEwFj root@ubuntu-xenial
-----END SSH HOST KEY KEYS-----
[   88.689925] cloud-init[1333]: Cloud-init v. 18.3-9-g2e62cb8a-0ubuntu1~16.04.2 running 'modules:final' at Tue, 18 Sep 2018 07:32:02 +0000. Up 86.46 seconds.
[   88.690961] cloud-init[1333]: ci-info: no authorized ssh keys fingerprints found for user ubuntu.
[   88.695246] cloud-init[1333]: Cloud-init v. 18.3-9-g2e62cb8a-0ubuntu1~16.04.2 finished at Tue, 18 Sep 2018 07:32:04 +0000. Datasource DataSourceNoCloud [seed=/dev/sdb][dsmode=net].  Up 88.58 seconds
