[    0.0000]nitiizg cgroup subsys us
[    0.000000] Initializing cgroup subsys cpu
[    0.000000] Initializing cgroup subsys cpuacct
[    0.000000] Linux version 4.4.0-135-generic (buildd@lcy01-amd64-020) (gcc version 5.4.0 20160609 (Ubuntu 5.4.0-6ubuntu1~16.04.10) ) #161-Ubuntu SMP Mon Aug 27 10:45:01 UTC 2018 (Ubuntu 4.4.0-135.161-generic 4.4.140)
[    0.000000] Command line: BOOT_IMAGE=/boot/vmlinuz-4.4.0-135-generic root=LABEL=cloudimg-rootfs ro console=tty1 console=ttyS0
[    0.000000] KERNEL supported cpus:
[    0.000000]   Intel GenuineIntel
[    0.000000]   AMD AuthenticAMD
[    0.000000]   Centaur CentaurHauls
[    0.000000] x86/fpu: xstate_offset[2]:  576, xstate_sizes[2]:  256
[    0.000000] x86/fpu: Supporting XSAVE feature 0x01: 'x87 floating point registers'
[    0.000000] x86/fpu: Supporting XSAVE feature 0x02: 'SSE registers'
[    0.000000] x86/fpu: Supporting XSAVE feature 0x04: 'AVX registers'
[    0.000000] x86/fpu: Enabled xstate features 0x7, context size is 832 bytes, using 'standard' format.
[    0.000000] e820: BIOS-provided physical RAM map:
[    0.000000] BIOS-e820: [mem 0x0000000000000000-0x000000000009fbff] usable
[    0.000000] BIOS-e820: [mem 0x000000000009fc00-0x000000000009ffff] reserved
[    0.000000] BIOS-e820: [mem 0x00000000000f0000-0x00000000000fffff] reserved
[    0.000000] BIOS-e820: [mem 0x0000000000100000-0x000000003ffeffff] usable
[    0.000000] BIOS-e820: [mem 0x000000003fff0000-0x000000003fffffff] ACPI data
[    0.000000] BIOS-e820: [mem 0x00000000fec00000-0x00000000fec00fff] reserved
[    0.000000] BIOS-e820: [mem 0x00000000fee00000-0x00000000fee00fff] reserved
[    0.000000] BIOS-e820: [mem 0x00000000fffc0000-0x00000000ffffffff] reserved
[    0.000000] NX (Execute Disable) protection: active
[    0.000000] SMBIOS 2.5 present.
[    0.000000] Hypervisor detected: KVM
[    0.000000] e820: last_pfn = 0x3fff0 max_arch_pfn = 0x400000000
[    0.000000] MTRR: Disabled
[    0.000000] x86/PAT: MTRRs disabled, skipping PAT initialization too.
[    0.000000] CPU MTRRs all blank - virtualized system.
[    0.000000] x86/PAT: Configuration [0-7]: WB  WT  UC- UC  WB  WT  UC- UC  
[    0.000000] found SMP MP-table at [mem 0x0009fff0-0x0009ffff] mapped at [ffff88000009fff0]
[    0.000000] Scanning 1 areas for low memory corruption
[    0.000000] RAMDISK: [mem 0x3630a000-0x3717cfff]
[    0.000000] ACPI: Early table checksum verification disabled
[    0.000000] ACPI: RSDP 0x00000000000E0000 000024 (v02 VBOX  )
[    0.000000] ACPI: XSDT 0x000000003FFF0030 00003C (v01 VBOX   VBOXXSDT 00000001 ASL  00000061)
[    0.000000] ACPI: FACP 0x000000003FFF00F0 0000F4 (v04 VBOX   VBOXFACP 00000001 ASL  00000061)
[    0.000000] ACPI: DSDT 0x000000003FFF0470 0021FF (v02 VBOX   VBOXBIOS 00000002 INTL 20160108)
[    0.000000] ACPI: FACS 0x000000003FFF0200 000040
[    0.000000] ACPI: FACS 0x000000003FFF0200 000040
[    0.000000] ACPI: APIC 0x000000003FFF0240 00005C (v02 VBOX   VBOXAPIC 00000001 ASL  00000061)
[    0.000000] ACPI: SSDT 0x000000003FFF02A0 0001CC (v01 VBOX   VBOXCPUT 00000002 INTL 20160108)
[    0.000000] No NUMA configuration found
[    0.000000] Faking a node at [mem 0x0000000000000000-0x000000003ffeffff]
[    0.000000] NODE_DATA(0) allocated [mem 0x3ffeb000-0x3ffeffff]
[    0.000000] kvm-clock: Using msrs 4b564d01 and 4b564d00
[    0.000000] kvm-clock: cpu 0, msr 0:3ffe3001, primary cpu clock
[    0.000000] kvm-clock: using sched offset of 3485252522 cycles
[    0.000000] clocksource: kvm-clock: mask: 0xffffffffffffffff max_cycles: 0x1cd42e4dffb, max_idle_ns: 881590591483 ns
[    0.000000] Zone ranges:
[    0.000000]   DMA      [mem 0x0000000000001000-0x0000000000ffffff]
[    0.000000]   DMA32    [mem 0x0000000001000000-0x000000003ffeffff]
[    0.000000]   Normal   empty
[    0.000000]   Device   empty
[    0.000000] Movable zone start for each node
[    0.000000] Early memory node ranges
[    0.000000]   node   0: [mem 0x0000000000001000-0x000000000009efff]
[    0.000000]   node   0: [mem 0x0000000000100000-0x000000003ffeffff]
[    0.000000] Initmem setup node 0 [mem 0x0000000000001000-0x000000003ffeffff]
[    0.000000] ACPI: PM-Timer IO Port: 0x4008
[    0.000000] IOAPIC[0]: apic_id 2, version 32, address 0xfec00000, GSI 0-23
[    0.000000] ACPI: INT_SRC_OVR (bus 0 bus_irq 0 global_irq 2 dfl dfl)
[    0.000000] ACPI: INT_SRC_OVR (bus 0 bus_irq 9 global_irq 9 low level)
[    0.000000] Using ACPI (MADT) for SMP configuration information
[    0.000000] smpboot: Allowing 2 CPUs, 0 hotplug CPUs
[    0.000000] PM: Registered nosave memory: [mem 0x00000000-0x00000fff]
[    0.000000] PM: Registered nosave memory: [mem 0x0009f000-0x0009ffff]
[    0.000000] PM: Registered nosave memory: [mem 0x000a0000-0x000effff]
[    0.000000] PM: Registered nosave memory: [mem 0x000f0000-0x000fffff]
[    0.000000] e820: [mem 0x40000000-0xfebfffff] available for PCI devices
[    0.000000] Booting paravirtualized kernel on KVM
[    0.000000] clocksource: refined-jiffies: mask: 0xffffffff max_cycles: 0xffffffff, max_idle_ns: 7645519600211568 ns
[    0.000000] setup_percpu: NR_CPUS:512 nr_cpumask_bits:512 nr_cpu_ids:2 nr_node_ids:1
[    0.000000] PERCPU: Embedded 34 pages/cpu @ffff88003fc00000 s99544 r8192 d31528 u1048576
[    0.000000] PV qspinlock hash table entries: 256 (order: 0, 4096 bytes)
[    0.000000] Built 1 zonelists in Node order, mobility grouping on.  Total pages: 257912
[    0.000000] Policy zone: DMA32
[    0.000000] Kernel command line: BOOT_IMAGE=/boot/vmlinuz-4.4.0-135-generic root=LABEL=cloudimg-rootfs ro console=tty1 console=ttyS0
[    0.000000] PID hash table entries: 4096 (order: 3, 32768 bytes)
[    0.000000] Memory: 997720K/1048120K available (8554K kernel code, 1314K rwdata, 4004K rodata, 1516K init, 1316K bss, 50400K reserved, 0K cma-reserved)
[    0.000000] SLUB: HWalign=64, Order=0-3, MinObjects=0, CPUs=2, Nodes=1
[    0.000000] Kernel/User page tables isolation: enabled
[    0.000000] Hierarchical RCU implementation.
[    0.000000] 	Build-time adjustment of leaf fanout to 64.
[    0.000000] 	RCU restricting CPUs from NR_CPUS=512 to nr_cpu_ids=2.
[    0.000000] RCU: Adjusting geometry for rcu_fanout_leaf=64, nr_cpu_ids=2
[    0.000000] NR_IRQS:33024 nr_irqs:440 16
[    0.000000] Console: colour VGA+ 80x25
[    0.000000] console [tty1] enabled
[    0.000000] console [ttyS0] enabled
[    0.000000] tsc: Detected 2099.982 MHz processor
[    0.448896] Calibrating delay loop (skipped) preset value.. 4199.96 BogoMIPS (lpj=8399928)
[    0.450331] pid_max: default: 32768 minimum: 301
[    0.451133] ACPI: Core revision 20150930
[    0.452714] ACPI: 2 ACPI AML tables successfully acquired and loaded
[    0.453924] Security Framework initialized
[    0.454728] Yama: becoming midful.
[    0.467232] AppArmor: AppArmor initialized
[    0.468145] Dentry cache hash table entries: 131072 (order: 8, 1048576 bytes)
[    0.470174] Inode-cache hash table entries: 65536 (order: 7, 524288 bytes)
[    0.471383] Mount-cache hash table entries: 2048 (order: 2, 16384 bytes)
[    0.472475] Mountpoint-cache hash table entries: 2048 (order: 2, 16384 bytes)
[    0.473690] Initializing cgroup subsys io
[    0.474498] Initializing cgroup subsys memory
[    0.475425] Initializing cgroup subsys devices
[    0.476248] Initializing cgroup subsys freezer
[    0.477041] Initializing cgroup subsys net_cls
[    0.477788] Initializing cgroup subsys perf_event
[    0.478565] Initializing cgroup subsys net_prio
[    0.479441] Initializing cgroup subsys hugetlb
[     0.480392] Initializing cgroup subsys pids
[    0.482138] mce: CPU supports 0 MCE banks
[    0.483088] Last level iTLB entries: 4KB 64, 2MB 8, 4MB 8
[    0.484252] Last level dTLB entries: 4KB 64, 2MB 0, 4MB 0, 1GB 4
[    0.485532] Spectre V2 : Mitigation: Full generic retpoline
[    0.486653] Spectre V2 : Speculation control IBPB not-supported IBRS not-supported
[    0.488082] Speculative Store Bypass: Vulnerable
[    0.491456] Freeing SMP alternatives memory: 32K
[    0.633566] ftrace: allocating 32266 entries in 127 pages
[    0.733688] smpboot: APIC(0) Converting physical 0 to logical package 0
[    0.737004] smpboot: Max logical packages: 1
[    0.738143] x2apic enabled
[    0.739032] Switched APIC routing to physical x2apic.
[    0.741317] ..TIMER: vector=0x30 apic1=0 pin1=2 apic2=-1 pin2=-1
[    0.848072] smpboot: CPU0: Intel(R) Xeon(R) CPU E5-2620 v4 @ 2.10GHz (family: 0x6, model: 0x4f, stepping: 0x1)
[    1.019047] Performance Events: unsupported p6 CPU model 79 no PMU driver, software events only.
[    1.020978] KVM setup paravirtual spinlock
[    1.022530] x86: Booting SMP configuration:
[    1.023446] .... node  #0, CPUs:      #1
[    1.024589] kvm-clock: cpu 1, msr 0:3ffe3041, secondary cpu clock
[    1.027170] mce: CPU supports 0 MCE banks
[    1.030170] x86: Booted up 1 node, 2 CPUs
[    1.031229] smpboot: Total of 2 processors activated (8399.92 BogoMIPS)
[    1.032943] devtmpfs: initialized
[    1.035538] evm: security.selinux
[    1.036319] evm: security.SMACK64
[    1.037102] evm: security.SMACK64EXEC
[    1.037970] evm: security.SMACK64TRANSMUTE
[    1.038895] evm: security.SMACK64MMAP
[    1.039679] evm: security.ima
[    1.040406] evm: security.capability
[    1.041377] clocksource: jiffies: mask: 0xffffffff max_cycles: 0xffffffff, max_idle_ns: 7645041785100000 ns
[    1.043391] futex hash table entries: 512 (order: 3, 32768 bytes)
[    1.044844] pinctrl core: initialized pinctrl subsystem
[    1.046052] RTC time:  0:17:41, date: 09/29/18
[    1.047211] NET: Registered protocol family 16
[    1.092051] cpuidle: using governor ladder
[    1.124020] cpuidle: using governor menu
[    1.159771] PCCT header not found.
[    1.187624] ACPI: bus type PCI registered
[    1.188408] acpiphp: ACPI Hot Plug PCI Controller Driver version: 0.5
[    1.189585] PCI: Using configuration type 1 for base access
[    1.200581] ACPI: Added _OSI(Module Device)
[    1.201365] ACPI: Added _OSI(Processor Device)
[    1.202117] ACPI: Added _OSI(3.0 _SCP Extensions)
[    1.202993] ACPI: Added _OSI(Processor Aggregator Device)
[    1.204806] ACPI: Executed 1 blocks of module-level executable AML code
[    1.207962] ACPI: Interpreter enabled
[    1.208692] ACPI: (supports S0 S5)
[    1.209324] ACPI: Using IOAPIC for interrupt routing
[    1.210283] PCI: Using host bridge windows from ACPI; if necessary, use "pci=nocrs" and report a bug
[    1.215473] ACPI: PCI Root Bridge [PCI0] (domain 0000 [bus 00-ff])
[    1.217578] acpi PNP0A03:00: _OSC: OS supports [ASPM ClockPM Segments MSI]
[    1.219320] acpi PNP0A03:00: _OSC: not requesting OS control; OS requires [ExtendedConfig ASPM ClockPM MSI]
[    1.220990] acpi PNP0A03:00: fail to add MMCONFIG information, can't access extended PCI configuration space under this bridge.
[    1.223157] PCI host bridge to bus 0000:00
[    1.224013] pci_bus 0000:00: root bus resource [io  0x0000-0x0cf7 window]
[    1.225061] pci_bus 0000:00: root bus resource [io  0x0d00-0xffff window]
[    1.226087] pci_bus 0000:00: root bus resource [mem 0x000a0000-0x000bffff window]
[    1.227507] pci_bus 0000:00: root bus resource [mem 0x40000000-0xfdffffff window]
[    1.228872] pci_bus 0000:00: root bus resource [bus 00-ff]
[    1.231332] pci 0000:00:01.1: legacy IDE quirk: reg 0x10: [io  0x01f0-0x01f7]
[    1.232480] pci 0000:00:01.1: legacy IDE quirk: reg 0x14: [io  0x03f6]
[    1.233494] pci 0000:00:01.1: legacy IDE quirk: reg 0x18: [io  0x0170-0x0177]
[    1.234733] pci 0000:00:01.1: legacy IDE quirk: reg 0x1c: [io  0x0376]
[    1.256644] pci 0000:00:07.0: quirk: [io  0x4000-0x403f] claimed by PIIX4 ACPI
[    1.267025] pci 0000:00:07.0: quirk: [io  0x4100-0x410f] claimed by PIIX4 SMB
[    1.292842] ACPI: PCI Interrupt Link [LNKA] (IRQs 5 9 10 *11)
[    1.294488] ACPI: PCI Interrupt Link [LNKB] (IRQs 5 9 *10 11)
[    1.295947] ACPI: PCI Interrupt Link [LNKC] (IRQs 5 *9 10 11)
[    1.297364] ACPI: PCI Interrupt Link [LNKD] (IRQs 5 9 10 *11)
[    1.298882] ACPI: Enabled 2 GPEs in block 00 to 07
[    1.300218] vgaarb: setting as boot device: PCI:0000:00:02.0
[    1.301183] vgaarb: device added: PCI:0000:00:02.0,decodes=io+mem,owns=io+mem,locks=none
[    1.302710] vgaarb: loaded
[    1.303333] vgaarb: bridge control possible 0000:00:02.0
[    1.304592] SCSI subsystem initialized
[    1.305505] ACPI: bus type USB registered
[    1.306300] usbcore: registered new interface driver usbfs
[    1.307397] usbcore: registered new interface driver hub
[    1.308428] usbcore: registered new device driver usb
[    1.310406] PCI: Using ACPI for IRQ routing
[    1.311598] NetLabel: Initializing
[    1.312326] NetLabel:  domain hash size = 128
[    1.313168] NetLabel:  protocols = UNLABELED CIPSOv4
[    1.314142] NetLabel:  unlabeled traffic allowed by default
[    1.315389] amd_nb: Cannot enumerate AMD northbridges
[    1.316408] clocksource: Switched to clocksource kvm-clock
[    1.324740] AppArmor: AppArmor Filesystem Enabled
[    1.325676] pnp: PnP ACPI init
[    1.327111] pnp: PnP ACPI: found 3 devices
[    1.337682] clocksource: acpi_pm: mask: 0xffffff max_cycles: 0xffffff, max_idle_ns: 2085701024 ns
[    1.339348] NET: Registered protocol family 2
[    1.340288] TCP established hash table entries: 8192 (order: 4, 65536 bytes)
[    1.341457] TCP bind hash table entries: 8192 (order: 5, 131072 bytes)
[    1.342638] TCP: Hash tables configured (established 8192 bind 8192)
[    1.343940] UDP hash table entries: 512 (order: 2, 16384 bytes)
[    1.344994] UDP-Lite hash table entries: 512 (order: 2, 16384 bytes)
[    1.346120] NET: Registered protocol family 1
[    1.347000] pci 0000:00:00.0: Limiting direct PCI/PCI transfers
[    1.348115] pci 0000:00:01.0: Activating ISA DMA hang workarounds
[    1.349328] Unpacking initramfs...
[    1.564289] Freeing initrd memory: 14796K
[    1.565271] platform rtc_cmos: registered platform RTC device (no PNP device found)
[    1.566735] Scanning for low memory corruption every 60 seconds
[    1.568269] audit: initializing netlink subsys (disabled)
[    1.569283] audit: type=2000 audit(1538180265.903:1): initialized
[    1.570598] Initialise system trusted keyring
[    1.571649] HugeTLB registered 2 MB page size, pre-allocated 0 pages
[    1.574275] zbud: loaded
[    1.575288] VFS: Disk quotas dquot_6.6.0
[    1.576846] VFS: Dquot-cache hash table entries: 512 (order 0, 4096 bytes)
[    1.579234] squashfs: version 4.0 (2009/01/31) Phillip Lougher
[    1.580617] fuse init (API version 7.23)
[    1.581590] Key type big_key registered
[    1.582356] Allocating IMA MOK and blacklist keyrings.
[    1.584911] Key type asymmetric registered
[    1.585723] Asymmetric key parser 'x509' registered
[    1.586621] Block layer SCSI generic (bsg) driver version 0.4 loaded (major 249)
[    1.588103] io scheduler noop registered
[    1.588877] io scheduler deadline registered (default)
[    1.589810] io scheduler cfq registered
[    1.590628] pci_hotplug: PCI Hot Plug PCI Core version: 0.5
[    1.591637] pciehp: PCI Express Hot Plug Controller Driver version: 0.4
[    1.592921] ACPI: AC Adapter [AC] (on-line)
[    1.593750] input: Power Button as /devices/LNXSYSTM:00/LNXPWRBN:00/input/input0
[    1.595152] ACPI: Power Button [PWRF]
[    1.595881] input: Sleep Button as /devices/LNXSYSTM:00/LNXSLPBN:00/input/input1
[    1.597227] ACPI: Sleep Button [SLPF]
[    1.598123] GHES: HEST is not enabled!
[    1.599059] Serial: 8250/16550 driver, 32 ports, IRQ sharing enabled
[    1.621956] 00:02: ttyS0 at I/O 0x3f8 (irq = 4, base_baud = 115200) is a 16550A
[    1.626257] Linux agpgart interface v0.103
[    1.629187] loop: module loaded
[    1.630462] scsi host0: ata_piix
[    1.631337] scsi host1: ata_piix
[    1.632029] ata1: PATA max UDMA/33 cmd 0x1f0 ctl 0x3f6 bmdma 0xd000 irq 14
[    1.633171] ata2: PATA max UDMA/33 cmd 0x170 ctl 0x376 bmdma 0xd008 irq 15
[    1.634415] libphy: Fixed MDIO Bus: probed
[    1.635401] tun: Universal TUN/TAP device driver, 1.6
[    1.636281] tun: (C) 1999-2004 Max Krasnyansky <maxk@qualcomm.com>
[    1.637554] PPP generic driver version 2.4.2
[    1.638476] ehci_hcd: USB 2.0 'Enhanced' Host Controller (EHCI) Driver
[    1.639582] ehci-pci: EHCI PCI platform driver
[    1.640440] ehci-platform: EHCI generic platform driver
[    1.641403] ohci_hcd: USB 1.1 'Open' Host Controller (OHCI) Driver
[    1.642493] ohci-pci: OHCI PCI platform driver
[    1.643409] ohci-platform: OHCI generic platform driver
[    1.644442] uhci_hcd: USB Universal Host Controller Interface driver
[    1.645581] i8042: PNP: PS/2 Controller [PNP0303:PS2K,PNP0f03:PS2M] at 0x60,0x64 irq 1,12
[    1.647566] serio: i8042 KBD port at 0x60,0x64 irq 1
[    1.648624] serio: i8042 AUX port at 0x60,0x64 irq 12
[    1.649950] mousedev: PS/2 mouse device common for all mice
[    1.651527] input: AT Translated Set 2 keyboard as /devices/platform/i8042/serio0/input/input2
[    1.653873] rtc_cmos rtc_cmos: rtc core: registered rtc_cmos as rtc0
[    1.655188] rtc_cmos rtc_cmos: alarms up to one day, 114 bytes nvram
[    1.656563] i2c /dev entries driver
[    1.657389] device-mapper: uevent: version 1.0.3
[    1.658561] device-mapper: ioctl: 4.34.0-ioctl (2015-10-28) initialised: dm-devel@redhat.com
[    1.660255] ledtrig-cpu: registered to indicate activity on CPUs
[    1.661766] NET: Registered protocol family 10
[    1.662869] NET: Registered protocol family 17
[    1.663919] Key type dns_resolver registered
[    1.665291] registered taskstats version 1
[    1.666089] Loading compiled-in X.509 certificates
[    1.667664] Loaded X.509 cert 'Build time autogenerated kernel key: b7189ebc996fd79c52efc1226b6676b25e4f6a2d'
[    1.669492] zswap: loaded using pool lzo/zbud
[    1.673765] Key type trusted registered
[    1.680327] Key type encrypted registered
[    1.681106] AppArmor: AppArmor sha1 policy hashing enabled
[    1.682124] ima: No TPM chip found, activating TPM-bypass!
[    1.683178] ima: Allocated hash algorithm: sha1
[    1.684127] evm: HMAC attrs: 0x1
[    1.685297]   Magic number: 2:913:254
[    1.686171] rtc_cmos rtc_cmos: setting system clock to 2018-09-29 00:17:42 UTC (1538180262)
[    1.687918] BIOS EDD facility v0.16 2004-Jun-25, 0 devices found
[    1.688989] EDD information not available.
[    1.793947] Freeing unused kernel memory: 1516K
[    2.445885] Write protecting the kernel read-only data: 14336k
[    2.834117] tsc: Refined TSC clocksource calibration: 2100.444 MHz
[    3.634060] clocksource: tsc: mask: 0xffffffffffffffff max_cycles: 0x1e46d3f8b21, max_idle_ns: 440795293739 ns
[    4.545343] Freeing unused kernel memory: 1672K
[    4.564856] Freeing unused kernel memory: 92K
Loading, please wait...
starting version[    4.590183] random: systemd-udevd: uninitialized urandom read (16 bytes read, 5 bits of entropy available)
 229
[    4.591782] random: udevadm: uninitialized urandom read (16 bytes read, 5 bits of entropy available)
[    4.591819] random: udevadm: uninitialized urandom read (16 bytes read, 5 bits of entropy available)
[    4.606734] random: udevadm: uninitialized urandom read (16 bytes read, 5 bits of entropy available)
[    4.606816] random: udevadm: uninitialized urandom read (16 bytes read, 5 bits of entropy available)
[    4.607082] random: udevadm: uninitialized urandom read (16 bytes read, 5 bits of entropy available)
[    4.607170] random: udevadm: uninitialized urandom read (16 bytes read, 5 bits of entropy available)
[    4.607259] random: udevadm: uninitialized urandom read (16 bytes read, 5 bits of entropy available)
[    4.607347] random: udevadm: uninitialized urandom read (16 bytes read, 5 bits of entropy available)
[    4.607433] random: udevadm: uninitialized urandom read (16 bytes read, 5 bits of entropy available)
[    5.777843] e1000: Intel(R) PRO/1000 Network Driver - version 7.3.21-k8-NAPI
[    5.779160] e1000: Copyright (c) 1999-2006 Intel Corporation.
[    5.783669] Fusion MPT base driver 3.04.20
[    5.784617] Copyright (c) 1999-2008 LSI Corporation
[    5.803542] Fusion MPT SPI Host driver 3.04.20
[    5.810479] AVX2 version of gcm_enc/dec engaged.
[    5.811493] AES CTR mode by8 optimization enabled
[    5.994078] input: ImExPS/2 Generic Explorer Mouse as /devices/platform/i8042/serio1/input/input4
[    6.121461] e1000 0000:00:03.0 eth0: (PCI:33MHz:32-bit) 02:fb:a8:4c:29:d0
[    6.121470] e1000 0000:00:03.0 eth0: Intel(R) PRO/1000 Network Connection
[    6.123909] mptbase: ioc0: Initiating bringup
[    6.244878] ioc0: LSI53C1030 A0: Capabilities={Initiator}
[    6.406722] scsi host2: ioc0: LSI53C1030 A0, FwRev=00000000h, Ports=1, MaxQ=256, IRQ=20
[    6.937120] scsi 2:0:0:0: Direct-Access     VBOX     HARDDISK         1.0  PQ: 0 ANSI: 5
[    6.940528] scsi target2:0:0: Beginning Domain Validation
[    6.946396] scsi target2:0:0: Domain Validation skipping write tests
[    6.948814] scsi target2:0:0: Ending Domain Validation
[    6.965536] scsi target2:0:0: asynchronous
[    6.967825] scsi 2:0:1:0: Direct-Access     VBOX     HARDDISK         1.0  PQ: 0 ANSI: 5
[    6.970772] scsi target2:0:1: Beginning Domain Validation
[    6.974473] scsi target2:0:1: Domain Validation skipping write tests
[    6.976503] scsi target2:0:1: Ending Domain Validation
[    6.987807] scsi target2:0:1: asynchronous
[    7.066253] sd 2:0:0:0: Attached scsi generic sg0 type 0
[    7.217518] sd 2:0:0:0: [sda] 20971520 512-byte logical blocks: (10.7 GB/10.0 GiB)
[    7.353837] e1000 0000:00:08.0 eth1: (PCI:33MHz:32-bit) 08:00:27:f2:a8:0c
[    7.353842] e1000 0000:00:08.0 eth1: Intel(R) PRO/1000 Network Connection
[    7.546038] sd 2:0:1:0: Attached scsi generic sg1 type 0
[    7.548887] sd 2:0:1:0: [sdb] 20480 512-byte logical blocks: (10.5 MB/10.0 MiB)
[    7.552548] sd 2:0:0:0: [sda] Write Protect is off
[    7.554896] sd 2:0:1:0: [sdb] Write Protect is off
[    7.563434] sd 2:0:0:0: [sda] Incomplete mode parameter data
[    7.565620] sd 2:0:0:0: [sda] Assuming drive cache: write through
[    7.568613] sd 2:0:1:0: [sdb] Incomplete mode parameter data
[    7.570842] sd 2:0:1:0: [sdb] Assuming drive cache: write through
[    7.574435]  sda: sda1
[    7.576491] sd 2:0:0:0: [sda] Attached SCSI disk
[    7.604225] sd 2:0:1:0: [sdb] Attached SCSI disk
[    7.755858] e1000 0000:00:09.0 eth2: (PCI:33MHz:32-bit) 08:00:27:d0:d6:0d
[    8.404115] e1000 0000:00:09.0 eth2: Intel(R) PRO/1000 Network Connection
[    9.434024] e1000 0000:00:0a.0 eth3: (PCI:33MHz:32-bit) 08:00:27:2c:7f:54
[    9.534759] e1000 0000:00:0a.0 eth3: Intel(R) PRO/1000 Network Connection
[    9.537205] e1000 0000:00:03.0 enp0s3: renamed from eth0
[    9.548716] e1000 0000:00:08.0 enp0s8: renamed from eth1
[    9.560540] e1000 0000:00:09.0 enp0s9: renamed from eth2
[    9.573224] e1000 0000:00:0a.0 enp0s10: renamed from eth3
Begin: Loading e[   11.048053] md: linear personality registered for level -1
ssential drivers ... [   11.054472] md: multipath personality registered for level -4
[   11.060310] md: raid0 personality registered for level 0
[   11.066655] md: raid1 personality registered for level 1
[   11.140478] raid6: sse2x1   gen()  6346 MB/s
[   11.208474] raid6: sse2x1   xor()  5053 MB/s
[   11.280474] raid6: sse2x2   gen()  8293 MB/s
[   11.440471] raid6: sse2x2   xor()  5464 MB/s
[   11.636493] raid6: sse2x4   gen()  9661 MB/s
[   11.824457] raid6: sse2x4   xor()  9339 MB/s
[   11.916518] raid6: avx2x1   gen() 16958 MB/s
[   11.988485] raid6: avx2x2   gen() 19879 MB/s
[   12.160498] raid6: avx2x4   gen() 23578 MB/s
[   12.177064] raid6: using algorithm avx2x4 gen() 23578 MB/s
[   12.178150] raid6: using avx2x2 recovery algorithm
[   12.181927] xor: automatically using best checksumming function:
[   12.243533]    avx       : 34033.000 MB/sec
[   12.525335] async_tx: api initialized (async)
[   12.664041] md: raid6 personality registered for level 6
[   12.771688] md: raid5 personality registered for level 5
[   12.920953] md: raid4 personality registered for level 4
[   12.981803] md: raid10 personality registered for level 10
done.
Begin: Running /scripts/init-premount ... done.
Begin: Mounting root file system ... Begin: Running /scripts/local-top ... done.
Begin: Running /scripts/local-premount ... [   13.033754] Btrfs loaded
Scanning for Btrfs filesystems
done.
Warning: fsck no[   13.308259] EXT4-fs (sda1): INFO: recovery required on readonly filesystem
t present, so skipping root file[   13.315111] EXT4-fs (sda1): write access will be enabled during recovery
 system
[   13.433908] EXT4-fs (sda1): recovery complete
[   13.854229] EXT4-fs (sda1): mounted filesystem with ordered data mode. Opts: (null)
done.
Begin: Running /scripts/local-bottom ... done.
Begin: Running /scripts/init-bottom ... done.
[   14.880019] random: nonblocking pool is initialized
[   14.906400] systemd[1]: systemd 229 running in system mode. (+PAM +AUDIT +SELINUX +IMA +APPARMOR +SMACK +SYSVINIT +UTMP +LIBCRYPTSETUP +GCRYPT +GNUTLS +ACL +XZ -LZ4 +SECCOMP +BLKID +ELFUTILS +KMOD -IDN)
[   14.911605] systemd[1]: Detected virtualization oracle.
[   14.913136] systemd[1]: Detected architecture x86-64.

Welcome to [1mUbuntu 16.04.5 LTS[0m!

[   14.939248] systemd[1]: Set hostname to <client00>.
[ 15249] systemd[1]: Reached target Swap.
[[0;32m  OK  [0m] Reached target Swap.
[   15.676974] systemd[1]: Created slice User and Session Slice.
[[0;32m  OK  [0m] Created slice User and Session Slice.
[   15.679843] systemd[1]: Reached target System Time Synchronized.
[[0;32m  OK  [0m] Reached target System Time Synchronized.
[   15.682765] systemd[1]: Listening on Journal Audit Socket.
[[0;32m  OK  [0m] Listening on Journal Audit Socket.
[   15.685583] systemd[1]: Listening on Device-mapper event daemon FIFOs.
[[0;32m  OK  [0m] Listening on Device-mapper event daemon FIFOs.
[   15.688626] systemd[1]: Listening on Syslog Socket.
[[0;32m  OK  [0m] Listening on Syslog Socket.
[   15.691152] systemd[1]: Listening on LVM2 metadata daemon socket.
[[0;32m  OK  [0m] Listening on LVM2 metadata daemon socket.
[   15.828788] systemd[1]: Started Forward Password Requests to Wall Directory Watch.
[[0;32m  OK  [0m] Started Forward Password Requests to Wall Directory Watch.
[   16.247262] systemd[1]: Listening on udev Kernel Socket.
[[0;32m  OK  [0m] Listening on udev Kernel Socket.
[   16.249946] systemd[1]: Started Trigger resolvconf update for networkd DNS.
[[0;32m  OK  [0m] Started Trigger resolvconf update for networkd DNS.
[   16.253101] systemd[1]: Listening on /dev/initctl Compatibility Named Pipe.
[[0;32m  OK  [0m] Listening on /dev/initctl Compatibility Named Pipe.
[   16.256180] systemd[1]: Reached target User and Group Name Lookups.
[[0;32m  OK  [0m] Reached target User and Group Name Lookups.
[   16.259113] systemd[1]: Listening on Journal Socket (/dev/log).
[[0;32m  OK  [0m] Listening on Journal Socket (/dev/log).
[   16.261933] systemd[1]: Listening on LVM2 poll daemon socket.
[[0;32m  OK  [0m] Listening on LVM2 poll daemon socket.
[   16.265470] systemd[1]: Created slice System Slice.
[[0;32m  OK  [0m] Created slice System Slice.
[   16.268689] systemd[1]: Reached target Slices.
[[0;32m  OK  [0m] Reached target Slices.
[   16.271362] systemd[1]: Created slice system-serial\x2dgetty.slice.
[[0;32m  OK  [0m] Created slice system-serial\x2dgetty.slice.
[   16.274268] systemd[1]: Reached target Encrypted Volumes.
[[0;32m  OK  [0m] Reached target Encrypted Volumes.
[   16.276971] systemd[1]: Listening on Journal Socket.
[[0;32m  OK  [0m] Listening on Journal Socket.
[   16.292607] systemd[1]: Mounting Huge Pages File System...
         Mounting Huge Pages File System...
[   16.295937] systemd[1]: Mounting POSIX Message Queue File System...
         Mounting POSIX Message Queue File System...
[   16.299441] systemd[1]: Starting Nameserver information manager...
         Starting Nameserver information manager...
[   16.302911] systemd[1]: Mounting Debug File System...
         Mounting Debug File System...
[   16.307125] systemd[1]: Starting Uncomplicated firewall...
         Starting Uncomplicated firewall...
[   16.312271] systemd[1]: Starting Set console keymap...
         Starting Set console keymap...
[   16.316931] systemd[1]: Starting Create list of required static device nodes for the current kernel...
         Starting Create list of required st... nodes for the current kernel...
[   16.321531] systemd[1]: Starting Remount Root and Kernel File Systems...
         Starting Remount Root and Kernel File Systems...
[   16.325311] systemd[1]: Starting Journal Service...
         Starting Journal Service...
[   16.329266] systemd[1]: Starting Monitoring of LVM2 mirrors, snapshots etc. using dmeventd or progress polling...
         Starting Monitoring of LVM2 mirrors... dmeventd or progress polling...
[   16.333520] systemd[1]: Listening on udev Control Socket.
[[0;32m  OK  [0m] Listening on udev Control Socket.
[   16.336584] systemd[1]: Set up automount Arbitrary Executable File Formats File System Automount Point.
[[0;32m  OK  [0m] Set up automount Arbitrary Executab...ats File System Automount Point.
[   16.380743] systemd[1]: Starting Load Kernel Modules...
         Starting Load Kernel Modules...[   16.383909] EXT4-fs (sda1): re-mounted. Opts: (null)

[   16.391690] systemd[1]: Mounted POSIX Message Queue File System.
[[0;32m  OK  [0m] Mounted POSIX Message Queue File System.
[   16.397616] systemd[1]: Mounted Debug File System.
[[0;32m  OK  [0m] Mounted Debug File System.
[   16.403962] systemd[1]: Mounted Huge Pages File System.
[[0;32m  OK  [0m] Mounted Huge Pages File System.
[   16.425608] systemd[1]: Started Uncomplicated firewall.
[[0;32m  OK  [0m] Started Uncomplicated firewall.
[   16.433516] Loading iSCSI transport class v2.0-870.
[   16.438257] systemd[1]: Started Create list of required static device nodes for the current kernel.
[[0;32m  OK  [0m] Started Create list of required sta...ce nodes for the current kernel.
[   16.443476] systemd[1]: Started Remount Root and Kernel File Systems.
[[0;32m  OK  [0m] Started Remount Root and Kernel File Systems.
[   16.447442] systemd[1]: Started Nameserver information manager.
[[0;32m  OK  [0m] Started Nameserver information manager.
[   16.468245] systemd[1]: Started Journal Service.
[[0;32m  OK  [0m] Started Journal Service.
[   16.505550] iscsi: registered transport (tcp)
[[0;32m  OK  [0m] Started LVM2 metadata daemon.
         Starting udev Coldplug all Devices...
         Starting Load/Save Random Seed...
         Starting Flush Journal to Persistent Storage...
         Starting Create Static Device Nodes in /dev...
[[0;32m  OK  [0m] Started Set console keymap.
[   16.709678] systemd-journald[383]: Received request to flush runtime journal from PID 1
[[0;32m  OK  [0m] Started udev Coldplug all Devices.
[[0;32m  OK  [0m] Started Load/Save Random Seed.
[[0;32m  OK  [0m] Started Flush Journal to Persistent Storage.
[[0;32m  OK  [0m] Started Monitoring of LVM2 mirrors,...ng dmevent[   17.432891] iscsi: registered transport (iser)
d or progress polling.
[[0;32m  OK  [0m] Started Load Kernel Modules.
[[0;32m  OK  [0m] Started Create Static Device Nodes in /dev.
         Starting udev Kernel Device Manager...
         Starting Apply Kernel Variables...
         Mounting FUSE Control File System...
[[0;32m  OK  [0m] Mounted FUSE Control File System.
[[0;32m  OK  [0m] Started Apply Kernel Variables.
[[0;32m  OK  [0m] Started udev Kernel Device Manager.
[[0;32m  OK  [0m] Started Dispatch Password Requests to Console Directory Watch.
[[0;32m  OK  [0m] Reached target Local File Systems (Pre).
[[0;32m  OK  [0m] Reached target Local File Systems.
         Starting Initial cloud-init job (pre-networking)...
         Starting Set console font and keymap...
         Starting Tell Plymouth To Write Out Runtime Data...
         Starting Create Volatile Files and Directories...
         Starting LSB: AppArmor initialization...
[[0;32m  OK  [0m] Started Create Volatile Files and Directories.
[[0;32m  OK  [0m] Started Tell Plymouth To Write Out Runtime Data.
         Starting Update UTMP about System Boot/Shutdown...
[[0;32m  OK  [0m] Started Update UTMP about System Boot/Shutdown.
[[0;32m  OK  [0m] Found device /dev/ttyS0.
[[0;32m  OK  [0m] Listening on Load/Save RF Kill Switch Status /dev/rfkill Watch.
[[0;32m  OK  [0m] Found device 82540EM Gigabit Ethern...r (PRO/1000 MT Desktop Adapter).
[[0;32m  OK  [0m] Found device 82540EM Gigabit Ethern...r (PRO/1000 MT Desktop Adapter).
[[0;32m  OK  [0m] Found device 82540EM Gigabit Ethern...r (PRO/1000 MT Desktop Adapter).
[[0;32m  OK  [0m] Started LSB: AppArmor initialization.
[[0;32m  OK  [0m] Found device 82540EM Gigabit Ethern...r (PRO/1000 MT Desktop Adapter).
[[0;32m  OK  [0m] Started Set console font and keymap.
[[0;32m  OK  [0m] Created slice system-getty.slice.
[   18.890729] cloud-init[476]: Cloud-init v. 18.3-9-g2e62cb8a-0ubuntu1~16.04.2 running 'init-local' at Sat, 29 Sep 2018 00:18:00 +0000. Up 18.53 seconds.
[[0;32m  OK  [0m] Started Initial cloud-init job (pre-networking).
[[0;32m  OK  [0m] Reached target Network (Pre).
[[0;32m  OK  [0m] Started ifup for enp0s9.
[[0;32m  OK  [0m] Started ifup for enp0s8.
[[0;32m  OK  [0m] Started ifup for enp0s3.
         Starting Raise network interfaces...
[[0;32m  OK  [0m] Started ifup for enp0s10.
[[0;32m  OK  [0m] Started Raise network interfaces.
[[0;32m  OK  [0m] Reached target Network.
         Starting Initial cloud-init job (metadata service crawler)...
[   20.211081] cloud-init[1362]: Cloud-init v. 18.3-9-g2e62cb8a-0ubuntu1~16.04.2 running 'init' at Sat, 29 Sep 2018 00:18:01 +0000. Up 19.60 seconds.
[   20.238171] cloud-init[1362]: ci-info: +++++++++++++++++++++++++++++++++++++++Net device info+++++++++++++++++++++++++++++++++++++++
[   20.241576] cloud-init[1362]: ci-info: +---------+------+-----------------------------+---------------+--------+-------------------+
[   20.244911] cloud-init[1362]: ci-info: |  Device |  Up  |           Address           |      Mask     | Scope  |     Hw-Address    |
[   20.248208] cloud-init[1362]: ci-info: +---------+------+-----------------------------+---------------+--------+-------------------+
[   20.251533] cloud-init[1362]: ci-info: | enp0s10 | True |       192.168.102.108       | 255.255.255.0 | global | 08:00:27:2c:7f:54 |
[   20.254666] cloud-init[1362]: ci-info: | enp0s10 | True | fe80::a00:27ff:fe2c:7f54/64 |       .       |  link  | 08:00:27:2c:7f:54 |
[   20.257785] cloud-init[1362]: ci-info: |  enp0s3 | True |          10.0.2.15          | 255.255.255.0 | global | 02:fb:a8:4c:29:d0 |
[   20.260864] cloud-init[1362]: ci-info: |  enp0s3 | True |  fe80::fb:a8ff:fe4c:29d0/64 |       .       |  link  | 02:fb:a8:4c:29:d0 |
[   20.263905] cloud-init[1362]: ci-info: |  enp0s8 | True |        192.168.100.4        | 255.255.255.0 | global | 08:00:27:f2:a8:0c |
[   20.266889] cloud-init[1362]: ci-info: |  enp0s8 | True | fe80::a00:27ff:fef2:a80c/64 |       .       |  link  | 08:00:27:f2:a8:0c |
[   20.269762] cloud-init[1362]: ci-info: |  enp0s9 | True |       192.168.101.106       | 255.255.255.0 | global | 08:00:27:d0:d6:0d |
[   20.272638] cloud-init[1362]: ci-info: |  enp0s9 | True | fe80::a00:27ff:fed0:d60d/64 |       .       |  link  | 08:00:27:d0:d6:0d |
[   20.276437] cloud-init[1362]: ci-info: |    lo   | True |          127.0.0.1          |   255.0.0.0   |  host  |         .         |
[   20.279196] cloud-init[1362]: ci-info: |    lo   | True |           ::1/128           |       .       |  host  |         .         |
[   20.281893] cloud-init[1362]: ci-info: +---------+------+-----------------------------+---------------+--------+-------------------+
[   20.288857] cloud-init[1362]: ci-info: ++++++++++++++++++++++++++++Route IPv4 info+++++++++++++++++++++++++++++
[   20.294691] cloud-init[1362]: ci-info: +-------+---------------+----------+---------------+-----------+-------+
[   20.297084] cloud-init[1362]: ci-info: | Route |  Destination  | Gateway  |    Genmask    | Interface | Flags |
[   20.299468] cloud-init[1362]: ci-info: +-------+---------------+----------+---------------+-----------+-------+
[   20.301852] cloud-init[1362]: ci-info: |   0   |    0.0.0.0    | 10.0.2.2 |    0.0.0.0    |   enp0s3  |   UG  |
[   20.304189] cloud-init[1362]: ci-info: |   1   |    10.0.2.0   | 0.0.0.0  | 255.255.255.0 |   enp0s3  |   U   |
[   20.306561] cloud-init[1362]: ci-info: |   2   | 192.168.100.0 | 0.0.0.0  | 255.255.255.0 |   enp0s8  |   U   |
[   20.308829] cloud-init[1362]: ci-info: |   3   | 192.168.101.0 | 0.0.0.0  | 255.255.255.0 |   enp0s9  |   U   |
[   20.311106] cloud-init[1362]: ci-info: |   4   | 192.168.102.0 | 0.0.0.0  | 255.255.255.0 |  enp0s10  |   U   |
[[0;32m  OK  [0m] Started Initial cloud-init job (metadata service crawler).
[[0;32m  OK  [0m] Reached target System Initialization.
[   20.313389] cloud-init[1362]: ci-info: +-------+---------------+----------+---------------+-----------+-------+
[   20.320558] cloud-init[1362]: ci-info: +++++++++++++++++++Route IPv6 info+++++++++++++++++++
[   20.322432] cloud-init[1362]: ci-info: +-------+-------------+---------+-----------+-------+
[[0;32m  OK  [0m] Started ACPI Events Check.
[[0;32m  OK  [0m] Reached target Paths.
[   20.324389] cloud-init[1362]: ci-info: | Route | Destination | Gateway | Interface | Flags |
[   20.327878] cloud-init[1362]: ci-info: +-------+-------------+---------+-----------+-------+
[   20.329922] cloud-init[1362]: ci-info: |   0   |  fe80::/64  |    ::   |   enp0s8  |   U   |
[   20.333142] cloud-init[1362]: ci-info: |   1   |  fe80::/64  |    ::   |   enp0s3  |   U   |
[   20.334931] cloud-init[1362]: ci-info: |   2   |  fe80::/64  |    ::   |  enp0s10  |   U   |
[   20.336700] cloud-init[1362]: ci-info: |   3   |  fe80::/64  |    ::   |   enp0s9  |   U   |
[   20.338599] cloud-init[1362]: ci-info: |   6   |   ff00::/8  |    ::   |   enp0s8  |   U   |
[   20.340350] cloud-init[1362]: ci-info: |   7   |   ff00::/8  |    ::   |   enp0s3  |   U   |
[   20.342321] cloud-init[1362]: ci-info: |   8   |   ff00::/8  |    ::   |  enp0s10  |   U   |
[   20.344223] cloud-init[1362]: ci-info: |   9   |   ff00::/8  |    ::   |   enp0s9  |   U   |
[[0;32m  OK  [0m] Started Daily apt download activities.
[[0;32m  OK  [0m] Started Daily apt upgrade and clean activities.
[[0;32m  OK  [0m] Listening on ACPID Listen Socket.
[   20.352187] cloud-init[1362]: ci-info: +-------+-------------+---------+-----------+-------+
[[0;32m  OK  [0m] Started Daily Cleanup of Temporary Directories.
[[0;32m  OK  [0m] Reached target Timers.
         Starting Socket activation for snappy daemon.
         Starting LXD - unix socket.
[[0;32m  OK  [0m] Listening on UUID daemon activation socket.
[[0;32m  OK  [0m] Listening on D-Bus System Message Bus Socket.
[[0;32m  OK  [0m] Reached target Cloud-config availability.
[[0;32m  OK  [0m] Reached target Network is Online.
         Starting iSCSI initiator daemon (iscsid)...
[[0;32m  OK  [0m] Listening on Socket activation for snappy daemon.
[[0;32m  OK  [0m] Listening on LXD - unix socket.
[[0;32m  OK  [0m] Reached target Sockets.
[[0;32m  OK  [0m] Reached target Basic System.
         Starting Accounts Service...
         Starting LSB: Record successful boot for GRUB...
         Starting LSB: MD monitoring daemon...
[[0;32m  OK  [0m] Started Deferred execution scheduler.
         Starting LXD - container startup/shutdown...
         Starting /etc/rc.local Compatibility...
         Starting Login Service...
         Starting System Logging Service...
[[0;32m  OK  [0m] Started FUSE filesystem for LXC.
[[0;32m  OK  [0m] Started D-Bus System Message Bus.
         Starting OpenBSD Secure Shell server...
[[0;32m  OK  [0m] Started Regular background program processing daemon.
         Starting Virtualbox guest utils...
[[0;32m  OK  [0m] Started ACPI event daemon.
[[0;32m  OK  [0m] Started Unattended Upgrades Shutdown.
         Starting Snappy daemon...
[[0;32m  OK  [0m] Started System Logging Service.
[[0;32m  OK  [0m] Started /etc/rc.local Compatibility.
[[0;32m  OK  [0m] Started OpenBSD Secure Shell server.
[[0;32m  OK  [0m] Started LSB: Record successful boot for GRUB.
[[0;32m  OK  [0m] Started iSCSI initiator daemon (iscsid).
[[0;32m  OK  [0m] Started Login Service.
         Starting Login to default iSCSI targets...
         Starting Authenticate and Authorize Users to Run Privileged Tasks...
[[0;32m  OK  [0m] Started LSB: MD monitoring daemon.
[[0;32m  OK  [0m] Started Authenticate and Authorize Users to Run Privileged Tasks.
[[0;32m  OK  [0m] Started Accounts Service.
[[0;32m  OK  [0m] Started LXD - container startup/shutdown.
[[0;32m  OK  [0m] Started Login to default iSCSI targets.
[[0;32m  OK  [0m] Reached target Remote File Systems (Pre).
[[0;32m  OK  [0m] Reached target Remote File Systems.
         Starting Permit User Sessions...
         Starting LSB: automatic crash report generation...
         Starting LSB: Set the CPU Frequency Scaling governor to "ondemand"...
         Starting LSB: daemon to balance interrupts for SMP systems...
[[0;32m  OK  [0m] Started Virtualbox guest utils.
[[0;32m  OK  [0m] Started Permit User Sessions.
         Starting Hold until boot process finishes up...
         Starting Terminate Plymouth Boot Screen...
[[0;32m  OK  [0m] Started LSB: Set the CPU Frequency Scaling governor to "ondemand".
[[0;32m  OK  [0m] Started Hold until boot process finishes up.
[[0;32m  OK  [0m] Started LSB: daemon to balance interrupts for SMP systems.
[[0;32m  OK  [0m] Started LSB: automatic crash report generation.
[[0;32m  OK  [0m] Started Terminate Plymouth Boot Screen.
[[0;32m  OK  [0m] Started Serial Getty on ttyS0.
[[0;32m  OK  [0m] Started Getty on tty1.
[[0;32m  OK  [0m] Reached target Login Prompts.
         Starting Set console scheme...
[[0;32m  OK  [0m] Started Set console scheme.
[[0;32m  OK  [0m] Started Snappy daemon.
         Starting Wait until snapd is fully seeded...
[[0;32m  OK  [0m] Started Wait until snapd is fully seeded.
         Starting Apply the settings specified in cloud-config...
[[0;32m  OK  [0m] Reached target Multi-User System.
[[0;32m  OK  [0m] Reached target Graphical Interface.
         Starting Update UTMP about System Runlevel Changes...
[[0;32m  OK  [0m] Started Update UTMP about System Runlevel Changes.
[   22.201524] cloud-init[1594]: Cloud-init v. 18.3-9-g2e62cb8a-0ubuntu1~16.04.2 running 'modules:config' at Sat, 29 Sep 2018 00:18:03 +0000. Up 22.05 seconds.
[[0;32m  OK  [0m] Started Apply the settings specified in cloud-config.
         Starting Execute cloud user/final scripts...
[   22.735839] cloud-init[1608]: Cloud-init v. 18.3-9-g2e62cb8a-0ubuntu1~16.04.2 running 'modules:final' at Sat, 29 Sep 2018 00:18:04 +0000. Up 22.59 seconds.
[   22.746392] cloud-init[1608]: Cloud-init v. 18.3-9-g2e62cb8a-0ubuntu1~16.04.2 finished at Sat, 29 Sep 2018 00:18:04 +0000. Datasource DataSourceNoCloud [seed=/dev/sdb][dsmode=net].  Up 22.72 seconds
[[0;32m  OK  [0m] Started Execute cloud user/final scripts.
[[0;32m  OK  [0m] Reached target Cloud-init target.

Ubuntu 16.04.5 LTS client00 ttyS0

client0[[0;32m  OK  [0m] Stopped target Graphical Interface.
         Stopping Daemon for generating UUIDs...
         Stopping Session 5 of user vagrant.
         Stopping Session 8 of user vagrant.
         Stopping Accounts Service...
[[0;32m  OK  [0m] Closed Load/Save RF Kill Switch Status /dev/rfkill Watch.
         Stopping Authenticate and Authorize Users to Run Privileged Tasks...
[[0;32m  OK  [0m] Stopped target Timers.
[[0;32m  OK  [0m] Stopped Daily apt upgrade and clean activities.
[[0;32m  OK  [0m] Stopped Daily apt download activities.
[[0;32m  OK  [0m] Stopped target System Time Synchronized.
[[0;32m  OK  [0m] Stopped target Cloud-init target.
[[0;32m  OK  [0m] Stopped Execute cloud user/final scripts.
[[0;32m  OK  [0m] Stopped Apply the settings specified in cloud-config.
[[0;32m  OK  [0m] Stopped target Cloud-config availability.
[[0;32m  OK  [0m] Stopped target Multi-User System.
         Stopping LSB: MD monitoring daemon...
         Stopping Regular background program processing daemon...
         Stopping Syste[[0;32m  OK  [0m] Closed Load/Save RF Kill Switch Status /dev/rfkill Watch.
         Stopping Authenticate and Authorize Users to Run Privileged Tasks...
[[0;32m  OK  [0m] Stopped target Graphical Interface.
         Stopping Accounts Service...
[[0;32m  OK  [0m] Stopped target Cloud-init target.
[[0;32m  OK  [0m] Stopped target Timers.
[[0;32m  OK  [0m] Stopped Daily apt upgrade and clean activities.
[[0;32m  OK  [0m] Stopped Daily Cleanup of Temporary Directories.
[[0;32m  OK  [0m] Stopped Execute cloud user/final scripts.
[[0;32m  OK  [0m] Stopped target Multi-User System.
         Stopping D-Bus System Message Bus...
[[0;32m  OK  [0m] Stopped target Login Prompts.
         Stopping Serial Getty on ttyS0...
         Stopping LSB: Controls chronyd NTP time d         Stopping OpenBSD Secure Shell server...
         Stopping LSB: Record successful boot for GRUB...
         Stopping LSB: MD monitoring daemon...
         Stopping LSB: automatic crash report generation...
         Stopping Unattended Upgrades Shutdown...
         Stopping Regular background program processing daemon...
         Stopping LSB: Set the CPU Frequency Scaling governor to "ondemand"...
         Stopping System Logging Service...
         Stopping FUSE filesystem for LXC...
[[0;32m  OK  [0m] Stopped Daily apt download activities.
         Stopping Session 1 of user vagrant.
         Stopping User Manager for UID 1000...
         Stopping ACPI event daemon...
         Stopping Session 6 of user vagrant.
         Stopping Virtualbox guest utils...
         Stopping Getty on tty1...
         Stopping LXD - container startup/shutdown...
         Stopping Session 3 of user vagrant.
[[0;32m  OK  [0m] Stopped Apply the settings specified in cloud-config.
[[0;32m  OK  [0m] Stopped target Cloud-config availability.
[[0;32m  OK  [0m] Stopped Wait until snapd is fully seeded.
         Stopping Snappy daemon...
         Stopping LSB: daemon to balance interrupts for SMP systems...
[[0;32m  OK  [0m] Unmounted /var/lib/lxcfs.
[[0;32m  OK  [0m] Stopped Accounts Service.
[[0;32m  OK  [0m] Stopped OpenBSD Secure Shell server.
[[0;32m  OK  [0m] Stopped System Logging Service.
[[0;32m  OK  [0m] Stopped Regular background program processing daemon.
[[0;32m  OK  [0m] Stopped Snappy daemon.
[[0;32m  OK  [0m] Stopped ACPI event daemon.
[[0;32m  OK  [0m] Stopped Deferred execution scheduler.
[[0;32m  OK  [0m] Stopped Authenticate and Authorize Users to Run Privileged Tasks.
[[0;32m  OK  [0m] Stopped Serial Getty on ttyS0.
[[0;32m  OK  [0m] Stopped Getty on tty1.
[[0;32m  OK  [0m] Stopped User Manager for UID 1000.
[[0;32m  OK  [0m] Stopped Session 1 of user vagrant.
[[0;32m  OK  [0m] Stopped D-Bus System Message Bus.
[[0;32m  OK  [0m] Stopped Session 6 of user vagrant.
[[0;32m  OK  [0m] Stopped Unattended Upgrades Shutdown.
[[0;32m  OK  [0m] Stopped FUSE filesystem for LXC.
[[0;32m  OK  [0m] Stopped Session 3 of user vagrant.
[[0;32m  OK  [0m] Stopped LSB: Record successful boot for GRUB.
[[0;32m  OK  [0m] Stopped LSB: Controls chronyd NTP time daemon.
[[0;32m  OK  [0m] Stopped LSB: MD monitoring daemon.
[[0;32m  OK  [0m] Stopped LSB: automatic crash report generation.
[[0;32m  OK  [0m] Stopped LSB: Set the CPU Frequency Scaling governor to "ondemand".
[[0;32m  OK  [0m] Stopped LXD - container startup/shutdown.
[[0;32m  OK  [0m] Stopped LSB: daemon to balance interrupts for SMP systems.
[[0;32m  OK  [0m] Stopped Virtualbox guest utils.
[[0;32m  OK  [0m] Stopped target Host and Network Name Lookups.
         Stopping dnsmasq - A lightweight DHCP and caching DNS server...
[[0;32m  OK  [0m] Stopped target System Time Synchronized.
[[0;32m  OK  [0m] Removed slice User Slice of vagrant.
         Stopping Login Service...
[[0;32m  OK  [0m] Removed slice system-getty.slice.
[[0;32m  OK  [0m] Stopped /etc/rc.local Compatibility.
[[0;32m  OK  [0m] Removed slice system-serial\x2dgetty.slice.
         Stopping Permit User Sessions...
[[0;32m  OK  [0m] Stopped Permit User Sessions.
[[0;32m  OK  [0m] Stopped target Remote File Systems.
[[0;32m  OK  [0m] Stopped target Remote File Systems (Pre).
         Stopping Login to default iSCSI targets...
[[0;32m  OK  [0m] Stopped dnsmasq - A lightweight DHCP and caching DNS server.
[[0;32m  OK  [0m] Stopped Login Service.
[[0;32m  OK  [0m] Stopped target Basic System.
[[0;32m  OK  [0m] Stopped target Sockets.
[[0;32m  OK  [0m] Closed LXD - unix socket.
[[0;32m  OK  [0m] Closed Syslog Socket.
[[0;32m  OK  [0m] Closed Socket activation for snappy daemon.
[[0;32m  OK  [0m] Closed UUID daemon activation socket.
[[0;32m  OK  [0m] Closed ACPID Listen Socket.
[[0;32m  OK  [0m] Stopped target Paths.
[[0;32m  OK  [0m] Stopped Forward Password Requests to Wall Directory Watch.
[[0;32m  OK  [0m] Stopped Dispatch Password Requests to Console Directory Watch.
[[0;32m  OK  [0m] Stopped ACPI Events Check.
[[0;32m  OK  [0m] Stopped target Slices.
[[0;32m  OK  [0m] Removed slice User and Session Slice.
[[0;32m  OK  [0m] Stopped target User and Group Name Lookups.
[[0;32m  OK  [0m] Closed D-Bus System Message Bus Socket.
[[0;32m  OK  [0m] Stopped target System Initialization.
[[0;32m  OK  [0m] Stopped target Encrypted Volumes.
         Stopping Update UTMP about System Boot/Shutdown...
         Stopping Load/Save Random Seed...
[[0;32m  OK  [0m] Stopped target Swap.
[[0;32m  OK  [0m] Stopped Load/Save Random Seed.
[[0;32m  OK  [0m] Stopped Update UTMP about System Boot/Shutdown.
[[0;32m  OK  [0m] Stopped Login to default iSCSI targets.
         Stopping iSCSI initiator daemon (iscsid)...
[[0;32m  OK  [0m] Stopped Create Volatile Files and Directories.
[[0;32m  OK  [0m] Stopped iSCSI initiator daemon (iscsid).
[[0;32m  OK  [0m] Stopped target Network is Online.
[[0;32m  OK  [0m] Stopped Initial cloud-init job (metadata service crawler).
[[0;32m  OK  [0m] Stopped target Network.
         Stopping Raise network interfaces...
[[0;32m  OK  [0m] Stopped Raise network interfaces.
[[0;32m  OK  [0m] Stopped target Local File Systems.
         Unmounting /vagrant...
         Unmounting /run/user/1000...
[[0;32m  OK  [0m] Stopped target Network (Pre).
[[0;32m  OK  [0m] Stopped Initial cloud-init job (pre-networking).
[[0;32m  OK  [0m] Stopped Apply Kernel Variables.
[[0;32m  OK  [0m] Stopped Load Kernel Modules.
[[0;32m  OK  [0m] Unmounted /vagrant.
[[0;32m  OK  [0m] Unmounted /run/user/1000.
[[0;32m  OK  [0m] Reached target Unmount All Filesystems.
[[0;32m  OK  [0m] Stopped target Local File Systems (Pre).
         Stopping Monitoring of LVM2 mirrors... dmeventd or progress polling...
[[0;32m  OK  [0m] Stopped Remount Root and Kernel File Systems.
[[0;32m  OK  [0m] Stopped Create Static Device Nodes in /dev.
[[0;32m  OK  [0m] Reached target Shutdown.
[ 2578.848161] reboot: Power down
